2026-06-13 21:20:36 | INFO | src.jobs_xlsx.get_baltic_freight_index | Baltic freight data job started | input_path=/Users/tommy/Desktop/Pycharm/FinancialData/data/freight/baltic dry index.xlsx
2026-06-13 21:20:36 | INFO | src.jobs_xlsx.get_baltic_freight_index | Excel file loaded | rows=9498 | columns=14
2026-06-13 21:20:37 | INFO | src.jobs_xlsx.get_baltic_freight_index | Baltic freight Parquet saved | output_path=/Users/tommy/Desktop/Pycharm/FinancialData/data_lake/raw/freight/baltic_index.parquet | rows=48727
2026-06-13 21:43:36 | INFO | src.jobs_xlsx.get_baltic_freight_index | Baltic freight data job started | input_path=/Users/tommy/Desktop/Pycharm/FinancialData/data/freight/baltic dry index.xlsx
2026-06-13 21:43:36 | INFO | src.jobs_xlsx.get_baltic_freight_index | Excel file loaded | rows=9498 | columns=14
2026-06-13 21:43:36 | INFO | src.jobs_xlsx.get_baltic_freight_index | Baltic freight Parquet saved | output_path=/Users/tommy/Desktop/Pycharm/FinancialData/data_lake/raw/freight/baltic_index.parquet | rows=48727
2026-06-14 16:30:14 | INFO | src.jobs_xlsx.get_baltic_freight_index | Baltic freight data job started | input_path=/Users/tommy/Desktop/Pycharm/FinancialData/data/freight/baltic dry index.xlsx
2026-06-14 16:30:15 | INFO | src.jobs_xlsx.get_baltic_freight_index | Excel file loaded | rows=9498 | columns=14
2026-06-14 16:30:15 | INFO | src.jobs_xlsx.get_baltic_freight_index | Baltic freight Parquet saved | output_path=/Users/tommy/Desktop/Pycharm/FinancialData/data_lake/raw/freight/baltic_index.parquet | rows=48727
2026-06-14 16:33:16 | INFO | src.jobs_xlsx.get_baltic_freight_index | Baltic freight data job started | input_path=/Users/tommy/Desktop/Pycharm/FinancialData/data/freight/baltic dry index.xlsx
2026-06-14 16:33:17 | INFO | src.jobs_xlsx.get_baltic_freight_index | Excel file loaded | rows=9498 | columns=14
2026-06-14 16:33:17 | INFO | src.jobs_xlsx.get_baltic_freight_index | Baltic freight Parquet saved | output_path=/Users/tommy/Desktop/Pycharm/FinancialData/data_lake/raw/freight/baltic_index.parquet | rows=48727
2026-06-14 16:35:56 | INFO | src.jobs_xlsx.get_baltic_freight_index | Baltic freight data job started | input_path=/Users/tommy/Desktop/Pycharm/FinancialData/data/freight/baltic dry index.xlsx
2026-06-14 16:35:56 | INFO | src.jobs_xlsx.get_baltic_freight_index | Excel file loaded | rows=9498 | columns=14
2026-06-14 16:35:56 | INFO | src.jobs_xlsx.get_baltic_freight_index | Baltic freight Parquet saved | output_path=/Users/tommy/Desktop/Pycharm/FinancialData/data_lake/raw/freight/baltic_index.parquet | rows=48727
2026-06-14 16:49:17 | INFO | src.jobs_xlsx.get_baltic_freight_index | Baltic freight data job started | input_path=/Users/tommy/Desktop/Pycharm/FinancialData/data/freight/baltic dry index.xlsx
2026-06-14 16:49:17 | INFO | src.jobs_xlsx.get_baltic_freight_index | Excel file loaded | rows=9498 | columns=14
2026-06-14 16:49:17 | INFO | src.jobs_xlsx.get_baltic_freight_index | Baltic freight Parquet saved | output_path=/Users/tommy/Desktop/Pycharm/FinancialData/data_lake/raw/freight/baltic_index.parquet | rows=48727
2026-06-14 16:56:29 | INFO | src.jobs_xlsx.get_baltic_freight_index | Baltic freight data job started | input_path=/Users/tommy/Desktop/Pycharm/FinancialData/data/freight/baltic dry index.xlsx
2026-06-14 16:56:30 | INFO | src.jobs_xlsx.get_baltic_freight_index | Excel file loaded | rows=9498 | columns=14
2026-06-14 16:56:30 | INFO | src.jobs_xlsx.get_baltic_freight_index | Baltic freight Parquet saved | output_path=/Users/tommy/Desktop/Pycharm/FinancialData/data_lake/raw/freight/baltic_index.parquet | rows=48727
2026-06-14 16:58:22 | INFO | src.jobs_xlsx.get_baltic_freight_index | Baltic freight data job started | input_path=/Users/tommy/Desktop/Pycharm/FinancialData/data/freight/baltic dry index.xlsx
2026-06-14 16:58:23 | INFO | src.jobs_xlsx.get_baltic_freight_index | Excel file loaded | rows=9498 | columns=14
2026-06-14 16:58:23 | INFO | src.jobs_xlsx.get_baltic_freight_index | Baltic freight Parquet saved | output_path=/Users/tommy/Desktop/Pycharm/FinancialData/data_lake/raw/freight/baltic_index.parquet | rows=48727
2026-06-14 16:58:50 | INFO | src.jobs_xlsx.get_baltic_freight_index | Baltic freight data job started | input_path=/Users/tommy/Desktop/Pycharm/FinancialData/data/freight/baltic dry index.xlsx
2026-06-14 16:58:50 | INFO | src.jobs_xlsx.get_baltic_freight_index | Excel file loaded | rows=9498 | columns=14
2026-06-14 16:58:50 | INFO | src.jobs_xlsx.get_baltic_freight_index | Baltic freight Parquet saved | output_path=/Users/tommy/Desktop/Pycharm/FinancialData/data_lake/raw/freight/baltic_index.parquet | rows=48727
2026-06-14 17:00:15 | INFO | src.jobs_xlsx.get_baltic_freight_index | Baltic freight data job started | input_path=/Users/tommy/Desktop/Pycharm/FinancialData/data/freight/baltic dry index.xlsx
2026-06-14 17:00:15 | INFO | src.jobs_xlsx.get_baltic_freight_index | Excel file loaded | rows=9498 | columns=14
2026-06-14 17:00:15 | INFO | src.jobs_xlsx.get_baltic_freight_index | Baltic freight Parquet saved | output_path=/Users/tommy/Desktop/Pycharm/FinancialData/data_lake/raw/freight/baltic_index.parquet | rows=48727
2026-06-14 17:03:18 | INFO | src.jobs_xlsx.get_baltic_freight_index | Baltic freight data job started | input_path=/Users/tommy/Desktop/Pycharm/FinancialData/data/freight/baltic dry index.xlsx
2026-06-14 17:03:19 | INFO | src.jobs_xlsx.get_baltic_freight_index | Excel file loaded | rows=9498 | columns=14
2026-06-14 17:03:19 | INFO | src.jobs_xlsx.get_baltic_freight_index | Baltic freight Parquet saved | output_path=/Users/tommy/Desktop/Pycharm/FinancialData/data_lake/raw/freight/baltic_index.parquet | rows=48727
2026-06-14 19:40:47 | INFO | src.jobs_xlsx.get_baltic_freight_index | Baltic freight data job started | input_path=/Users/tommy/Desktop/Pycharm/FinancialData/data/freight/baltic dry index.xlsx
2026-06-14 19:40:48 | INFO | src.jobs_xlsx.get_baltic_freight_index | Excel file loaded | rows=9498 | columns=14
2026-06-14 19:40:48 | INFO | src.jobs_xlsx.get_baltic_freight_index | Baltic freight Parquet saved | output_path=/Users/tommy/Desktop/Pycharm/FinancialData/data_lake/raw/freight/baltic_index.parquet | rows=48727
2026-06-14 19:43:18 | INFO | src.jobs_xlsx.get_baltic_freight_index | Baltic freight data job started | input_path=/Users/tommy/Desktop/Pycharm/FinancialData/data/freight/baltic dry index.xlsx
2026-06-14 19:43:18 | INFO | src.jobs_xlsx.get_baltic_freight_index | Excel file loaded | rows=9498 | columns=14
2026-06-14 19:43:19 | INFO | src.jobs_xlsx.get_baltic_freight_index | Baltic freight Parquet saved | output_path=/Users/tommy/Desktop/Pycharm/FinancialData/data_lake/raw/freight/baltic_index.parquet | rows=48727
2026-06-14 19:46:31 | INFO | src.jobs_xlsx.get_baltic_freight_index | Baltic freight data job started | input_path=/Users/tommy/Desktop/Pycharm/FinancialData/data/freight/baltic dry index.xlsx
2026-06-14 19:46:31 | INFO | src.jobs_xlsx.get_baltic_freight_index | Excel file loaded | rows=9498 | columns=14
2026-06-14 19:46:31 | INFO | src.jobs_xlsx.get_baltic_freight_index | Baltic freight Parquet saved | output_path=/Users/tommy/Desktop/Pycharm/FinancialData/data_lake/raw/freight/baltic_index.parquet | rows=48727
2026-06-15 09:10:14 | INFO | src.jobs_xlsx.get_baltic_freight_index | Baltic freight data job started | input_path=C:\Users\krm\PycharmProjects\AlternativeData\data\freight\baltic dry index.xlsx
2026-06-15 09:10:14 | INFO | src.jobs_xlsx.get_baltic_freight_index | Excel file loaded | rows=9498 | columns=14
2026-06-15 09:10:15 | INFO | src.jobs_xlsx.get_baltic_freight_index | Baltic freight Parquet saved | output_path=C:\Users\krm\PycharmProjects\AlternativeData\data_lake\raw\freight\baltic_index.parquet | rows=48727
2026-06-15 09:12:38 | INFO | src.jobs_xlsx.get_baltic_freight_index | Baltic freight data job started | input_path=C:\Users\krm\PycharmProjects\AlternativeData\data\freight\baltic dry index.xlsx
2026-06-15 09:12:38 | INFO | src.jobs_xlsx.get_baltic_freight_index | Excel file loaded | rows=9498 | columns=14
2026-06-15 09:12:38 | INFO | src.jobs_xlsx.get_baltic_freight_index | Baltic freight Parquet saved | output_path=C:\Users\krm\PycharmProjects\AlternativeData\data_lake\raw\freight\baltic_index.parquet | rows=48727
2026-06-15 09:15:14 | INFO | src.jobs_xlsx.get_baltic_freight_index | Baltic freight data job started | input_path=C:\Users\krm\PycharmProjects\AlternativeData\data\freight\baltic dry index.xlsx
2026-06-15 09:15:14 | INFO | src.jobs_xlsx.get_baltic_freight_index | Excel file loaded | rows=9498 | columns=14
2026-06-15 09:15:14 | INFO | src.jobs_xlsx.get_baltic_freight_index | Baltic freight Parquet saved | output_path=C:\Users\krm\PycharmProjects\AlternativeData\data_lake\raw\freight\baltic_index.parquet | rows=48727
2026-06-15 17:37:30 | INFO | src.jobs_xlsx.get_baltic_freight_index | Baltic freight data job started | input_path=C:\Users\krm\PycharmProjects\AlternativeData\data\freight\baltic dry index.xlsx
2026-06-15 17:37:31 | INFO | src.jobs_xlsx.get_baltic_freight_index | Excel file loaded | rows=9503 | columns=14
2026-06-15 17:37:31 | INFO | src.jobs_xlsx.get_baltic_freight_index | Baltic freight Parquet saved | output_path=C:\Users\krm\PycharmProjects\AlternativeData\data_lake\raw\freight\baltic_index.parquet | rows=48727
2026-06-15 17:41:21 | INFO | src.jobs_xlsx.get_baltic_freight_index | Baltic freight data job started | input_path=C:\Users\krm\PycharmProjects\AlternativeData\data\freight\baltic dry index.xlsx
2026-06-15 17:41:21 | INFO | src.jobs_xlsx.get_baltic_freight_index | Excel file loaded | rows=9503 | columns=14
2026-06-15 17:41:21 | INFO | src.jobs_xlsx.get_baltic_freight_index | Baltic freight Parquet saved | output_path=C:\Users\krm\PycharmProjects\AlternativeData\data_lake\raw\freight\baltic_index.parquet | rows=48727
2026-06-16 10:46:25 | INFO | src.jobs_xlsx.get_baltic_freight_index | Baltic freight data job started | input_path=C:\Users\krm\PycharmProjects\AlternativeData\data\freight\baltic dry index.xlsx
2026-06-16 10:46:26 | INFO | src.jobs_xlsx.get_baltic_freight_index | Excel file loaded | rows=9503 | columns=14
2026-06-16 10:46:26 | INFO | src.jobs_xlsx.get_baltic_freight_index | Baltic freight Parquet saved | output_path=C:\Users\krm\PycharmProjects\AlternativeData\data_lake\raw\freight\baltic_index.parquet | rows=48737
2026-06-16 11:01:47 | INFO | src.jobs_xlsx.get_baltic_freight_index | Baltic freight data job started | input_path=C:\Users\krm\PycharmProjects\AlternativeData\data\freight\baltic dry index.xlsx
2026-06-16 11:01:48 | INFO | src.jobs_xlsx.get_baltic_freight_index | Excel file loaded | rows=9503 | columns=14
2026-06-16 11:01:48 | INFO | src.jobs_xlsx.get_baltic_freight_index | Baltic freight Parquet saved | output_path=C:\Users\krm\PycharmProjects\AlternativeData\data_lake\raw\freight\baltic_index.parquet | rows=48737
2026-06-16 14:22:10 | INFO | src.jobs_xlsx.get_baltic_freight_index | Baltic freight data job started | input_path=C:\Users\krm\PycharmProjects\AlternativeData\data\freight\baltic dry index.xlsx
2026-06-16 14:22:10 | INFO | src.jobs_xlsx.get_baltic_freight_index | Excel file loaded | rows=9503 | columns=14
2026-06-16 14:22:11 | INFO | src.jobs_xlsx.get_baltic_freight_index | Baltic freight Parquet saved | output_path=C:\Users\krm\PycharmProjects\AlternativeData\data_lake\raw\freight\baltic_index.parquet | rows=48737
2026-06-16 14:28:51 | INFO | src.jobs_xlsx.get_baltic_freight_index | Baltic freight data job started | input_path=C:\Users\krm\PycharmProjects\AlternativeData\data\freight\baltic dry index.xlsx
2026-06-16 14:28:52 | INFO | src.jobs_xlsx.get_baltic_freight_index | Excel file loaded | rows=9503 | columns=14
2026-06-16 14:28:52 | INFO | src.jobs_xlsx.get_baltic_freight_index | Baltic freight Parquet saved | output_path=C:\Users\krm\PycharmProjects\AlternativeData\data_lake\raw\freight\baltic_index.parquet | rows=48737
2026-06-17 10:38:12 | INFO | src.jobs_xlsx.get_baltic_freight_index | Baltic freight data job started | input_path=C:\Users\krm\PycharmProjects\AlternativeData\data\freight\baltic dry index.xlsx
2026-06-17 10:38:12 | INFO | src.jobs_xlsx.get_baltic_freight_index | Excel file loaded | rows=9503 | columns=14
2026-06-17 10:38:13 | INFO | src.jobs_xlsx.get_baltic_freight_index | Baltic freight Parquet saved | output_path=C:\Users\krm\PycharmProjects\AlternativeData\data_lake\raw\freight\baltic_index.parquet | rows=48747
2026-06-18 17:14:50 | INFO | src.jobs_xlsx.freight.get_baltic_freight_index | Baltic freight data job started | input_path=C:\Users\krm\PycharmProjects\AlternativeData\data\freight\baltic dry index.xlsx
2026-06-18 17:14:51 | INFO | src.jobs_xlsx.freight.get_baltic_freight_index | Excel file loaded | rows=9503 | columns=14
2026-06-18 17:14:52 | INFO | src.jobs_xlsx.freight.get_baltic_freight_index | Baltic freight Parquet saved | output_path=C:\Users\krm\PycharmProjects\AlternativeData\data_lake\raw\freight\baltic_index.parquet | rows=48757
2026-06-19 14:05:31 | INFO | src.jobs_xlsx.freight.get_baltic_freight_index | Baltic freight data job started | input_path=C:\Users\krm\PycharmProjects\AlternativeData\data\freight\baltic dry index.xlsx
2026-06-19 14:05:31 | INFO | src.jobs_xlsx.freight.get_baltic_freight_index | Excel file loaded | rows=9503 | columns=14
2026-06-19 14:05:32 | INFO | src.jobs_xlsx.freight.get_baltic_freight_index | Baltic freight Parquet saved | output_path=C:\Users\krm\PycharmProjects\AlternativeData\data_lake\raw\freight\baltic_index.parquet | rows=48767
2026-06-24 14:54:37 | INFO | src.jobs_xlsx.freight.get_baltic_freight_index | Baltic freight data job started | input_path=C:\Users\krm\PycharmProjects\AlternativeData\data\freight\baltic dry index.xlsx
2026-06-24 14:54:38 | INFO | src.jobs_xlsx.freight.get_baltic_freight_index | Excel file loaded | rows=9508 | columns=14
2026-06-24 14:54:38 | INFO | src.jobs_xlsx.freight.get_baltic_freight_index | Baltic freight Parquet saved | output_path=C:\Users\krm\PycharmProjects\AlternativeData\data_lake\raw\freight\baltic_index.parquet | rows=48797
2026-06-27 11:21:11 | INFO | src.jobs_xlsx.freight.get_baltic_freight_index | Baltic freight data job started | input_path=C:\Users\Geust\PycharmProjects\AlternativeData\data\freight\baltic dry index.xlsx
2026-06-27 11:21:12 | INFO | src.jobs_xlsx.freight.get_baltic_freight_index | Excel file loaded | rows=9508 | columns=14
2026-06-27 11:21:12 | INFO | src.jobs_xlsx.freight.get_baltic_freight_index | Baltic freight Parquet saved | output_path=C:\Users\Geust\PycharmProjects\AlternativeData\data_lake\raw\freight\baltic_index.parquet | rows=48817
2026-06-27 15:21:52 | INFO | src.jobs_xlsx.freight.get_baltic_freight_index | Baltic freight data job started | input_path=/Users/tommy/Desktop/Pycharm/FinancialData/data/freight/baltic dry index.xlsx
2026-06-27 15:21:52 | INFO | src.jobs_xlsx.freight.get_baltic_freight_index | Excel file loaded | rows=9513 | columns=14
2026-06-27 15:21:55 | INFO | src.jobs_xlsx.freight.get_baltic_freight_index | Baltic freight Parquet saved | output_path=/Users/tommy/Desktop/Pycharm/FinancialData/data_lake/raw/freight/baltic_index.parquet | rows=48827
2026-06-27 17:57:38 | INFO | src.jobs_xlsx.freight.get_baltic_freight_index | Baltic freight data job started | input_path=/Users/tommy/Desktop/Pycharm/FinancialData/data/freight/baltic dry index.xlsx
2026-06-27 17:57:38 | INFO | src.jobs_xlsx.freight.get_baltic_freight_index | Excel file loaded | rows=9513 | columns=14
2026-06-27 17:57:39 | INFO | src.jobs_xlsx.freight.get_baltic_freight_index | Baltic freight Parquet saved | output_path=/Users/tommy/Desktop/Pycharm/FinancialData/data_lake/raw/freight/baltic_index.parquet | rows=48827
2026-06-27 17:59:52 | INFO | src.jobs_xlsx.freight.get_baltic_freight_index | Baltic freight data job started | input_path=/Users/tommy/Desktop/Pycharm/FinancialData/data/freight/baltic dry index.xlsx
2026-06-27 17:59:52 | INFO | src.jobs_xlsx.freight.get_baltic_freight_index | Excel file loaded | rows=9513 | columns=14
2026-06-27 17:59:52 | INFO | src.jobs_xlsx.freight.get_baltic_freight_index | Baltic freight Parquet saved | output_path=/Users/tommy/Desktop/Pycharm/FinancialData/data_lake/raw/freight/baltic_index.parquet | rows=48827
2026-06-27 18:05:12 | INFO | src.jobs_xlsx.freight.get_baltic_freight_index | Baltic freight data job started | input_path=/Users/tommy/Desktop/Pycharm/FinancialData/data/freight/baltic dry index.xlsx
2026-06-27 18:05:13 | INFO | src.jobs_xlsx.freight.get_baltic_freight_index | Excel file loaded | rows=9513 | columns=14
2026-06-27 18:05:13 | INFO | src.jobs_xlsx.freight.get_baltic_freight_index | Baltic freight Parquet saved | output_path=/Users/tommy/Desktop/Pycharm/FinancialData/data_lake/raw/freight/baltic_index.parquet | rows=48827
2026-06-27 18:09:22 | INFO | src.jobs_xlsx.freight.get_baltic_freight_index | Baltic freight data job started | input_path=/Users/tommy/Desktop/Pycharm/FinancialData/data/freight/baltic dry index.xlsx
2026-06-27 18:09:22 | INFO | src.jobs_xlsx.freight.get_baltic_freight_index | Excel file loaded | rows=9513 | columns=14
2026-06-27 18:09:23 | INFO | src.jobs_xlsx.freight.get_baltic_freight_index | Baltic freight Parquet saved | output_path=/Users/tommy/Desktop/Pycharm/FinancialData/data_lake/raw/freight/baltic_index.parquet | rows=48827
2026-06-27 18:14:17 | INFO | src.jobs_xlsx.freight.get_baltic_freight_index | Baltic freight data job started | input_path=/Users/tommy/Desktop/Pycharm/FinancialData/data/freight/baltic dry index.xlsx
2026-06-27 18:14:17 | INFO | src.jobs_xlsx.freight.get_baltic_freight_index | Excel file loaded | rows=9513 | columns=14
2026-06-27 18:14:17 | INFO | src.jobs_xlsx.freight.get_baltic_freight_index | Baltic freight Parquet saved | output_path=/Users/tommy/Desktop/Pycharm/FinancialData/data_lake/raw/freight/baltic_index.parquet | rows=48827
2026-06-27 18:34:07 | INFO | src.jobs_xlsx.freight.get_baltic_freight_index | Baltic freight data job started | input_path=/Users/tommy/Desktop/Pycharm/FinancialData/data/freight/baltic dry index.xlsx
2026-06-27 18:34:08 | INFO | src.jobs_xlsx.freight.get_baltic_freight_index | Excel file loaded | rows=9513 | columns=14
2026-06-27 18:34:08 | INFO | src.jobs_xlsx.freight.get_baltic_freight_index | Baltic freight Parquet saved | output_path=/Users/tommy/Desktop/Pycharm/FinancialData/data_lake/raw/freight/baltic_index.parquet | rows=48827
2026-06-27 21:20:34 | INFO | src.jobs_xlsx.freight.get_baltic_freight_index | Baltic freight data job started | input_path=/Users/tommy/Desktop/Pycharm/FinancialData/data/freight/baltic dry index.xlsx
2026-06-27 21:20:35 | INFO | src.jobs_xlsx.freight.get_baltic_freight_index | Excel file loaded | rows=9513 | columns=14
2026-06-27 21:20:37 | INFO | src.jobs_xlsx.freight.get_baltic_freight_index | Baltic freight Parquet saved | output_path=/Users/tommy/Desktop/Pycharm/FinancialData/data_lake/raw/freight/baltic_index.parquet | rows=48827
2026-06-27 21:36:18 | INFO | src.jobs_xlsx.freight.get_baltic_freight_index | Baltic freight data job started | input_path=/Users/tommy/Desktop/Pycharm/FinancialData/data/freight/baltic dry index.xlsx
2026-06-27 21:36:18 | INFO | src.jobs_xlsx.freight.get_baltic_freight_index | Excel file loaded | rows=9513 | columns=14
2026-06-27 21:36:19 | INFO | src.jobs_xlsx.freight.get_baltic_freight_index | Baltic freight Parquet saved | output_path=/Users/tommy/Desktop/Pycharm/FinancialData/data_lake/raw/freight/baltic_index.parquet | rows=48827
