2026-06-13 21:43:36 | INFO | src.jobs_xlsx.get_baltic_air_freight_index | Baltic air freight data job started | input_path=/Users/tommy/Desktop/Pycharm/FinancialData/data/freight/Baltic air freight index.xlsx
2026-06-13 21:43:36 | INFO | src.jobs_xlsx.get_baltic_air_freight_index | Excel file loaded | rows=440 | columns=11
2026-06-13 21:43:36 | INFO | src.jobs_xlsx.get_baltic_air_freight_index | Baltic air freight Parquet saved | output_path=/Users/tommy/Desktop/Pycharm/FinancialData/data_lake/raw/freight/baltic_air_freight_index.parquet | rows=3080
2026-06-14 16:30:15 | INFO | src.jobs_xlsx.get_baltic_air_freight_index | Baltic air freight data job started | input_path=/Users/tommy/Desktop/Pycharm/FinancialData/data/freight/Baltic air freight index.xlsx
2026-06-14 16:30:15 | INFO | src.jobs_xlsx.get_baltic_air_freight_index | Excel file loaded | rows=440 | columns=11
2026-06-14 16:30:15 | INFO | src.jobs_xlsx.get_baltic_air_freight_index | Baltic air freight Parquet saved | output_path=/Users/tommy/Desktop/Pycharm/FinancialData/data_lake/raw/freight/baltic_air_freight_index.parquet | rows=3080
2026-06-14 16:33:17 | INFO | src.jobs_xlsx.get_baltic_air_freight_index | Baltic air freight data job started | input_path=/Users/tommy/Desktop/Pycharm/FinancialData/data/freight/Baltic air freight index.xlsx
2026-06-14 16:33:17 | INFO | src.jobs_xlsx.get_baltic_air_freight_index | Excel file loaded | rows=440 | columns=11
2026-06-14 16:33:17 | INFO | src.jobs_xlsx.get_baltic_air_freight_index | Baltic air freight Parquet saved | output_path=/Users/tommy/Desktop/Pycharm/FinancialData/data_lake/raw/freight/baltic_air_freight_index.parquet | rows=3080
2026-06-14 16:35:56 | INFO | src.jobs_xlsx.get_baltic_air_freight_index | Baltic air freight data job started | input_path=/Users/tommy/Desktop/Pycharm/FinancialData/data/freight/Baltic air freight index.xlsx
2026-06-14 16:35:56 | INFO | src.jobs_xlsx.get_baltic_air_freight_index | Excel file loaded | rows=440 | columns=11
2026-06-14 16:35:56 | INFO | src.jobs_xlsx.get_baltic_air_freight_index | Baltic air freight Parquet saved | output_path=/Users/tommy/Desktop/Pycharm/FinancialData/data_lake/raw/freight/baltic_air_freight_index.parquet | rows=3080
2026-06-14 16:49:17 | INFO | src.jobs_xlsx.get_baltic_air_freight_index | Baltic air freight data job started | input_path=/Users/tommy/Desktop/Pycharm/FinancialData/data/freight/Baltic air freight index.xlsx
2026-06-14 16:49:17 | INFO | src.jobs_xlsx.get_baltic_air_freight_index | Excel file loaded | rows=440 | columns=11
2026-06-14 16:49:17 | INFO | src.jobs_xlsx.get_baltic_air_freight_index | Baltic air freight Parquet saved | output_path=/Users/tommy/Desktop/Pycharm/FinancialData/data_lake/raw/freight/baltic_air_freight_index.parquet | rows=3080
2026-06-14 16:56:30 | INFO | src.jobs_xlsx.get_baltic_air_freight_index | Baltic air freight data job started | input_path=/Users/tommy/Desktop/Pycharm/FinancialData/data/freight/Baltic air freight index.xlsx
2026-06-14 16:56:30 | INFO | src.jobs_xlsx.get_baltic_air_freight_index | Excel file loaded | rows=440 | columns=11
2026-06-14 16:56:30 | INFO | src.jobs_xlsx.get_baltic_air_freight_index | Baltic air freight Parquet saved | output_path=/Users/tommy/Desktop/Pycharm/FinancialData/data_lake/raw/freight/baltic_air_freight_index.parquet | rows=3080
2026-06-14 16:58:23 | INFO | src.jobs_xlsx.get_baltic_air_freight_index | Baltic air freight data job started | input_path=/Users/tommy/Desktop/Pycharm/FinancialData/data/freight/Baltic air freight index.xlsx
2026-06-14 16:58:23 | INFO | src.jobs_xlsx.get_baltic_air_freight_index | Excel file loaded | rows=440 | columns=11
2026-06-14 16:58:23 | INFO | src.jobs_xlsx.get_baltic_air_freight_index | Baltic air freight Parquet saved | output_path=/Users/tommy/Desktop/Pycharm/FinancialData/data_lake/raw/freight/baltic_air_freight_index.parquet | rows=3080
2026-06-14 16:58:50 | INFO | src.jobs_xlsx.get_baltic_air_freight_index | Baltic air freight data job started | input_path=/Users/tommy/Desktop/Pycharm/FinancialData/data/freight/Baltic air freight index.xlsx
2026-06-14 16:58:50 | INFO | src.jobs_xlsx.get_baltic_air_freight_index | Excel file loaded | rows=440 | columns=11
2026-06-14 16:58:50 | INFO | src.jobs_xlsx.get_baltic_air_freight_index | Baltic air freight Parquet saved | output_path=/Users/tommy/Desktop/Pycharm/FinancialData/data_lake/raw/freight/baltic_air_freight_index.parquet | rows=3080
2026-06-14 17:00:15 | INFO | src.jobs_xlsx.get_baltic_air_freight_index | Baltic air freight data job started | input_path=/Users/tommy/Desktop/Pycharm/FinancialData/data/freight/Baltic air freight index.xlsx
2026-06-14 17:00:15 | INFO | src.jobs_xlsx.get_baltic_air_freight_index | Excel file loaded | rows=440 | columns=11
2026-06-14 17:00:15 | INFO | src.jobs_xlsx.get_baltic_air_freight_index | Baltic air freight Parquet saved | output_path=/Users/tommy/Desktop/Pycharm/FinancialData/data_lake/raw/freight/baltic_air_freight_index.parquet | rows=3080
2026-06-14 17:03:19 | INFO | src.jobs_xlsx.get_baltic_air_freight_index | Baltic air freight data job started | input_path=/Users/tommy/Desktop/Pycharm/FinancialData/data/freight/Baltic air freight index.xlsx
2026-06-14 17:03:19 | INFO | src.jobs_xlsx.get_baltic_air_freight_index | Excel file loaded | rows=440 | columns=11
2026-06-14 17:03:19 | INFO | src.jobs_xlsx.get_baltic_air_freight_index | Baltic air freight Parquet saved | output_path=/Users/tommy/Desktop/Pycharm/FinancialData/data_lake/raw/freight/baltic_air_freight_index.parquet | rows=3080
2026-06-14 19:40:48 | INFO | src.jobs_xlsx.get_baltic_air_freight_index | Baltic air freight data job started | input_path=/Users/tommy/Desktop/Pycharm/FinancialData/data/freight/Baltic air freight index.xlsx
2026-06-14 19:40:48 | INFO | src.jobs_xlsx.get_baltic_air_freight_index | Excel file loaded | rows=440 | columns=11
2026-06-14 19:40:48 | INFO | src.jobs_xlsx.get_baltic_air_freight_index | Baltic air freight Parquet saved | output_path=/Users/tommy/Desktop/Pycharm/FinancialData/data_lake/raw/freight/baltic_air_freight_index.parquet | rows=3080
2026-06-14 19:43:19 | INFO | src.jobs_xlsx.get_baltic_air_freight_index | Baltic air freight data job started | input_path=/Users/tommy/Desktop/Pycharm/FinancialData/data/freight/Baltic air freight index.xlsx
2026-06-14 19:43:19 | INFO | src.jobs_xlsx.get_baltic_air_freight_index | Excel file loaded | rows=440 | columns=11
2026-06-14 19:43:19 | INFO | src.jobs_xlsx.get_baltic_air_freight_index | Baltic air freight Parquet saved | output_path=/Users/tommy/Desktop/Pycharm/FinancialData/data_lake/raw/freight/baltic_air_freight_index.parquet | rows=3080
2026-06-14 19:46:31 | INFO | src.jobs_xlsx.get_baltic_air_freight_index | Baltic air freight data job started | input_path=/Users/tommy/Desktop/Pycharm/FinancialData/data/freight/Baltic air freight index.xlsx
2026-06-14 19:46:31 | INFO | src.jobs_xlsx.get_baltic_air_freight_index | Excel file loaded | rows=440 | columns=11
2026-06-14 19:46:31 | INFO | src.jobs_xlsx.get_baltic_air_freight_index | Baltic air freight Parquet saved | output_path=/Users/tommy/Desktop/Pycharm/FinancialData/data_lake/raw/freight/baltic_air_freight_index.parquet | rows=3080
2026-06-15 09:10:15 | INFO | src.jobs_xlsx.get_baltic_air_freight_index | Baltic air freight data job started | input_path=C:\Users\krm\PycharmProjects\AlternativeData\data\freight\Baltic air freight index.xlsx
2026-06-15 09:10:15 | INFO | src.jobs_xlsx.get_baltic_air_freight_index | Excel file loaded | rows=440 | columns=11
2026-06-15 09:10:15 | INFO | src.jobs_xlsx.get_baltic_air_freight_index | Baltic air freight Parquet saved | output_path=C:\Users\krm\PycharmProjects\AlternativeData\data_lake\raw\freight\baltic_air_freight_index.parquet | rows=3080
2026-06-15 09:12:38 | INFO | src.jobs_xlsx.get_baltic_air_freight_index | Baltic air freight data job started | input_path=C:\Users\krm\PycharmProjects\AlternativeData\data\freight\Baltic air freight index.xlsx
2026-06-15 09:12:38 | INFO | src.jobs_xlsx.get_baltic_air_freight_index | Excel file loaded | rows=440 | columns=11
2026-06-15 09:12:39 | INFO | src.jobs_xlsx.get_baltic_air_freight_index | Baltic air freight Parquet saved | output_path=C:\Users\krm\PycharmProjects\AlternativeData\data_lake\raw\freight\baltic_air_freight_index.parquet | rows=3080
2026-06-15 09:15:14 | INFO | src.jobs_xlsx.get_baltic_air_freight_index | Baltic air freight data job started | input_path=C:\Users\krm\PycharmProjects\AlternativeData\data\freight\Baltic air freight index.xlsx
2026-06-15 09:15:14 | INFO | src.jobs_xlsx.get_baltic_air_freight_index | Excel file loaded | rows=440 | columns=11
2026-06-15 09:15:14 | INFO | src.jobs_xlsx.get_baltic_air_freight_index | Baltic air freight Parquet saved | output_path=C:\Users\krm\PycharmProjects\AlternativeData\data_lake\raw\freight\baltic_air_freight_index.parquet | rows=3080
2026-06-15 17:37:31 | INFO | src.jobs_xlsx.get_baltic_air_freight_index | Baltic air freight data job started | input_path=C:\Users\krm\PycharmProjects\AlternativeData\data\freight\Baltic air freight index.xlsx
2026-06-15 17:37:31 | INFO | src.jobs_xlsx.get_baltic_air_freight_index | Excel file loaded | rows=440 | columns=11
2026-06-15 17:37:31 | INFO | src.jobs_xlsx.get_baltic_air_freight_index | Baltic air freight Parquet saved | output_path=C:\Users\krm\PycharmProjects\AlternativeData\data_lake\raw\freight\baltic_air_freight_index.parquet | rows=3080
2026-06-15 17:41:21 | INFO | src.jobs_xlsx.get_baltic_air_freight_index | Baltic air freight data job started | input_path=C:\Users\krm\PycharmProjects\AlternativeData\data\freight\Baltic air freight index.xlsx
2026-06-15 17:41:21 | INFO | src.jobs_xlsx.get_baltic_air_freight_index | Excel file loaded | rows=440 | columns=11
2026-06-15 17:41:21 | INFO | src.jobs_xlsx.get_baltic_air_freight_index | Baltic air freight Parquet saved | output_path=C:\Users\krm\PycharmProjects\AlternativeData\data_lake\raw\freight\baltic_air_freight_index.parquet | rows=3080
