2026-06-14 19:46:32 | INFO | src.jobs_xlsx.cfm.get_cfm_price_index | CFM price index data job started | input_path=/Users/tommy/Desktop/Pycharm/FinancialData/data/industry/cfm/Index.xlsx | metadata_path=/Users/tommy/Desktop/Pycharm/FinancialData/data/metadata.xlsx
2026-06-14 19:46:32 | INFO | src.jobs_xlsx.cfm.get_cfm_price_index | CFM index metadata loaded | symbols=2
2026-06-14 19:46:32 | INFO | src.jobs_xlsx.cfm.get_cfm_price_index | CFM price index Excel sheet loaded | rows=49 | columns=6
2026-06-14 19:46:32 | INFO | src.jobs_xlsx.cfm.get_cfm_price_index | CFM price index Parquet saved | output_path=/Users/tommy/Desktop/Pycharm/FinancialData/data_lake/raw/industry/cfm/cfm_price_index.parquet | rows=98
2026-06-15 09:10:18 | INFO | src.jobs_xlsx.cfm.get_cfm_price_index | CFM price index data job started | input_path=C:\Users\krm\PycharmProjects\AlternativeData\data\industry\cfm\Index.xlsx | metadata_path=C:\Users\krm\PycharmProjects\AlternativeData\data\metadata.xlsx
2026-06-15 09:10:18 | INFO | src.jobs_xlsx.cfm.get_cfm_price_index | CFM index metadata loaded | symbols=2
2026-06-15 09:10:19 | INFO | src.jobs_xlsx.cfm.get_cfm_price_index | CFM price index Excel sheet loaded | rows=49 | columns=6
2026-06-15 09:10:19 | INFO | src.jobs_xlsx.cfm.get_cfm_price_index | CFM price index Parquet saved | output_path=C:\Users\krm\PycharmProjects\AlternativeData\data_lake\raw\industry\cfm\cfm_price_index.parquet | rows=98
2026-06-15 09:12:42 | INFO | src.jobs_xlsx.cfm.get_cfm_price_index | CFM price index data job started | input_path=C:\Users\krm\PycharmProjects\AlternativeData\data\industry\cfm\Index.xlsx | metadata_path=C:\Users\krm\PycharmProjects\AlternativeData\data\metadata.xlsx
2026-06-15 09:12:42 | INFO | src.jobs_xlsx.cfm.get_cfm_price_index | CFM index metadata loaded | symbols=2
2026-06-15 09:12:42 | INFO | src.jobs_xlsx.cfm.get_cfm_price_index | CFM price index Excel sheet loaded | rows=49 | columns=6
2026-06-15 09:12:42 | INFO | src.jobs_xlsx.cfm.get_cfm_price_index | CFM price index Parquet saved | output_path=C:\Users\krm\PycharmProjects\AlternativeData\data_lake\raw\industry\cfm\cfm_price_index.parquet | rows=98
2026-06-15 09:15:17 | INFO | src.jobs_xlsx.cfm.get_cfm_price_index | CFM price index data job started | input_path=C:\Users\krm\PycharmProjects\AlternativeData\data\industry\cfm\Index.xlsx | metadata_path=C:\Users\krm\PycharmProjects\AlternativeData\data\metadata.xlsx
2026-06-15 09:15:17 | INFO | src.jobs_xlsx.cfm.get_cfm_price_index | CFM index metadata loaded | symbols=2
2026-06-15 09:15:17 | INFO | src.jobs_xlsx.cfm.get_cfm_price_index | CFM price index Excel sheet loaded | rows=49 | columns=6
2026-06-15 09:15:18 | INFO | src.jobs_xlsx.cfm.get_cfm_price_index | CFM price index Parquet saved | output_path=C:\Users\krm\PycharmProjects\AlternativeData\data_lake\raw\industry\cfm\cfm_price_index.parquet | rows=98
2026-06-15 17:37:30 | INFO | src.jobs_xlsx.cfm.get_cfm_price_index | CFM price index data job started | input_path=C:\Users\krm\PycharmProjects\AlternativeData\data\industry\cfm\Index.xlsx | metadata_path=C:\Users\krm\PycharmProjects\AlternativeData\data\metadata.xlsx
2026-06-15 17:37:30 | INFO | src.jobs_xlsx.cfm.get_cfm_price_index | CFM index metadata loaded | symbols=2
2026-06-15 17:37:30 | INFO | src.jobs_xlsx.cfm.get_cfm_price_index | CFM price index Excel sheet loaded | rows=49 | columns=6
2026-06-15 17:37:30 | INFO | src.jobs_xlsx.cfm.get_cfm_price_index | CFM price index Parquet saved | output_path=C:\Users\krm\PycharmProjects\AlternativeData\data_lake\raw\industry\cfm\cfm_price_index.parquet | rows=98
2026-06-15 17:41:21 | INFO | src.jobs_xlsx.cfm.get_cfm_price_index | CFM price index data job started | input_path=C:\Users\krm\PycharmProjects\AlternativeData\data\industry\cfm\Index.xlsx | metadata_path=C:\Users\krm\PycharmProjects\AlternativeData\data\metadata.xlsx
2026-06-15 17:41:21 | INFO | src.jobs_xlsx.cfm.get_cfm_price_index | CFM index metadata loaded | symbols=2
2026-06-15 17:41:21 | INFO | src.jobs_xlsx.cfm.get_cfm_price_index | CFM price index Excel sheet loaded | rows=49 | columns=6
2026-06-15 17:41:21 | INFO | src.jobs_xlsx.cfm.get_cfm_price_index | CFM price index Parquet saved | output_path=C:\Users\krm\PycharmProjects\AlternativeData\data_lake\raw\industry\cfm\cfm_price_index.parquet | rows=98
2026-06-16 10:46:25 | INFO | src.jobs_xlsx.cfm.get_cfm_price_index | CFM price index data job started | input_path=C:\Users\krm\PycharmProjects\AlternativeData\data\industry\cfm\Index.xlsx | metadata_path=C:\Users\krm\PycharmProjects\AlternativeData\data\metadata.xlsx
2026-06-16 10:46:25 | INFO | src.jobs_xlsx.cfm.get_cfm_price_index | CFM index metadata loaded | symbols=2
2026-06-16 10:46:25 | INFO | src.jobs_xlsx.cfm.get_cfm_price_index | CFM price index Excel sheet loaded | rows=49 | columns=6
2026-06-16 10:46:25 | INFO | src.jobs_xlsx.cfm.get_cfm_price_index | CFM price index Parquet saved | output_path=C:\Users\krm\PycharmProjects\AlternativeData\data_lake\raw\industry\cfm\cfm_price_index.parquet | rows=98
2026-06-16 11:01:47 | INFO | src.jobs_xlsx.cfm.get_cfm_price_index | CFM price index data job started | input_path=C:\Users\krm\PycharmProjects\AlternativeData\data\industry\cfm\Index.xlsx | metadata_path=C:\Users\krm\PycharmProjects\AlternativeData\data\metadata.xlsx
2026-06-16 11:01:47 | INFO | src.jobs_xlsx.cfm.get_cfm_price_index | CFM index metadata loaded | symbols=2
2026-06-16 11:01:47 | INFO | src.jobs_xlsx.cfm.get_cfm_price_index | CFM price index Excel sheet loaded | rows=49 | columns=6
2026-06-16 11:01:47 | INFO | src.jobs_xlsx.cfm.get_cfm_price_index | CFM price index Parquet saved | output_path=C:\Users\krm\PycharmProjects\AlternativeData\data_lake\raw\industry\cfm\cfm_price_index.parquet | rows=98
2026-06-16 13:28:30 | INFO | src.jobs_xlsx.cfm.get_cfm_price_index | CFM price index data job started | input_path=C:\Users\krm\PycharmProjects\AlternativeData\data\industry\cfm\Index.xlsx | metadata_path=C:\Users\krm\PycharmProjects\AlternativeData\data\metadata.xlsx
2026-06-16 13:28:30 | INFO | src.jobs_xlsx.cfm.get_cfm_price_index | CFM index metadata loaded | symbols=2
2026-06-16 13:28:30 | INFO | src.jobs_xlsx.cfm.get_cfm_price_index | CFM price index Excel sheet loaded | rows=49 | columns=6
2026-06-16 13:28:30 | INFO | src.jobs_xlsx.cfm.get_cfm_price_index | CFM price index Parquet saved | output_path=C:\Users\krm\PycharmProjects\AlternativeData\data_lake\raw\industry\cfm\cfm_price_index.parquet | rows=98
2026-06-16 13:39:09 | INFO | src.jobs_xlsx.cfm.get_cfm_price_index | CFM price index data job started | input_path=C:\Users\krm\PycharmProjects\AlternativeData\data\industry\cfm\Index.xlsx | metadata_path=C:\Users\krm\PycharmProjects\AlternativeData\data\metadata.xlsx
2026-06-16 13:39:09 | INFO | src.jobs_xlsx.cfm.get_cfm_price_index | CFM index metadata loaded | symbols=2
2026-06-16 13:39:09 | INFO | src.jobs_xlsx.cfm.get_cfm_price_index | CFM price index Excel sheet loaded | rows=49 | columns=6
2026-06-16 13:39:09 | INFO | src.jobs_xlsx.cfm.get_cfm_price_index | CFM price index Parquet saved | output_path=C:\Users\krm\PycharmProjects\AlternativeData\data_lake\raw\industry\cfm\cfm_price_index.parquet | rows=98
2026-06-16 13:48:12 | INFO | src.jobs_xlsx.cfm.get_cfm_price_index | CFM price index data job started | input_path=C:\Users\krm\PycharmProjects\AlternativeData\data\industry\cfm\Index.xlsx | metadata_path=C:\Users\krm\PycharmProjects\AlternativeData\data\metadata.xlsx
2026-06-16 13:48:12 | INFO | src.jobs_xlsx.cfm.get_cfm_price_index | CFM index metadata loaded | symbols=2
2026-06-16 13:48:12 | INFO | src.jobs_xlsx.cfm.get_cfm_price_index | CFM price index Excel sheet loaded | rows=49 | columns=6
2026-06-16 13:48:12 | INFO | src.jobs_xlsx.cfm.get_cfm_price_index | CFM price index Parquet saved | output_path=C:\Users\krm\PycharmProjects\AlternativeData\data_lake\raw\industry\index\cfm_price_index.parquet | rows=98
2026-06-16 13:49:22 | INFO | src.jobs_xlsx.cfm.get_cfm_price_index | CFM price index data job started | input_path=C:\Users\krm\PycharmProjects\AlternativeData\data\industry\cfm\Index.xlsx | metadata_path=C:\Users\krm\PycharmProjects\AlternativeData\data\metadata.xlsx
2026-06-16 13:49:22 | INFO | src.jobs_xlsx.cfm.get_cfm_price_index | CFM index metadata loaded | symbols=2
2026-06-16 13:49:22 | INFO | src.jobs_xlsx.cfm.get_cfm_price_index | CFM price index Excel sheet loaded | rows=49 | columns=6
2026-06-16 13:49:22 | INFO | src.jobs_xlsx.cfm.get_cfm_price_index | CFM price index Parquet saved | output_path=C:\Users\krm\PycharmProjects\AlternativeData\data_lake\raw\industry\index\cfm_price_index.parquet | rows=98
2026-06-17 10:38:12 | INFO | src.jobs_xlsx.cfm.get_cfm_price_index | CFM price index data job started | input_path=C:\Users\krm\PycharmProjects\AlternativeData\data\industry\cfm\Index.xlsx | metadata_path=C:\Users\krm\PycharmProjects\AlternativeData\data\metadata.xlsx
2026-06-17 10:38:12 | INFO | src.jobs_xlsx.cfm.get_cfm_price_index | CFM index metadata loaded | symbols=2
2026-06-17 10:38:12 | INFO | src.jobs_xlsx.cfm.get_cfm_price_index | CFM price index Excel sheet loaded | rows=49 | columns=6
2026-06-17 10:38:12 | INFO | src.jobs_xlsx.cfm.get_cfm_price_index | CFM price index Parquet saved | output_path=C:\Users\krm\PycharmProjects\AlternativeData\data_lake\raw\industry\index\cfm_price_index.parquet | rows=98
