2026-06-15 09:10:19 | INFO | src.jobs_api.commodity.get_commodity_index | Commodity index data job started | metadata_path=C:\Users\krm\PycharmProjects\AlternativeData\data\metadata.xlsx | output_path=C:\Users\krm\PycharmProjects\AlternativeData\data_lake\raw\commodity\index\commodity_index.parquet
2026-06-15 09:10:19 | INFO | src.jobs_api.commodity.get_commodity_index | Commodity index metadata loaded | symbols=12 | excluded=['DJCI']
2026-06-15 09:10:19 | INFO | src.jobs_api.commodity.get_commodity_index | TradingView commodity index download started | symbol=CRB | symbol_raw=TRJEFFCRB | exchange=TVC
2026-06-15 09:12:42 | INFO | src.jobs_api.commodity.get_commodity_index | Commodity index data job started | metadata_path=C:\Users\krm\PycharmProjects\AlternativeData\data\metadata.xlsx | output_path=C:\Users\krm\PycharmProjects\AlternativeData\data_lake\raw\commodity\index\commodity_index.parquet
2026-06-15 09:12:42 | INFO | src.jobs_api.commodity.get_commodity_index | Commodity index metadata loaded | symbols=12 | excluded=['DJCI']
2026-06-15 09:12:42 | INFO | src.jobs_api.commodity.get_commodity_index | TradingView commodity index download started | symbol=CRB | symbol_raw=TRJEFFCRB | exchange=TVC
2026-06-15 09:15:18 | INFO | commodity_index_job | Starting download commodity index data.
2026-06-15 09:15:18 | INFO | commodity_index_job | Commodity index metadata loaded | symbols=12 | excluded_symbols=['DJCI']
2026-06-15 09:15:18 | INFO | commodity_index_job | Commodity index download target prepared | tickers=12 | exchanges=['DJCFD', 'SPCFD', 'TVC']
2026-06-15 09:15:40 | INFO | commodity_index_job | All commodity index data has been downloaded | output_path=data_lake\raw\commodity\index\commodity_index.parquet | rows=53164 | symbols=12
2026-06-15 17:36:51 | INFO | commodity_index_job | Starting download commodity index data.
2026-06-15 17:36:52 | INFO | commodity_index_job | Commodity index metadata loaded | symbols=12 | excluded_symbols=['DJCI']
2026-06-15 17:36:52 | INFO | commodity_index_job | Commodity index download target prepared | tickers=12 | exchanges=['DJCFD', 'SPCFD', 'TVC']
2026-06-15 17:37:22 | INFO | commodity_index_job | All commodity index data has been downloaded | output_path=data_lake\raw\commodity\index\commodity_index.parquet | rows=53164 | symbols=12
2026-06-15 17:40:50 | INFO | commodity_index_job | Starting download commodity index data.
2026-06-15 17:40:50 | INFO | commodity_index_job | Commodity index metadata loaded | symbols=12 | excluded_symbols=['DJCI']
2026-06-15 17:40:50 | INFO | commodity_index_job | Commodity index download target prepared | tickers=12 | exchanges=['DJCFD', 'SPCFD', 'TVC']
2026-06-15 17:41:14 | INFO | commodity_index_job | All commodity index data has been downloaded | output_path=data_lake\raw\commodity\index\commodity_index.parquet | rows=53164 | symbols=12
2026-06-16 10:46:11 | INFO | commodity_index_job | Starting download commodity index data.
2026-06-16 10:46:11 | INFO | commodity_index_job | Commodity index metadata loaded | symbols=12 | excluded_symbols=['DJCI']
2026-06-16 10:46:11 | INFO | commodity_index_job | Commodity index download target prepared | tickers=12 | exchanges=['DJCFD', 'SPCFD', 'TVC']
2026-06-16 10:46:22 | INFO | commodity_index_job | All commodity index data has been downloaded | output_path=data_lake\raw\commodity\index\commodity_index.parquet | rows=53175 | symbols=12
2026-06-16 11:01:11 | INFO | commodity_index_job | Starting download commodity index data.
2026-06-16 11:01:11 | INFO | commodity_index_job | Commodity index metadata loaded | symbols=12 | excluded_symbols=['DJCI']
2026-06-16 11:01:11 | INFO | commodity_index_job | Commodity index download target prepared | tickers=12 | exchanges=['DJCFD', 'SPCFD', 'TVC']
2026-06-16 11:01:27 | INFO | commodity_index_job | All commodity index data has been downloaded | output_path=data_lake\raw\commodity\index\commodity_index.parquet | rows=53175 | symbols=12
2026-06-17 10:37:41 | INFO | commodity_index_job | Starting download commodity index data.
2026-06-17 10:37:41 | INFO | commodity_index_job | Commodity index metadata loaded | symbols=12 | excluded_symbols=['DJCI']
2026-06-17 10:37:41 | INFO | commodity_index_job | Commodity index download target prepared | tickers=12 | exchanges=['DJCFD', 'SPCFD', 'TVC']
2026-06-17 10:37:53 | INFO | commodity_index_job | All commodity index data has been downloaded | output_path=data_lake\raw\commodity\index\commodity_index.parquet | rows=53186 | symbols=12
2026-06-18 17:13:53 | INFO | commodity_index_job | Starting download commodity index data.
2026-06-18 17:13:53 | INFO | commodity_index_job | Commodity index metadata loaded | symbols=12 | excluded_symbols=['DJCI']
2026-06-18 17:13:53 | INFO | commodity_index_job | Commodity index download target prepared | tickers=12 | exchanges=['DJCFD', 'SPCFD', 'TVC']
2026-06-18 17:14:11 | INFO | commodity_index_job | All commodity index data has been downloaded | output_path=data_lake\raw\commodity\index\commodity_index.parquet | rows=53197 | symbols=12
2026-06-19 14:04:46 | INFO | commodity_index_job | Starting download commodity index data.
2026-06-19 14:04:46 | INFO | commodity_index_job | Commodity index metadata loaded | symbols=12 | excluded_symbols=['DJCI']
2026-06-19 14:04:46 | INFO | commodity_index_job | Commodity index download target prepared | tickers=12 | exchanges=['DJCFD', 'SPCFD', 'TVC']
2026-06-19 14:05:02 | INFO | commodity_index_job | All commodity index data has been downloaded | output_path=data_lake\raw\commodity\index\commodity_index.parquet | rows=53198 | symbols=12
2026-06-24 14:32:35 | INFO | commodity_index_job | Starting download commodity index data.
2026-06-24 14:32:35 | INFO | commodity_index_job | Commodity index metadata loaded | symbols=12 | excluded_symbols=['DJCI']
2026-06-24 14:32:35 | INFO | commodity_index_job | Commodity index download target prepared | tickers=12 | exchanges=['DJCFD', 'SPCFD', 'TVC']
2026-06-24 14:32:53 | INFO | commodity_index_job | All commodity index data has been downloaded | output_path=data_lake\raw\commodity\index\commodity_index.parquet | rows=53230 | symbols=12
2026-06-24 14:53:40 | INFO | commodity_index_job | Starting download commodity index data.
2026-06-24 14:53:40 | INFO | commodity_index_job | Commodity index metadata loaded | symbols=12 | excluded_symbols=['DJCI']
2026-06-24 14:53:40 | INFO | commodity_index_job | Commodity index download target prepared | tickers=12 | exchanges=['DJCFD', 'SPCFD', 'TVC']
2026-06-24 14:54:08 | INFO | commodity_index_job | All commodity index data has been downloaded | output_path=data_lake\raw\commodity\index\commodity_index.parquet | rows=53230 | symbols=12
2026-06-27 11:20:20 | INFO | commodity_index_job | Starting download commodity index data.
2026-06-27 11:20:20 | INFO | commodity_index_job | Commodity index metadata loaded | symbols=12 | excluded_symbols=['DJCI']
2026-06-27 11:20:20 | INFO | commodity_index_job | Commodity index download target prepared | tickers=12 | exchanges=['DJCFD', 'SPCFD', 'TVC']
2026-06-27 11:20:42 | INFO | commodity_index_job | All commodity index data has been downloaded | output_path=data_lake\raw\commodity\index\commodity_index.parquet | rows=53253 | symbols=12
2026-06-27 15:21:07 | INFO | commodity_index_job | Starting download commodity index data.
2026-06-27 15:21:07 | INFO | commodity_index_job | Commodity index metadata loaded | symbols=12 | excluded_symbols=['DJCI']
2026-06-27 15:21:07 | INFO | commodity_index_job | Commodity index download target prepared | tickers=12 | exchanges=['DJCFD', 'SPCFD', 'TVC']
2026-06-27 15:21:20 | INFO | commodity_index_job | All commodity index data has been downloaded | output_path=data_lake/raw/commodity/index/commodity_index.parquet | rows=53253 | symbols=12
2026-06-29 18:07:34 | INFO | commodity_index_job | Starting download commodity index data.
2026-06-29 18:07:34 | INFO | commodity_index_job | Commodity index metadata loaded | symbols=12 | excluded_symbols=['DJCI']
2026-06-29 18:07:34 | INFO | commodity_index_job | Commodity index download target prepared | tickers=12 | exchanges=['DJCFD', 'SPCFD', 'TVC']
2026-06-29 18:07:53 | INFO | commodity_index_job | All commodity index data has been downloaded | output_path=data_lake\raw\commodity\index\commodity_index.parquet | rows=53263 | symbols=12
