2026-06-27 21:18:03 | INFO | src.jobs_xlsx.industry.get_industry_data | Excel industry data loader started | config_path=config/industry_jobs.yaml
2026-06-27 21:18:03 | INFO | src.jobs_xlsx.industry.get_industry_data | Loading Excel sheet | file=/Users/tommy/Desktop/Pycharm/FinancialData/data/industry/Energy/AAA Gasoline.xlsx | sheet=gasoline | exchange=AAA | country=United States
2026-06-27 21:18:04 | INFO | src.jobs_xlsx.industry.get_industry_data | Excel sheet loaded | file=/Users/tommy/Desktop/Pycharm/FinancialData/data/industry/Energy/AAA Gasoline.xlsx | sheet=gasoline | rows=7756 | columns=9
2026-06-27 21:18:04 | INFO | src.jobs_xlsx.industry.get_industry_data | Loading Excel sheet | file=/Users/tommy/Desktop/Pycharm/FinancialData/data/industry/Logistics/Logistic manager index.xlsx | sheet=LMI | exchange=CSCMP | country=United States
2026-06-27 21:18:04 | INFO | src.jobs_xlsx.industry.get_industry_data | Excel sheet loaded | file=/Users/tommy/Desktop/Pycharm/FinancialData/data/industry/Logistics/Logistic manager index.xlsx | sheet=LMI | rows=117 | columns=13
2026-06-27 21:20:34 | INFO | src.jobs_xlsx.industry.get_industry_data | Excel industry data loader started | config_path=config/industry_jobs.yaml
2026-06-27 21:20:34 | INFO | src.jobs_xlsx.industry.get_industry_data | Loading Excel sheet | file=/Users/tommy/Desktop/Pycharm/FinancialData/data/industry/Energy/AAA Gasoline.xlsx | sheet=gasoline | exchange=AAA | country=United States
2026-06-27 21:20:34 | INFO | src.jobs_xlsx.industry.get_industry_data | Excel sheet loaded | file=/Users/tommy/Desktop/Pycharm/FinancialData/data/industry/Energy/AAA Gasoline.xlsx | sheet=gasoline | rows=7756 | columns=9
2026-06-27 21:20:34 | INFO | src.jobs_xlsx.industry.get_industry_data | Loading Excel sheet | file=/Users/tommy/Desktop/Pycharm/FinancialData/data/industry/Logistics/Logistic manager index.xlsx | sheet=LMI | exchange=CSCMP | country=United States
2026-06-27 21:20:34 | INFO | src.jobs_xlsx.industry.get_industry_data | Excel sheet loaded | file=/Users/tommy/Desktop/Pycharm/FinancialData/data/industry/Logistics/Logistic manager index.xlsx | sheet=LMI | rows=117 | columns=13
2026-06-27 21:20:34 | INFO | src.jobs_xlsx.industry.get_industry_data | Loading Excel sheet | file=/Users/tommy/Desktop/Pycharm/FinancialData/data/industry/Logistics/Logistic manager index.xlsx | sheet=LMIFUTURES | exchange=CSCMP | country=United States
2026-06-27 21:20:34 | INFO | src.jobs_xlsx.industry.get_industry_data | Excel sheet loaded | file=/Users/tommy/Desktop/Pycharm/FinancialData/data/industry/Logistics/Logistic manager index.xlsx | sheet=LMIFUTURES | rows=93 | columns=13
2026-06-27 21:20:34 | INFO | src.jobs_xlsx.industry.get_industry_data | Loading Excel sheet | file=/Users/tommy/Desktop/Pycharm/FinancialData/data/industry/Real Estate/South Korea Apartment.xlsx | sheet=scaling | exchange=KB | country=South Korea
2026-06-27 21:20:34 | INFO | src.jobs_xlsx.industry.get_industry_data | Excel sheet loaded | file=/Users/tommy/Desktop/Pycharm/FinancialData/data/industry/Real Estate/South Korea Apartment.xlsx | sheet=scaling | rows=917 | columns=16
2026-06-27 21:20:34 | INFO | src.jobs_xlsx.industry.get_industry_data | Parquet saved | output_path=/Users/tommy/Desktop/Pycharm/FinancialData/data_lake/raw/industry/index/industry_data.parquet | rows=43664 | symbols=35
2026-06-27 21:36:18 | INFO | src.jobs_xlsx.industry.get_industry_data | Excel industry data loader started | config_path=config/industry_jobs.yaml
2026-06-27 21:36:18 | INFO | src.jobs_xlsx.industry.get_industry_data | Loading Excel sheet | file=/Users/tommy/Desktop/Pycharm/FinancialData/data/industry/Energy/AAA Gasoline.xlsx | sheet=gasoline | exchange=AAA | country=United States
2026-06-27 21:36:18 | INFO | src.jobs_xlsx.industry.get_industry_data | Excel sheet loaded | file=/Users/tommy/Desktop/Pycharm/FinancialData/data/industry/Energy/AAA Gasoline.xlsx | sheet=gasoline | rows=7756 | columns=9
2026-06-27 21:36:18 | INFO | src.jobs_xlsx.industry.get_industry_data | Loading Excel sheet | file=/Users/tommy/Desktop/Pycharm/FinancialData/data/industry/Logistics/Logistic manager index.xlsx | sheet=LMI | exchange=CSCMP | country=United States
2026-06-27 21:36:18 | INFO | src.jobs_xlsx.industry.get_industry_data | Excel sheet loaded | file=/Users/tommy/Desktop/Pycharm/FinancialData/data/industry/Logistics/Logistic manager index.xlsx | sheet=LMI | rows=117 | columns=13
2026-06-27 21:36:18 | INFO | src.jobs_xlsx.industry.get_industry_data | Loading Excel sheet | file=/Users/tommy/Desktop/Pycharm/FinancialData/data/industry/Logistics/Logistic manager index.xlsx | sheet=LMIFUTURES | exchange=CSCMP | country=United States
2026-06-27 21:36:18 | INFO | src.jobs_xlsx.industry.get_industry_data | Excel sheet loaded | file=/Users/tommy/Desktop/Pycharm/FinancialData/data/industry/Logistics/Logistic manager index.xlsx | sheet=LMIFUTURES | rows=93 | columns=13
2026-06-27 21:36:18 | INFO | src.jobs_xlsx.industry.get_industry_data | Loading Excel sheet | file=/Users/tommy/Desktop/Pycharm/FinancialData/data/industry/Real Estate/South Korea Apartment.xlsx | sheet=scaling | exchange=KB | country=South Korea
2026-06-27 21:36:18 | INFO | src.jobs_xlsx.industry.get_industry_data | Excel sheet loaded | file=/Users/tommy/Desktop/Pycharm/FinancialData/data/industry/Real Estate/South Korea Apartment.xlsx | sheet=scaling | rows=917 | columns=16
2026-06-27 21:36:18 | INFO | src.jobs_xlsx.industry.get_industry_data | Loading Excel sheet | file=/Users/tommy/Desktop/Pycharm/FinancialData/data/industry/Automobile/MUVVI.xlsx | sheet=MANHEIM | exchange=COXAUTONIC | country=South Korea
2026-06-27 21:36:18 | INFO | src.jobs_xlsx.industry.get_industry_data | Excel sheet loaded | file=/Users/tommy/Desktop/Pycharm/FinancialData/data/industry/Automobile/MUVVI.xlsx | sheet=MANHEIM | rows=353 | columns=11
2026-06-27 21:36:18 | INFO | src.jobs_xlsx.industry.get_industry_data | Parquet saved | output_path=/Users/tommy/Desktop/Pycharm/FinancialData/data_lake/raw/industry/index/industry_data.parquet | rows=45271 | symbols=42
