2026-06-13 21:43:36 | INFO | src.jobs_xlsx.get_kcci_index | KOBC container freight data job started | input_path=/Users/tommy/Desktop/Pycharm/FinancialData/data/freight/KOBC Container Composite Index.xlsx
2026-06-13 21:43:36 | INFO | src.jobs_xlsx.get_kcci_index | Excel file loaded | rows=179 | columns=18
2026-06-13 21:43:36 | INFO | src.jobs_xlsx.get_kcci_index | KOBC container freight Parquet saved | output_path=/Users/tommy/Desktop/Pycharm/FinancialData/data_lake/raw/freight/kobc_container_composite_index.parquet | rows=2506
2026-06-14 16:30:15 | INFO | src.jobs_xlsx.get_kcci_index | KOBC container freight data job started | input_path=/Users/tommy/Desktop/Pycharm/FinancialData/data/freight/KOBC Container Composite Index.xlsx
2026-06-14 16:30:15 | INFO | src.jobs_xlsx.get_kcci_index | Excel file loaded | rows=179 | columns=18
2026-06-14 16:30:15 | INFO | src.jobs_xlsx.get_kcci_index | KOBC container freight Parquet saved | output_path=/Users/tommy/Desktop/Pycharm/FinancialData/data_lake/raw/freight/kobc_container_composite_index.parquet | rows=2506
2026-06-14 16:33:17 | INFO | src.jobs_xlsx.get_kcci_index | KOBC container freight data job started | input_path=/Users/tommy/Desktop/Pycharm/FinancialData/data/freight/KOBC Container Composite Index.xlsx
2026-06-14 16:33:17 | INFO | src.jobs_xlsx.get_kcci_index | Excel file loaded | rows=179 | columns=18
2026-06-14 16:33:17 | INFO | src.jobs_xlsx.get_kcci_index | KOBC container freight Parquet saved | output_path=/Users/tommy/Desktop/Pycharm/FinancialData/data_lake/raw/freight/kobc_container_composite_index.parquet | rows=2506
2026-06-14 16:35:56 | INFO | src.jobs_xlsx.get_kcci_index | KOBC container freight data job started | input_path=/Users/tommy/Desktop/Pycharm/FinancialData/data/freight/KOBC Container Composite Index.xlsx
2026-06-14 16:35:56 | INFO | src.jobs_xlsx.get_kcci_index | Excel file loaded | rows=179 | columns=18
2026-06-14 16:35:56 | INFO | src.jobs_xlsx.get_kcci_index | KOBC container freight Parquet saved | output_path=/Users/tommy/Desktop/Pycharm/FinancialData/data_lake/raw/freight/kobc_container_composite_index.parquet | rows=2506
2026-06-14 16:49:17 | INFO | src.jobs_xlsx.get_kcci_index | KOBC container freight data job started | input_path=/Users/tommy/Desktop/Pycharm/FinancialData/data/freight/KOBC Container Composite Index.xlsx
2026-06-14 16:49:17 | INFO | src.jobs_xlsx.get_kcci_index | Excel file loaded | rows=179 | columns=18
2026-06-14 16:49:17 | INFO | src.jobs_xlsx.get_kcci_index | KOBC container freight Parquet saved | output_path=/Users/tommy/Desktop/Pycharm/FinancialData/data_lake/raw/freight/kobc_container_composite_index.parquet | rows=2506
2026-06-14 16:56:30 | INFO | src.jobs_xlsx.get_kcci_index | KOBC container freight data job started | input_path=/Users/tommy/Desktop/Pycharm/FinancialData/data/freight/KOBC Container Composite Index.xlsx
2026-06-14 16:56:30 | INFO | src.jobs_xlsx.get_kcci_index | Excel file loaded | rows=179 | columns=18
2026-06-14 16:56:30 | INFO | src.jobs_xlsx.get_kcci_index | KOBC container freight Parquet saved | output_path=/Users/tommy/Desktop/Pycharm/FinancialData/data_lake/raw/freight/kobc_container_composite_index.parquet | rows=2506
2026-06-14 16:58:23 | INFO | src.jobs_xlsx.get_kcci_index | KOBC container freight data job started | input_path=/Users/tommy/Desktop/Pycharm/FinancialData/data/freight/KOBC Container Composite Index.xlsx
2026-06-14 16:58:23 | INFO | src.jobs_xlsx.get_kcci_index | Excel file loaded | rows=179 | columns=18
2026-06-14 16:58:23 | INFO | src.jobs_xlsx.get_kcci_index | KOBC container freight Parquet saved | output_path=/Users/tommy/Desktop/Pycharm/FinancialData/data_lake/raw/freight/kobc_container_composite_index.parquet | rows=2506
2026-06-14 16:58:50 | INFO | src.jobs_xlsx.get_kcci_index | KOBC container freight data job started | input_path=/Users/tommy/Desktop/Pycharm/FinancialData/data/freight/KOBC Container Composite Index.xlsx
2026-06-14 16:58:50 | INFO | src.jobs_xlsx.get_kcci_index | Excel file loaded | rows=179 | columns=18
2026-06-14 16:58:50 | INFO | src.jobs_xlsx.get_kcci_index | KOBC container freight Parquet saved | output_path=/Users/tommy/Desktop/Pycharm/FinancialData/data_lake/raw/freight/kobc_container_composite_index.parquet | rows=2506
2026-06-14 17:00:15 | INFO | src.jobs_xlsx.get_kcci_index | KOBC container freight data job started | input_path=/Users/tommy/Desktop/Pycharm/FinancialData/data/freight/KOBC Container Composite Index.xlsx
2026-06-14 17:00:15 | INFO | src.jobs_xlsx.get_kcci_index | Excel file loaded | rows=179 | columns=18
2026-06-14 17:00:15 | INFO | src.jobs_xlsx.get_kcci_index | KOBC container freight Parquet saved | output_path=/Users/tommy/Desktop/Pycharm/FinancialData/data_lake/raw/freight/kobc_container_composite_index.parquet | rows=2506
2026-06-14 17:03:19 | INFO | src.jobs_xlsx.get_kcci_index | KOBC container freight data job started | input_path=/Users/tommy/Desktop/Pycharm/FinancialData/data/freight/KOBC Container Composite Index.xlsx
2026-06-14 17:03:19 | INFO | src.jobs_xlsx.get_kcci_index | Excel file loaded | rows=179 | columns=18
2026-06-14 17:03:19 | INFO | src.jobs_xlsx.get_kcci_index | KOBC container freight Parquet saved | output_path=/Users/tommy/Desktop/Pycharm/FinancialData/data_lake/raw/freight/kobc_container_composite_index.parquet | rows=2506
2026-06-14 19:40:48 | INFO | src.jobs_xlsx.get_kcci_index | KOBC container freight data job started | input_path=/Users/tommy/Desktop/Pycharm/FinancialData/data/freight/KOBC Container Composite Index.xlsx
2026-06-14 19:40:48 | INFO | src.jobs_xlsx.get_kcci_index | Excel file loaded | rows=179 | columns=18
2026-06-14 19:40:48 | INFO | src.jobs_xlsx.get_kcci_index | KOBC container freight Parquet saved | output_path=/Users/tommy/Desktop/Pycharm/FinancialData/data_lake/raw/freight/kobc_container_composite_index.parquet | rows=2506
2026-06-14 19:43:19 | INFO | src.jobs_xlsx.get_kcci_index | KOBC container freight data job started | input_path=/Users/tommy/Desktop/Pycharm/FinancialData/data/freight/KOBC Container Composite Index.xlsx
2026-06-14 19:43:19 | INFO | src.jobs_xlsx.get_kcci_index | Excel file loaded | rows=179 | columns=18
2026-06-14 19:43:19 | INFO | src.jobs_xlsx.get_kcci_index | KOBC container freight Parquet saved | output_path=/Users/tommy/Desktop/Pycharm/FinancialData/data_lake/raw/freight/kobc_container_composite_index.parquet | rows=2506
2026-06-14 19:46:31 | INFO | src.jobs_xlsx.get_kcci_index | KOBC container freight data job started | input_path=/Users/tommy/Desktop/Pycharm/FinancialData/data/freight/KOBC Container Composite Index.xlsx
2026-06-14 19:46:31 | INFO | src.jobs_xlsx.get_kcci_index | Excel file loaded | rows=179 | columns=18
2026-06-14 19:46:31 | INFO | src.jobs_xlsx.get_kcci_index | KOBC container freight Parquet saved | output_path=/Users/tommy/Desktop/Pycharm/FinancialData/data_lake/raw/freight/kobc_container_composite_index.parquet | rows=2506
2026-06-15 09:10:15 | INFO | src.jobs_xlsx.get_kcci_index | KOBC container freight data job started | input_path=C:\Users\krm\PycharmProjects\AlternativeData\data\freight\KOBC Container Composite Index.xlsx
2026-06-15 09:10:15 | INFO | src.jobs_xlsx.get_kcci_index | Excel file loaded | rows=179 | columns=18
2026-06-15 09:10:15 | INFO | src.jobs_xlsx.get_kcci_index | KOBC container freight Parquet saved | output_path=C:\Users\krm\PycharmProjects\AlternativeData\data_lake\raw\freight\kobc_container_composite_index.parquet | rows=2506
2026-06-15 09:12:39 | INFO | src.jobs_xlsx.get_kcci_index | KOBC container freight data job started | input_path=C:\Users\krm\PycharmProjects\AlternativeData\data\freight\KOBC Container Composite Index.xlsx
2026-06-15 09:12:39 | INFO | src.jobs_xlsx.get_kcci_index | Excel file loaded | rows=179 | columns=18
2026-06-15 09:12:39 | INFO | src.jobs_xlsx.get_kcci_index | KOBC container freight Parquet saved | output_path=C:\Users\krm\PycharmProjects\AlternativeData\data_lake\raw\freight\kobc_container_composite_index.parquet | rows=2506
2026-06-15 09:15:14 | INFO | src.jobs_xlsx.get_kcci_index | KOBC container freight data job started | input_path=C:\Users\krm\PycharmProjects\AlternativeData\data\freight\KOBC Container Composite Index.xlsx
2026-06-15 09:15:14 | INFO | src.jobs_xlsx.get_kcci_index | Excel file loaded | rows=179 | columns=18
2026-06-15 09:15:15 | INFO | src.jobs_xlsx.get_kcci_index | KOBC container freight Parquet saved | output_path=C:\Users\krm\PycharmProjects\AlternativeData\data_lake\raw\freight\kobc_container_composite_index.parquet | rows=2506
2026-06-15 17:37:31 | INFO | src.jobs_xlsx.get_kcci_index | KOBC container freight data job started | input_path=C:\Users\krm\PycharmProjects\AlternativeData\data\freight\KOBC Container Composite Index.xlsx
2026-06-15 17:37:31 | INFO | src.jobs_xlsx.get_kcci_index | Excel file loaded | rows=179 | columns=18
2026-06-15 17:37:31 | INFO | src.jobs_xlsx.get_kcci_index | KOBC container freight Parquet saved | output_path=C:\Users\krm\PycharmProjects\AlternativeData\data_lake\raw\freight\kobc_container_composite_index.parquet | rows=2506
2026-06-15 17:41:22 | INFO | src.jobs_xlsx.get_kcci_index | KOBC container freight data job started | input_path=C:\Users\krm\PycharmProjects\AlternativeData\data\freight\KOBC Container Composite Index.xlsx
2026-06-15 17:41:22 | INFO | src.jobs_xlsx.get_kcci_index | Excel file loaded | rows=179 | columns=18
2026-06-15 17:41:22 | INFO | src.jobs_xlsx.get_kcci_index | KOBC container freight Parquet saved | output_path=C:\Users\krm\PycharmProjects\AlternativeData\data_lake\raw\freight\kobc_container_composite_index.parquet | rows=2506
2026-06-16 10:46:26 | INFO | src.jobs_xlsx.get_kcci_index | KOBC container freight data job started | input_path=C:\Users\krm\PycharmProjects\AlternativeData\data\freight\KOBC Container Composite Index.xlsx
2026-06-16 10:46:26 | INFO | src.jobs_xlsx.get_kcci_index | Excel file loaded | rows=180 | columns=18
2026-06-16 10:46:26 | INFO | src.jobs_xlsx.get_kcci_index | KOBC container freight Parquet saved | output_path=C:\Users\krm\PycharmProjects\AlternativeData\data_lake\raw\freight\kobc_container_composite_index.parquet | rows=2520
2026-06-16 11:01:48 | INFO | src.jobs_xlsx.get_kcci_index | KOBC container freight data job started | input_path=C:\Users\krm\PycharmProjects\AlternativeData\data\freight\KOBC Container Composite Index.xlsx
2026-06-16 11:01:48 | INFO | src.jobs_xlsx.get_kcci_index | Excel file loaded | rows=180 | columns=18
2026-06-16 11:01:48 | INFO | src.jobs_xlsx.get_kcci_index | KOBC container freight Parquet saved | output_path=C:\Users\krm\PycharmProjects\AlternativeData\data_lake\raw\freight\kobc_container_composite_index.parquet | rows=2520
2026-06-16 14:22:11 | INFO | src.jobs_xlsx.get_kcci_index | KOBC container freight data job started | input_path=C:\Users\krm\PycharmProjects\AlternativeData\data\freight\KOBC Container Composite Index.xlsx
2026-06-16 14:22:11 | INFO | src.jobs_xlsx.get_kcci_index | Excel file loaded | rows=180 | columns=18
2026-06-16 14:22:11 | INFO | src.jobs_xlsx.get_kcci_index | KOBC container freight Parquet saved | output_path=C:\Users\krm\PycharmProjects\AlternativeData\data_lake\raw\freight\kobc_container_composite_index.parquet | rows=2520
2026-06-16 14:28:52 | INFO | src.jobs_xlsx.get_kcci_index | KOBC container freight data job started | input_path=C:\Users\krm\PycharmProjects\AlternativeData\data\freight\KOBC Container Composite Index.xlsx
2026-06-16 14:28:52 | INFO | src.jobs_xlsx.get_kcci_index | Excel file loaded | rows=180 | columns=18
2026-06-16 14:28:52 | INFO | src.jobs_xlsx.get_kcci_index | KOBC container freight Parquet saved | output_path=C:\Users\krm\PycharmProjects\AlternativeData\data_lake\raw\freight\kobc_container_composite_index.parquet | rows=2520
2026-06-17 10:38:13 | INFO | src.jobs_xlsx.get_kcci_index | KOBC container freight data job started | input_path=C:\Users\krm\PycharmProjects\AlternativeData\data\freight\KOBC Container Composite Index.xlsx
2026-06-17 10:38:13 | INFO | src.jobs_xlsx.get_kcci_index | Excel file loaded | rows=180 | columns=18
2026-06-17 10:38:13 | INFO | src.jobs_xlsx.get_kcci_index | KOBC container freight Parquet saved | output_path=C:\Users\krm\PycharmProjects\AlternativeData\data_lake\raw\freight\kobc_container_composite_index.parquet | rows=2520
2026-06-18 17:14:52 | INFO | src.jobs_xlsx.freight.get_kcci_index | KOBC container freight data job started | input_path=C:\Users\krm\PycharmProjects\AlternativeData\data\freight\KOBC Container Composite Index.xlsx
2026-06-18 17:14:53 | INFO | src.jobs_xlsx.freight.get_kcci_index | Excel file loaded | rows=180 | columns=18
2026-06-18 17:14:53 | INFO | src.jobs_xlsx.freight.get_kcci_index | KOBC container freight Parquet saved | output_path=C:\Users\krm\PycharmProjects\AlternativeData\data_lake\raw\freight\kobc_container_composite_index.parquet | rows=2520
2026-06-19 14:05:32 | INFO | src.jobs_xlsx.freight.get_kcci_index | KOBC container freight data job started | input_path=C:\Users\krm\PycharmProjects\AlternativeData\data\freight\KOBC Container Composite Index.xlsx
2026-06-19 14:05:32 | INFO | src.jobs_xlsx.freight.get_kcci_index | Excel file loaded | rows=180 | columns=18
2026-06-19 14:05:32 | INFO | src.jobs_xlsx.freight.get_kcci_index | KOBC container freight Parquet saved | output_path=C:\Users\krm\PycharmProjects\AlternativeData\data_lake\raw\freight\kobc_container_composite_index.parquet | rows=2520
