2026-06-12 17:16:23 | INFO | src.jobs_xlsx.get_macro_data | Macro data has been downloaded | symbol=CPIYOY | rows=676 | output_path=C:\Users\krm\PycharmProjects\AlternativeData\data_lake\raw\macro\USA\USCPI_YoY.parquet
2026-06-12 17:16:23 | INFO | src.jobs_xlsx.get_macro_data | Macro data has been downloaded | symbol=PAYEMS | rows=677 | output_path=C:\Users\krm\PycharmProjects\AlternativeData\data_lake\raw\macro\USA\Nonfarm_Payrolls.parquet
2026-06-12 17:20:45 | INFO | src.jobs_xlsx.get_macro_data | Macro data has been downloaded | symbol=CPIYOY | rows=676 | output_path=C:\Users\krm\PycharmProjects\AlternativeData\data_lake\raw\macro\USA\USCPI_YoY.parquet
2026-06-12 17:20:45 | INFO | src.jobs_xlsx.get_macro_data | Macro data has been downloaded | symbol=PAYEMS | rows=677 | output_path=C:\Users\krm\PycharmProjects\AlternativeData\data_lake\raw\macro\USA\Nonfarm_Payrolls.parquet
2026-06-12 17:20:45 | INFO | src.jobs_xlsx.get_macro_data | Macro data has been downloaded | symbol=NAPMPMI | rows=677 | output_path=C:\Users\krm\PycharmProjects\AlternativeData\data_lake\raw\macro\USA\NAPMPMI.parquet
2026-06-12 17:20:45 | INFO | src.jobs_xlsx.get_macro_data | Macro data has been downloaded | symbol=NAPMNEWO | rows=677 | output_path=C:\Users\krm\PycharmProjects\AlternativeData\data_lake\raw\macro\USA\NAPMNEWO.parquet
2026-06-12 17:20:45 | INFO | src.jobs_xlsx.get_macro_data | Macro data has been downloaded | symbol=NAPMNMI | rows=346 | output_path=C:\Users\krm\PycharmProjects\AlternativeData\data_lake\raw\macro\USA\NAPMNMI.parquet
2026-06-12 17:20:45 | INFO | src.jobs_xlsx.get_macro_data | Macro data has been downloaded | symbol=NAPMNNO | rows=346 | output_path=C:\Users\krm\PycharmProjects\AlternativeData\data_lake\raw\macro\USA\NAPMNNO.parquet
2026-06-12 17:20:45 | INFO | src.jobs_xlsx.get_macro_data | Macro data has been downloaded | symbol=NAPMNSD | rows=346 | output_path=C:\Users\krm\PycharmProjects\AlternativeData\data_lake\raw\macro\USA\NAPMNSD.parquet
2026-06-12 17:30:15 | INFO | src.jobs_xlsx.get_macro_data | Macro data has been downloaded | symbol=CPIYOY | rows=676 | output_path=C:\Users\krm\PycharmProjects\AlternativeData\data_lake\raw\macro\USA\USCPI_YoY.parquet
2026-06-12 17:30:16 | INFO | src.jobs_xlsx.get_macro_data | Macro data has been downloaded | symbol=PAYEMS | rows=677 | output_path=C:\Users\krm\PycharmProjects\AlternativeData\data_lake\raw\macro\USA\Nonfarm_Payrolls.parquet
2026-06-12 17:30:16 | INFO | src.jobs_xlsx.get_macro_data | Macro data has been downloaded | symbol=NAPMPMI | rows=677 | output_path=C:\Users\krm\PycharmProjects\AlternativeData\data_lake\raw\macro\USA\NAPMPMI.parquet
2026-06-12 17:30:16 | INFO | src.jobs_xlsx.get_macro_data | Macro data has been downloaded | symbol=NAPMNEWO | rows=677 | output_path=C:\Users\krm\PycharmProjects\AlternativeData\data_lake\raw\macro\USA\NAPMNEWO.parquet
2026-06-12 17:30:16 | INFO | src.jobs_xlsx.get_macro_data | Macro data has been downloaded | symbol=NAPMNMI | rows=346 | output_path=C:\Users\krm\PycharmProjects\AlternativeData\data_lake\raw\macro\USA\NAPMNMI.parquet
2026-06-12 17:30:16 | INFO | src.jobs_xlsx.get_macro_data | Macro data has been downloaded | symbol=NAPMNNO | rows=346 | output_path=C:\Users\krm\PycharmProjects\AlternativeData\data_lake\raw\macro\USA\NAPMNNO.parquet
2026-06-12 17:30:16 | INFO | src.jobs_xlsx.get_macro_data | Macro data has been downloaded | symbol=NAPMNSD | rows=346 | output_path=C:\Users\krm\PycharmProjects\AlternativeData\data_lake\raw\macro\USA\NAPMNSD.parquet
2026-06-12 17:30:16 | INFO | src.jobs_xlsx.get_macro_data | Macro data has been downloaded | symbol=JPCPIYOY | rows=663 | output_path=C:\Users\krm\PycharmProjects\AlternativeData\data_lake\raw\macro\Japan\JPCPIYOY.parquet
2026-06-12 17:31:19 | INFO | src.jobs_xlsx.get_macro_data | Macro data has been downloaded | symbol=CPIYOY | rows=676 | output_path=C:\Users\krm\PycharmProjects\AlternativeData\data_lake\raw\macro\USA\USCPI_YoY.parquet
2026-06-12 17:31:20 | INFO | src.jobs_xlsx.get_macro_data | Macro data has been downloaded | symbol=PAYEMS | rows=677 | output_path=C:\Users\krm\PycharmProjects\AlternativeData\data_lake\raw\macro\USA\Nonfarm_Payrolls.parquet
2026-06-12 17:31:20 | INFO | src.jobs_xlsx.get_macro_data | Macro data has been downloaded | symbol=NAPMPMI | rows=677 | output_path=C:\Users\krm\PycharmProjects\AlternativeData\data_lake\raw\macro\USA\NAPMPMI.parquet
2026-06-12 17:31:20 | INFO | src.jobs_xlsx.get_macro_data | Macro data has been downloaded | symbol=NAPMNEWO | rows=677 | output_path=C:\Users\krm\PycharmProjects\AlternativeData\data_lake\raw\macro\USA\NAPMNEWO.parquet
2026-06-12 17:31:20 | INFO | src.jobs_xlsx.get_macro_data | Macro data has been downloaded | symbol=NAPMNMI | rows=346 | output_path=C:\Users\krm\PycharmProjects\AlternativeData\data_lake\raw\macro\USA\NAPMNMI.parquet
2026-06-12 17:31:20 | INFO | src.jobs_xlsx.get_macro_data | Macro data has been downloaded | symbol=NAPMNNO | rows=346 | output_path=C:\Users\krm\PycharmProjects\AlternativeData\data_lake\raw\macro\USA\NAPMNNO.parquet
2026-06-12 17:31:20 | INFO | src.jobs_xlsx.get_macro_data | Macro data has been downloaded | symbol=NAPMNSD | rows=346 | output_path=C:\Users\krm\PycharmProjects\AlternativeData\data_lake\raw\macro\USA\NAPMNSD.parquet
2026-06-12 17:31:20 | INFO | src.jobs_xlsx.get_macro_data | Macro data has been downloaded | symbol=JPCPIYOY | rows=663 | output_path=C:\Users\krm\PycharmProjects\AlternativeData\data_lake\raw\macro\Japan\JPCPIYOY.parquet
2026-06-12 17:33:25 | INFO | src.jobs_xlsx.get_macro_data | Macro data has been downloaded | symbol=CPIYOY | rows=676 | output_path=C:\Users\krm\PycharmProjects\AlternativeData\data_lake\raw\macro\USA\USCPI_YoY.parquet
2026-06-12 17:33:25 | INFO | src.jobs_xlsx.get_macro_data | Macro data has been downloaded | symbol=PAYEMS | rows=677 | output_path=C:\Users\krm\PycharmProjects\AlternativeData\data_lake\raw\macro\USA\Nonfarm_Payrolls.parquet
2026-06-12 17:33:25 | INFO | src.jobs_xlsx.get_macro_data | Macro data has been downloaded | symbol=NAPMPMI | rows=677 | output_path=C:\Users\krm\PycharmProjects\AlternativeData\data_lake\raw\macro\USA\NAPMPMI.parquet
2026-06-12 17:33:25 | INFO | src.jobs_xlsx.get_macro_data | Macro data has been downloaded | symbol=NAPMNEWO | rows=677 | output_path=C:\Users\krm\PycharmProjects\AlternativeData\data_lake\raw\macro\USA\NAPMNEWO.parquet
2026-06-12 17:33:25 | INFO | src.jobs_xlsx.get_macro_data | Macro data has been downloaded | symbol=NAPMNMI | rows=346 | output_path=C:\Users\krm\PycharmProjects\AlternativeData\data_lake\raw\macro\USA\NAPMNMI.parquet
2026-06-12 17:33:25 | INFO | src.jobs_xlsx.get_macro_data | Macro data has been downloaded | symbol=NAPMNNO | rows=346 | output_path=C:\Users\krm\PycharmProjects\AlternativeData\data_lake\raw\macro\USA\NAPMNNO.parquet
2026-06-12 17:33:25 | INFO | src.jobs_xlsx.get_macro_data | Macro data has been downloaded | symbol=NAPMNSD | rows=346 | output_path=C:\Users\krm\PycharmProjects\AlternativeData\data_lake\raw\macro\USA\NAPMNSD.parquet
2026-06-12 17:33:25 | INFO | src.jobs_xlsx.get_macro_data | Macro data has been downloaded | symbol=JPCPIYOY | rows=663 | output_path=C:\Users\krm\PycharmProjects\AlternativeData\data_lake\raw\macro\Japan\JPCPIYOY.parquet
2026-06-12 17:33:25 | INFO | src.jobs_xlsx.get_macro_data | Macro data has been downloaded | symbol=CNCPIYOY | rows=483 | output_path=C:\Users\krm\PycharmProjects\AlternativeData\data_lake\raw\macro\China\CNCPIYOY.parquet
2026-06-12 17:33:25 | INFO | src.jobs_xlsx.get_macro_data | Macro data has been downloaded | symbol=CNCPIYOY | rows=483 | output_path=C:\Users\krm\PycharmProjects\AlternativeData\data_lake\raw\macro\China\CNCPIYOY.parquet
2026-06-12 17:33:25 | INFO | src.jobs_xlsx.get_macro_data | Macro data has been downloaded | symbol=CPMINDX | rows=256 | output_path=C:\Users\krm\PycharmProjects\AlternativeData\data_lake\raw\macro\China\CPMINDX.parquet
2026-06-13 00:02:27 | INFO | src.jobs_xlsx.get_macro_data | Macro data has been downloaded | symbol=CPIYOY | rows=676 | output_path=/Users/tommy/Desktop/Pycharm/FinancialData/data_lake/raw/macro/USA/USCPI_YoY.parquet
2026-06-13 00:02:27 | INFO | src.jobs_xlsx.get_macro_data | Macro data has been downloaded | symbol=PAYEMS | rows=677 | output_path=/Users/tommy/Desktop/Pycharm/FinancialData/data_lake/raw/macro/USA/Nonfarm_Payrolls.parquet
2026-06-13 00:02:27 | INFO | src.jobs_xlsx.get_macro_data | Macro data has been downloaded | symbol=NAPMPMI | rows=677 | output_path=/Users/tommy/Desktop/Pycharm/FinancialData/data_lake/raw/macro/USA/NAPMPMI.parquet
2026-06-13 00:02:27 | INFO | src.jobs_xlsx.get_macro_data | Macro data has been downloaded | symbol=NAPMNEWO | rows=677 | output_path=/Users/tommy/Desktop/Pycharm/FinancialData/data_lake/raw/macro/USA/NAPMNEWO.parquet
2026-06-13 00:02:27 | INFO | src.jobs_xlsx.get_macro_data | Macro data has been downloaded | symbol=NAPMNMI | rows=346 | output_path=/Users/tommy/Desktop/Pycharm/FinancialData/data_lake/raw/macro/USA/NAPMNMI.parquet
2026-06-13 00:02:27 | INFO | src.jobs_xlsx.get_macro_data | Macro data has been downloaded | symbol=NAPMNNO | rows=346 | output_path=/Users/tommy/Desktop/Pycharm/FinancialData/data_lake/raw/macro/USA/NAPMNNO.parquet
2026-06-13 00:02:27 | INFO | src.jobs_xlsx.get_macro_data | Macro data has been downloaded | symbol=NAPMNSD | rows=346 | output_path=/Users/tommy/Desktop/Pycharm/FinancialData/data_lake/raw/macro/USA/NAPMNSD.parquet
2026-06-13 00:02:27 | INFO | src.jobs_xlsx.get_macro_data | Macro data has been downloaded | symbol=JPCPIYOY | rows=663 | output_path=/Users/tommy/Desktop/Pycharm/FinancialData/data_lake/raw/macro/Japan/JPCPIYOY.parquet
2026-06-13 00:02:27 | INFO | src.jobs_xlsx.get_macro_data | Macro data has been downloaded | symbol=CNCPIYOY | rows=483 | output_path=/Users/tommy/Desktop/Pycharm/FinancialData/data_lake/raw/macro/China/CNCPIYOY.parquet
2026-06-13 00:02:27 | INFO | src.jobs_xlsx.get_macro_data | Macro data has been downloaded | symbol=CNCPIYOY | rows=483 | output_path=/Users/tommy/Desktop/Pycharm/FinancialData/data_lake/raw/macro/China/CNCPIYOY.parquet
2026-06-13 00:02:27 | INFO | src.jobs_xlsx.get_macro_data | Macro data has been downloaded | symbol=CPMINDX | rows=256 | output_path=/Users/tommy/Desktop/Pycharm/FinancialData/data_lake/raw/macro/China/CPMINDX.parquet
2026-06-15 09:15:40 | INFO | src.jobs_xlsx.get_macro_data | Macro data has been downloaded | symbol=CPIYOY | rows=676 | output_path=C:\Users\krm\PycharmProjects\AlternativeData\data_lake\raw\macro\USA\USCPI_YoY.parquet
2026-06-15 09:15:41 | INFO | src.jobs_xlsx.get_macro_data | Macro data has been downloaded | symbol=PAYEMS | rows=677 | output_path=C:\Users\krm\PycharmProjects\AlternativeData\data_lake\raw\macro\USA\Nonfarm_Payrolls.parquet
2026-06-15 09:15:41 | INFO | src.jobs_xlsx.get_macro_data | Macro data has been downloaded | symbol=NAPMPMI | rows=677 | output_path=C:\Users\krm\PycharmProjects\AlternativeData\data_lake\raw\macro\USA\NAPMPMI.parquet
2026-06-15 09:15:41 | INFO | src.jobs_xlsx.get_macro_data | Macro data has been downloaded | symbol=NAPMNEWO | rows=677 | output_path=C:\Users\krm\PycharmProjects\AlternativeData\data_lake\raw\macro\USA\NAPMNEWO.parquet
2026-06-15 09:15:41 | INFO | src.jobs_xlsx.get_macro_data | Macro data has been downloaded | symbol=NAPMNMI | rows=346 | output_path=C:\Users\krm\PycharmProjects\AlternativeData\data_lake\raw\macro\USA\NAPMNMI.parquet
2026-06-15 09:15:41 | INFO | src.jobs_xlsx.get_macro_data | Macro data has been downloaded | symbol=NAPMNNO | rows=346 | output_path=C:\Users\krm\PycharmProjects\AlternativeData\data_lake\raw\macro\USA\NAPMNNO.parquet
2026-06-15 09:15:41 | INFO | src.jobs_xlsx.get_macro_data | Macro data has been downloaded | symbol=NAPMNSD | rows=346 | output_path=C:\Users\krm\PycharmProjects\AlternativeData\data_lake\raw\macro\USA\NAPMNSD.parquet
2026-06-15 09:15:41 | INFO | src.jobs_xlsx.get_macro_data | Macro data has been downloaded | symbol=JPCPIYOY | rows=663 | output_path=C:\Users\krm\PycharmProjects\AlternativeData\data_lake\raw\macro\Japan\JPCPIYOY.parquet
2026-06-15 09:15:41 | INFO | src.jobs_xlsx.get_macro_data | Macro data has been downloaded | symbol=CNCPIYOY | rows=483 | output_path=C:\Users\krm\PycharmProjects\AlternativeData\data_lake\raw\macro\China\CNCPIYOY.parquet
2026-06-15 09:15:41 | INFO | src.jobs_xlsx.get_macro_data | Macro data has been downloaded | symbol=CNCPIYOY | rows=483 | output_path=C:\Users\krm\PycharmProjects\AlternativeData\data_lake\raw\macro\China\CNCPIYOY.parquet
2026-06-15 09:15:41 | INFO | src.jobs_xlsx.get_macro_data | Macro data has been downloaded | symbol=CPMINDX | rows=256 | output_path=C:\Users\krm\PycharmProjects\AlternativeData\data_lake\raw\macro\China\CPMINDX.parquet
2026-06-15 17:37:32 | INFO | src.jobs_xlsx.get_macro_data | Macro data has been downloaded | symbol=CPIYOY | rows=676 | output_path=C:\Users\krm\PycharmProjects\AlternativeData\data_lake\raw\macro\USA\USCPI_YoY.parquet
2026-06-15 17:37:32 | INFO | src.jobs_xlsx.get_macro_data | Macro data has been downloaded | symbol=PAYEMS | rows=677 | output_path=C:\Users\krm\PycharmProjects\AlternativeData\data_lake\raw\macro\USA\Nonfarm_Payrolls.parquet
2026-06-15 17:37:32 | INFO | src.jobs_xlsx.get_macro_data | Macro data has been downloaded | symbol=NAPMPMI | rows=677 | output_path=C:\Users\krm\PycharmProjects\AlternativeData\data_lake\raw\macro\USA\NAPMPMI.parquet
2026-06-15 17:37:32 | INFO | src.jobs_xlsx.get_macro_data | Macro data has been downloaded | symbol=NAPMNEWO | rows=677 | output_path=C:\Users\krm\PycharmProjects\AlternativeData\data_lake\raw\macro\USA\NAPMNEWO.parquet
2026-06-15 17:37:32 | INFO | src.jobs_xlsx.get_macro_data | Macro data has been downloaded | symbol=NAPMNMI | rows=346 | output_path=C:\Users\krm\PycharmProjects\AlternativeData\data_lake\raw\macro\USA\NAPMNMI.parquet
2026-06-15 17:37:32 | INFO | src.jobs_xlsx.get_macro_data | Macro data has been downloaded | symbol=NAPMNNO | rows=346 | output_path=C:\Users\krm\PycharmProjects\AlternativeData\data_lake\raw\macro\USA\NAPMNNO.parquet
2026-06-15 17:37:32 | INFO | src.jobs_xlsx.get_macro_data | Macro data has been downloaded | symbol=NAPMNSD | rows=346 | output_path=C:\Users\krm\PycharmProjects\AlternativeData\data_lake\raw\macro\USA\NAPMNSD.parquet
2026-06-15 17:37:32 | INFO | src.jobs_xlsx.get_macro_data | Macro data has been downloaded | symbol=JPCPIYOY | rows=663 | output_path=C:\Users\krm\PycharmProjects\AlternativeData\data_lake\raw\macro\Japan\JPCPIYOY.parquet
2026-06-15 17:37:32 | INFO | src.jobs_xlsx.get_macro_data | Macro data has been downloaded | symbol=CNCPIYOY | rows=483 | output_path=C:\Users\krm\PycharmProjects\AlternativeData\data_lake\raw\macro\China\CNCPIYOY.parquet
2026-06-15 17:37:32 | INFO | src.jobs_xlsx.get_macro_data | Macro data has been downloaded | symbol=CNCPIYOY | rows=483 | output_path=C:\Users\krm\PycharmProjects\AlternativeData\data_lake\raw\macro\China\CNCPIYOY.parquet
2026-06-15 17:37:32 | INFO | src.jobs_xlsx.get_macro_data | Macro data has been downloaded | symbol=CPMINDX | rows=256 | output_path=C:\Users\krm\PycharmProjects\AlternativeData\data_lake\raw\macro\China\CPMINDX.parquet
2026-06-15 17:41:22 | INFO | src.jobs_xlsx.get_macro_data | Macro data has been downloaded | symbol=CPIYOY | rows=676 | output_path=C:\Users\krm\PycharmProjects\AlternativeData\data_lake\raw\macro\USA\USCPI_YoY.parquet
2026-06-15 17:41:22 | INFO | src.jobs_xlsx.get_macro_data | Macro data has been downloaded | symbol=PAYEMS | rows=677 | output_path=C:\Users\krm\PycharmProjects\AlternativeData\data_lake\raw\macro\USA\Nonfarm_Payrolls.parquet
2026-06-15 17:41:22 | INFO | src.jobs_xlsx.get_macro_data | Macro data has been downloaded | symbol=NAPMPMI | rows=677 | output_path=C:\Users\krm\PycharmProjects\AlternativeData\data_lake\raw\macro\USA\NAPMPMI.parquet
2026-06-15 17:41:22 | INFO | src.jobs_xlsx.get_macro_data | Macro data has been downloaded | symbol=NAPMNEWO | rows=677 | output_path=C:\Users\krm\PycharmProjects\AlternativeData\data_lake\raw\macro\USA\NAPMNEWO.parquet
2026-06-15 17:41:22 | INFO | src.jobs_xlsx.get_macro_data | Macro data has been downloaded | symbol=NAPMNMI | rows=346 | output_path=C:\Users\krm\PycharmProjects\AlternativeData\data_lake\raw\macro\USA\NAPMNMI.parquet
2026-06-15 17:41:22 | INFO | src.jobs_xlsx.get_macro_data | Macro data has been downloaded | symbol=NAPMNNO | rows=346 | output_path=C:\Users\krm\PycharmProjects\AlternativeData\data_lake\raw\macro\USA\NAPMNNO.parquet
2026-06-15 17:41:22 | INFO | src.jobs_xlsx.get_macro_data | Macro data has been downloaded | symbol=NAPMNSD | rows=346 | output_path=C:\Users\krm\PycharmProjects\AlternativeData\data_lake\raw\macro\USA\NAPMNSD.parquet
2026-06-15 17:41:22 | INFO | src.jobs_xlsx.get_macro_data | Macro data has been downloaded | symbol=JPCPIYOY | rows=663 | output_path=C:\Users\krm\PycharmProjects\AlternativeData\data_lake\raw\macro\Japan\JPCPIYOY.parquet
2026-06-15 17:41:22 | INFO | src.jobs_xlsx.get_macro_data | Macro data has been downloaded | symbol=CNCPIYOY | rows=483 | output_path=C:\Users\krm\PycharmProjects\AlternativeData\data_lake\raw\macro\China\CNCPIYOY.parquet
2026-06-15 17:41:22 | INFO | src.jobs_xlsx.get_macro_data | Macro data has been downloaded | symbol=CNCPIYOY | rows=483 | output_path=C:\Users\krm\PycharmProjects\AlternativeData\data_lake\raw\macro\China\CNCPIYOY.parquet
2026-06-15 17:41:22 | INFO | src.jobs_xlsx.get_macro_data | Macro data has been downloaded | symbol=CPMINDX | rows=256 | output_path=C:\Users\krm\PycharmProjects\AlternativeData\data_lake\raw\macro\China\CPMINDX.parquet
2026-06-16 10:46:26 | INFO | src.jobs_xlsx.get_macro_data | Macro data has been downloaded | symbol=CPIYOY | rows=676 | output_path=C:\Users\krm\PycharmProjects\AlternativeData\data_lake\raw\macro\USA\USCPI_YoY.parquet
2026-06-16 10:46:26 | INFO | src.jobs_xlsx.get_macro_data | Macro data has been downloaded | symbol=PAYEMS | rows=677 | output_path=C:\Users\krm\PycharmProjects\AlternativeData\data_lake\raw\macro\USA\Nonfarm_Payrolls.parquet
2026-06-16 10:46:26 | INFO | src.jobs_xlsx.get_macro_data | Macro data has been downloaded | symbol=NAPMPMI | rows=677 | output_path=C:\Users\krm\PycharmProjects\AlternativeData\data_lake\raw\macro\USA\NAPMPMI.parquet
2026-06-16 10:46:27 | INFO | src.jobs_xlsx.get_macro_data | Macro data has been downloaded | symbol=NAPMNEWO | rows=677 | output_path=C:\Users\krm\PycharmProjects\AlternativeData\data_lake\raw\macro\USA\NAPMNEWO.parquet
2026-06-16 10:46:27 | INFO | src.jobs_xlsx.get_macro_data | Macro data has been downloaded | symbol=NAPMNMI | rows=346 | output_path=C:\Users\krm\PycharmProjects\AlternativeData\data_lake\raw\macro\USA\NAPMNMI.parquet
2026-06-16 10:46:27 | INFO | src.jobs_xlsx.get_macro_data | Macro data has been downloaded | symbol=NAPMNNO | rows=346 | output_path=C:\Users\krm\PycharmProjects\AlternativeData\data_lake\raw\macro\USA\NAPMNNO.parquet
2026-06-16 10:46:27 | INFO | src.jobs_xlsx.get_macro_data | Macro data has been downloaded | symbol=NAPMNSD | rows=346 | output_path=C:\Users\krm\PycharmProjects\AlternativeData\data_lake\raw\macro\USA\NAPMNSD.parquet
2026-06-16 10:46:27 | INFO | src.jobs_xlsx.get_macro_data | Macro data has been downloaded | symbol=JPCPIYOY | rows=663 | output_path=C:\Users\krm\PycharmProjects\AlternativeData\data_lake\raw\macro\Japan\JPCPIYOY.parquet
2026-06-16 10:46:27 | INFO | src.jobs_xlsx.get_macro_data | Macro data has been downloaded | symbol=CNCPIYOY | rows=483 | output_path=C:\Users\krm\PycharmProjects\AlternativeData\data_lake\raw\macro\China\CNCPIYOY.parquet
2026-06-16 10:46:27 | INFO | src.jobs_xlsx.get_macro_data | Macro data has been downloaded | symbol=CNCPIYOY | rows=483 | output_path=C:\Users\krm\PycharmProjects\AlternativeData\data_lake\raw\macro\China\CNCPIYOY.parquet
2026-06-16 10:46:27 | INFO | src.jobs_xlsx.get_macro_data | Macro data has been downloaded | symbol=CPMINDX | rows=256 | output_path=C:\Users\krm\PycharmProjects\AlternativeData\data_lake\raw\macro\China\CPMINDX.parquet
2026-06-16 11:01:48 | INFO | src.jobs_xlsx.get_macro_data | Macro data has been downloaded | symbol=CPIYOY | rows=676 | output_path=C:\Users\krm\PycharmProjects\AlternativeData\data_lake\raw\macro\USA\USCPI_YoY.parquet
2026-06-16 11:01:48 | INFO | src.jobs_xlsx.get_macro_data | Macro data has been downloaded | symbol=PAYEMS | rows=677 | output_path=C:\Users\krm\PycharmProjects\AlternativeData\data_lake\raw\macro\USA\Nonfarm_Payrolls.parquet
2026-06-16 11:01:48 | INFO | src.jobs_xlsx.get_macro_data | Macro data has been downloaded | symbol=NAPMPMI | rows=677 | output_path=C:\Users\krm\PycharmProjects\AlternativeData\data_lake\raw\macro\USA\NAPMPMI.parquet
2026-06-16 11:01:48 | INFO | src.jobs_xlsx.get_macro_data | Macro data has been downloaded | symbol=NAPMNEWO | rows=677 | output_path=C:\Users\krm\PycharmProjects\AlternativeData\data_lake\raw\macro\USA\NAPMNEWO.parquet
2026-06-16 11:01:48 | INFO | src.jobs_xlsx.get_macro_data | Macro data has been downloaded | symbol=NAPMNMI | rows=346 | output_path=C:\Users\krm\PycharmProjects\AlternativeData\data_lake\raw\macro\USA\NAPMNMI.parquet
2026-06-16 11:01:48 | INFO | src.jobs_xlsx.get_macro_data | Macro data has been downloaded | symbol=NAPMNNO | rows=346 | output_path=C:\Users\krm\PycharmProjects\AlternativeData\data_lake\raw\macro\USA\NAPMNNO.parquet
2026-06-16 11:01:48 | INFO | src.jobs_xlsx.get_macro_data | Macro data has been downloaded | symbol=NAPMNSD | rows=346 | output_path=C:\Users\krm\PycharmProjects\AlternativeData\data_lake\raw\macro\USA\NAPMNSD.parquet
2026-06-16 11:01:48 | INFO | src.jobs_xlsx.get_macro_data | Macro data has been downloaded | symbol=JPCPIYOY | rows=663 | output_path=C:\Users\krm\PycharmProjects\AlternativeData\data_lake\raw\macro\Japan\JPCPIYOY.parquet
2026-06-16 11:01:48 | INFO | src.jobs_xlsx.get_macro_data | Macro data has been downloaded | symbol=CNCPIYOY | rows=483 | output_path=C:\Users\krm\PycharmProjects\AlternativeData\data_lake\raw\macro\China\CNCPIYOY.parquet
2026-06-16 11:01:48 | INFO | src.jobs_xlsx.get_macro_data | Macro data has been downloaded | symbol=CNCPIYOY | rows=483 | output_path=C:\Users\krm\PycharmProjects\AlternativeData\data_lake\raw\macro\China\CNCPIYOY.parquet
2026-06-16 11:01:48 | INFO | src.jobs_xlsx.get_macro_data | Macro data has been downloaded | symbol=CPMINDX | rows=256 | output_path=C:\Users\krm\PycharmProjects\AlternativeData\data_lake\raw\macro\China\CPMINDX.parquet
2026-06-16 14:34:13 | INFO | src.jobs_xlsx.get_macro_data | Macro data has been downloaded | symbol=CPIYOY | rows=676 | output_path=C:\Users\krm\PycharmProjects\AlternativeData\data_lake\raw\macro\USA\USCPI_YoY.parquet
2026-06-16 14:34:13 | INFO | src.jobs_xlsx.get_macro_data | Macro data has been downloaded | symbol=PAYEMS | rows=677 | output_path=C:\Users\krm\PycharmProjects\AlternativeData\data_lake\raw\macro\USA\Nonfarm_Payrolls.parquet
2026-06-16 14:34:13 | INFO | src.jobs_xlsx.get_macro_data | Macro data has been downloaded | symbol=NAPMPMI | rows=677 | output_path=C:\Users\krm\PycharmProjects\AlternativeData\data_lake\raw\macro\USA\NAPMPMI.parquet
2026-06-16 14:34:13 | INFO | src.jobs_xlsx.get_macro_data | Macro data has been downloaded | symbol=NAPMNEWO | rows=677 | output_path=C:\Users\krm\PycharmProjects\AlternativeData\data_lake\raw\macro\USA\NAPMNEWO.parquet
2026-06-16 14:34:13 | INFO | src.jobs_xlsx.get_macro_data | Macro data has been downloaded | symbol=NAPMNMI | rows=346 | output_path=C:\Users\krm\PycharmProjects\AlternativeData\data_lake\raw\macro\USA\NAPMNMI.parquet
2026-06-16 14:34:13 | INFO | src.jobs_xlsx.get_macro_data | Macro data has been downloaded | symbol=NAPMNNO | rows=346 | output_path=C:\Users\krm\PycharmProjects\AlternativeData\data_lake\raw\macro\USA\NAPMNNO.parquet
2026-06-16 14:34:13 | INFO | src.jobs_xlsx.get_macro_data | Macro data has been downloaded | symbol=NAPMNSD | rows=346 | output_path=C:\Users\krm\PycharmProjects\AlternativeData\data_lake\raw\macro\USA\NAPMNSD.parquet
2026-06-16 14:34:13 | INFO | src.jobs_xlsx.get_macro_data | Macro data has been downloaded | symbol=JPCPIYOY | rows=663 | output_path=C:\Users\krm\PycharmProjects\AlternativeData\data_lake\raw\macro\Japan\JPCPIYOY.parquet
2026-06-16 14:34:13 | INFO | src.jobs_xlsx.get_macro_data | Macro data has been downloaded | symbol=CNCPIYOY | rows=483 | output_path=C:\Users\krm\PycharmProjects\AlternativeData\data_lake\raw\macro\China\CNCPIYOY.parquet
2026-06-16 14:34:13 | INFO | src.jobs_xlsx.get_macro_data | Macro data has been downloaded | symbol=CNCPIYOY | rows=483 | output_path=C:\Users\krm\PycharmProjects\AlternativeData\data_lake\raw\macro\China\CNCPIYOY.parquet
2026-06-16 14:34:13 | INFO | src.jobs_xlsx.get_macro_data | Macro data has been downloaded | symbol=CPMINDX | rows=256 | output_path=C:\Users\krm\PycharmProjects\AlternativeData\data_lake\raw\macro\China\CPMINDX.parquet
2026-06-16 15:12:36 | INFO | src.jobs_xlsx.get_macro_data | Macro data has been downloaded | symbol=CPIYOY | rows=676 | output_path=C:\Users\krm\PycharmProjects\AlternativeData\data_lake\raw\macro\USA\USCPI_YoY.parquet
2026-06-16 15:12:36 | INFO | src.jobs_xlsx.get_macro_data | Macro data has been downloaded | symbol=PAYEMS | rows=677 | output_path=C:\Users\krm\PycharmProjects\AlternativeData\data_lake\raw\macro\USA\Nonfarm_Payrolls.parquet
2026-06-16 15:12:36 | INFO | src.jobs_xlsx.get_macro_data | Macro data has been downloaded | symbol=NAPMPMI | rows=677 | output_path=C:\Users\krm\PycharmProjects\AlternativeData\data_lake\raw\macro\USA\NAPMPMI.parquet
2026-06-16 15:12:36 | INFO | src.jobs_xlsx.get_macro_data | Macro data has been downloaded | symbol=NAPMNEWO | rows=677 | output_path=C:\Users\krm\PycharmProjects\AlternativeData\data_lake\raw\macro\USA\NAPMNEWO.parquet
2026-06-16 15:12:36 | INFO | src.jobs_xlsx.get_macro_data | Macro data has been downloaded | symbol=NAPMNMI | rows=346 | output_path=C:\Users\krm\PycharmProjects\AlternativeData\data_lake\raw\macro\USA\NAPMNMI.parquet
2026-06-16 15:12:36 | INFO | src.jobs_xlsx.get_macro_data | Macro data has been downloaded | symbol=NAPMNNO | rows=346 | output_path=C:\Users\krm\PycharmProjects\AlternativeData\data_lake\raw\macro\USA\NAPMNNO.parquet
2026-06-16 15:12:36 | INFO | src.jobs_xlsx.get_macro_data | Macro data has been downloaded | symbol=NAPMNSD | rows=346 | output_path=C:\Users\krm\PycharmProjects\AlternativeData\data_lake\raw\macro\USA\NAPMNSD.parquet
2026-06-16 15:12:36 | INFO | src.jobs_xlsx.get_macro_data | Macro data has been downloaded | symbol=JPCPIYOY | rows=663 | output_path=C:\Users\krm\PycharmProjects\AlternativeData\data_lake\raw\macro\Japan\JPCPIYOY.parquet
2026-06-16 15:12:36 | INFO | src.jobs_xlsx.get_macro_data | Macro data has been downloaded | symbol=CNCPIYOY | rows=483 | output_path=C:\Users\krm\PycharmProjects\AlternativeData\data_lake\raw\macro\China\CNCPIYOY.parquet
2026-06-16 15:12:36 | INFO | src.jobs_xlsx.get_macro_data | Macro data has been downloaded | symbol=CNCPIYOY | rows=483 | output_path=C:\Users\krm\PycharmProjects\AlternativeData\data_lake\raw\macro\China\CNCPIYOY.parquet
2026-06-16 15:12:36 | INFO | src.jobs_xlsx.get_macro_data | Macro data has been downloaded | symbol=CPMINDX | rows=256 | output_path=C:\Users\krm\PycharmProjects\AlternativeData\data_lake\raw\macro\China\CPMINDX.parquet
2026-06-16 15:12:36 | INFO | src.jobs_xlsx.get_macro_data | Macro data has been downloaded | symbol=ADPCHNG | rows=298 | output_path=C:\Users\krm\PycharmProjects\AlternativeData\data_lake\raw\macro\USA\ADPCHNG.parquet
2026-06-16 15:12:36 | INFO | src.jobs_xlsx.get_macro_data | Macro data has been downloaded | symbol=FDTR | rows=298 | output_path=C:\Users\krm\PycharmProjects\AlternativeData\data_lake\raw\macro\USA\FDTR.parquet
2026-06-16 15:12:36 | INFO | src.jobs_xlsx.get_macro_data | Macro data has been downloaded | symbol=CONCCONF | rows=676 | output_path=C:\Users\krm\PycharmProjects\AlternativeData\data_lake\raw\macro\USA\CONCCONF.parquet
2026-06-16 15:19:46 | INFO | src.jobs_xlsx.get_macro_data | Macro data has been downloaded | symbol=CPIYOY | rows=676 | output_path=C:\Users\krm\PycharmProjects\AlternativeData\data_lake\raw\macro\USA\USCPI_YoY.parquet
2026-06-16 15:19:46 | INFO | src.jobs_xlsx.get_macro_data | Macro data has been downloaded | symbol=PAYEMS | rows=677 | output_path=C:\Users\krm\PycharmProjects\AlternativeData\data_lake\raw\macro\USA\Nonfarm_Payrolls.parquet
2026-06-16 15:19:46 | INFO | src.jobs_xlsx.get_macro_data | Macro data has been downloaded | symbol=NAPMPMI | rows=677 | output_path=C:\Users\krm\PycharmProjects\AlternativeData\data_lake\raw\macro\USA\NAPMPMI.parquet
2026-06-16 15:19:46 | INFO | src.jobs_xlsx.get_macro_data | Macro data has been downloaded | symbol=NAPMNEWO | rows=677 | output_path=C:\Users\krm\PycharmProjects\AlternativeData\data_lake\raw\macro\USA\NAPMNEWO.parquet
2026-06-16 15:19:46 | INFO | src.jobs_xlsx.get_macro_data | Macro data has been downloaded | symbol=NAPMNMI | rows=346 | output_path=C:\Users\krm\PycharmProjects\AlternativeData\data_lake\raw\macro\USA\NAPMNMI.parquet
2026-06-16 15:19:46 | INFO | src.jobs_xlsx.get_macro_data | Macro data has been downloaded | symbol=NAPMNNO | rows=346 | output_path=C:\Users\krm\PycharmProjects\AlternativeData\data_lake\raw\macro\USA\NAPMNNO.parquet
2026-06-16 15:19:46 | INFO | src.jobs_xlsx.get_macro_data | Macro data has been downloaded | symbol=NAPMNSD | rows=346 | output_path=C:\Users\krm\PycharmProjects\AlternativeData\data_lake\raw\macro\USA\NAPMNSD.parquet
2026-06-16 15:19:46 | INFO | src.jobs_xlsx.get_macro_data | Macro data has been downloaded | symbol=JPCPIYOY | rows=663 | output_path=C:\Users\krm\PycharmProjects\AlternativeData\data_lake\raw\macro\Japan\JPCPIYOY.parquet
2026-06-16 15:19:46 | INFO | src.jobs_xlsx.get_macro_data | Macro data has been downloaded | symbol=CNCPIYOY | rows=483 | output_path=C:\Users\krm\PycharmProjects\AlternativeData\data_lake\raw\macro\China\CNCPIYOY.parquet
2026-06-16 15:19:46 | INFO | src.jobs_xlsx.get_macro_data | Macro data has been downloaded | symbol=CNCPIYOY | rows=483 | output_path=C:\Users\krm\PycharmProjects\AlternativeData\data_lake\raw\macro\China\CNCPIYOY.parquet
2026-06-16 15:19:46 | INFO | src.jobs_xlsx.get_macro_data | Macro data has been downloaded | symbol=CPMINDX | rows=256 | output_path=C:\Users\krm\PycharmProjects\AlternativeData\data_lake\raw\macro\China\CPMINDX.parquet
2026-06-16 15:19:46 | INFO | src.jobs_xlsx.get_macro_data | Macro data has been downloaded | symbol=ADPCHNG | rows=298 | output_path=C:\Users\krm\PycharmProjects\AlternativeData\data_lake\raw\macro\USA\ADPCHNG.parquet
2026-06-16 15:19:46 | INFO | src.jobs_xlsx.get_macro_data | Macro data has been downloaded | symbol=FDTR | rows=298 | output_path=C:\Users\krm\PycharmProjects\AlternativeData\data_lake\raw\macro\USA\FDTR.parquet
2026-06-16 15:19:46 | INFO | src.jobs_xlsx.get_macro_data | Macro data has been downloaded | symbol=CONCCONF | rows=676 | output_path=C:\Users\krm\PycharmProjects\AlternativeData\data_lake\raw\macro\USA\CONCCONF.parquet
2026-06-16 15:21:54 | INFO | src.jobs_xlsx.get_macro_data | Macro data has been downloaded | symbol=CPIYOY | rows=676 | output_path=C:\Users\krm\PycharmProjects\AlternativeData\data_lake\raw\macro\USA\USCPI_YoY.parquet
2026-06-16 15:21:54 | INFO | src.jobs_xlsx.get_macro_data | Macro data has been downloaded | symbol=PAYEMS | rows=677 | output_path=C:\Users\krm\PycharmProjects\AlternativeData\data_lake\raw\macro\USA\Nonfarm_Payrolls.parquet
2026-06-16 15:21:54 | INFO | src.jobs_xlsx.get_macro_data | Macro data has been downloaded | symbol=NAPMPMI | rows=677 | output_path=C:\Users\krm\PycharmProjects\AlternativeData\data_lake\raw\macro\USA\NAPMPMI.parquet
2026-06-16 15:21:55 | INFO | src.jobs_xlsx.get_macro_data | Macro data has been downloaded | symbol=NAPMNEWO | rows=677 | output_path=C:\Users\krm\PycharmProjects\AlternativeData\data_lake\raw\macro\USA\NAPMNEWO.parquet
2026-06-16 15:21:55 | INFO | src.jobs_xlsx.get_macro_data | Macro data has been downloaded | symbol=NAPMNMI | rows=346 | output_path=C:\Users\krm\PycharmProjects\AlternativeData\data_lake\raw\macro\USA\NAPMNMI.parquet
2026-06-16 15:21:55 | INFO | src.jobs_xlsx.get_macro_data | Macro data has been downloaded | symbol=NAPMNNO | rows=346 | output_path=C:\Users\krm\PycharmProjects\AlternativeData\data_lake\raw\macro\USA\NAPMNNO.parquet
2026-06-16 15:21:55 | INFO | src.jobs_xlsx.get_macro_data | Macro data has been downloaded | symbol=NAPMNSD | rows=346 | output_path=C:\Users\krm\PycharmProjects\AlternativeData\data_lake\raw\macro\USA\NAPMNSD.parquet
2026-06-16 15:21:55 | INFO | src.jobs_xlsx.get_macro_data | Macro data has been downloaded | symbol=JPCPIYOY | rows=663 | output_path=C:\Users\krm\PycharmProjects\AlternativeData\data_lake\raw\macro\Japan\JPCPIYOY.parquet
2026-06-16 15:21:55 | INFO | src.jobs_xlsx.get_macro_data | Macro data has been downloaded | symbol=CNCPIYOY | rows=483 | output_path=C:\Users\krm\PycharmProjects\AlternativeData\data_lake\raw\macro\China\CNCPIYOY.parquet
2026-06-16 15:21:55 | INFO | src.jobs_xlsx.get_macro_data | Macro data has been downloaded | symbol=CNCPIYOY | rows=483 | output_path=C:\Users\krm\PycharmProjects\AlternativeData\data_lake\raw\macro\China\CNCPIYOY.parquet
2026-06-16 15:21:55 | INFO | src.jobs_xlsx.get_macro_data | Macro data has been downloaded | symbol=CPMINDX | rows=256 | output_path=C:\Users\krm\PycharmProjects\AlternativeData\data_lake\raw\macro\China\CPMINDX.parquet
2026-06-16 15:21:55 | INFO | src.jobs_xlsx.get_macro_data | Macro data has been downloaded | symbol=ADPCHNG | rows=298 | output_path=C:\Users\krm\PycharmProjects\AlternativeData\data_lake\raw\macro\USA\ADPCHNG.parquet
2026-06-16 15:21:55 | INFO | src.jobs_xlsx.get_macro_data | Macro data has been downloaded | symbol=FDTR | rows=298 | output_path=C:\Users\krm\PycharmProjects\AlternativeData\data_lake\raw\macro\USA\FDTR.parquet
2026-06-16 15:21:55 | INFO | src.jobs_xlsx.get_macro_data | Macro data has been downloaded | symbol=CONCCONF | rows=676 | output_path=C:\Users\krm\PycharmProjects\AlternativeData\data_lake\raw\macro\USA\CONCCONF.parquet
2026-06-16 15:21:55 | INFO | src.jobs_xlsx.get_macro_data | Macro data has been downloaded | symbol=CONSSENT | rows=826 | output_path=C:\Users\krm\PycharmProjects\AlternativeData\data_lake\raw\macro\USA\CONSSENT.parquet
2026-06-16 15:21:55 | INFO | src.jobs_xlsx.get_macro_data | Macro data has been downloaded | symbol=PCECYOY | rows=676 | output_path=C:\Users\krm\PycharmProjects\AlternativeData\data_lake\raw\macro\USA\PCECYOY.parquet
2026-06-16 15:21:55 | INFO | src.jobs_xlsx.get_macro_data | Macro data has been downloaded | symbol=USURTOT | rows=941 | output_path=C:\Users\krm\PycharmProjects\AlternativeData\data_lake\raw\macro\USA\USURTOT.parquet
2026-06-16 15:22:16 | INFO | src.jobs_xlsx.get_macro_data | Macro data has been downloaded | symbol=CPIYOY | rows=676 | output_path=C:\Users\krm\PycharmProjects\AlternativeData\data_lake\raw\macro\USA\USCPI_YoY.parquet
2026-06-16 15:22:16 | INFO | src.jobs_xlsx.get_macro_data | Macro data has been downloaded | symbol=PAYEMS | rows=677 | output_path=C:\Users\krm\PycharmProjects\AlternativeData\data_lake\raw\macro\USA\Nonfarm_Payrolls.parquet
2026-06-16 15:22:16 | INFO | src.jobs_xlsx.get_macro_data | Macro data has been downloaded | symbol=NAPMPMI | rows=677 | output_path=C:\Users\krm\PycharmProjects\AlternativeData\data_lake\raw\macro\USA\NAPMPMI.parquet
2026-06-16 15:22:16 | INFO | src.jobs_xlsx.get_macro_data | Macro data has been downloaded | symbol=NAPMNEWO | rows=677 | output_path=C:\Users\krm\PycharmProjects\AlternativeData\data_lake\raw\macro\USA\NAPMNEWO.parquet
2026-06-16 15:22:16 | INFO | src.jobs_xlsx.get_macro_data | Macro data has been downloaded | symbol=NAPMNMI | rows=346 | output_path=C:\Users\krm\PycharmProjects\AlternativeData\data_lake\raw\macro\USA\NAPMNMI.parquet
2026-06-16 15:22:16 | INFO | src.jobs_xlsx.get_macro_data | Macro data has been downloaded | symbol=NAPMNNO | rows=346 | output_path=C:\Users\krm\PycharmProjects\AlternativeData\data_lake\raw\macro\USA\NAPMNNO.parquet
2026-06-16 15:22:16 | INFO | src.jobs_xlsx.get_macro_data | Macro data has been downloaded | symbol=NAPMNSD | rows=346 | output_path=C:\Users\krm\PycharmProjects\AlternativeData\data_lake\raw\macro\USA\NAPMNSD.parquet
2026-06-16 15:22:16 | INFO | src.jobs_xlsx.get_macro_data | Macro data has been downloaded | symbol=JPCPIYOY | rows=663 | output_path=C:\Users\krm\PycharmProjects\AlternativeData\data_lake\raw\macro\Japan\JPCPIYOY.parquet
2026-06-16 15:22:16 | INFO | src.jobs_xlsx.get_macro_data | Macro data has been downloaded | symbol=CNCPIYOY | rows=483 | output_path=C:\Users\krm\PycharmProjects\AlternativeData\data_lake\raw\macro\China\CNCPIYOY.parquet
2026-06-16 15:22:16 | INFO | src.jobs_xlsx.get_macro_data | Macro data has been downloaded | symbol=CNCPIYOY | rows=483 | output_path=C:\Users\krm\PycharmProjects\AlternativeData\data_lake\raw\macro\China\CNCPIYOY.parquet
2026-06-16 15:22:16 | INFO | src.jobs_xlsx.get_macro_data | Macro data has been downloaded | symbol=CPMINDX | rows=256 | output_path=C:\Users\krm\PycharmProjects\AlternativeData\data_lake\raw\macro\China\CPMINDX.parquet
2026-06-16 15:22:16 | INFO | src.jobs_xlsx.get_macro_data | Macro data has been downloaded | symbol=ADPCHNG | rows=298 | output_path=C:\Users\krm\PycharmProjects\AlternativeData\data_lake\raw\macro\USA\ADPCHNG.parquet
2026-06-16 15:22:16 | INFO | src.jobs_xlsx.get_macro_data | Macro data has been downloaded | symbol=FDTR | rows=298 | output_path=C:\Users\krm\PycharmProjects\AlternativeData\data_lake\raw\macro\USA\FDTR.parquet
2026-06-16 15:22:16 | INFO | src.jobs_xlsx.get_macro_data | Macro data has been downloaded | symbol=CONCCONF | rows=676 | output_path=C:\Users\krm\PycharmProjects\AlternativeData\data_lake\raw\macro\USA\CONCCONF.parquet
2026-06-16 15:22:16 | INFO | src.jobs_xlsx.get_macro_data | Macro data has been downloaded | symbol=CONSSENT | rows=826 | output_path=C:\Users\krm\PycharmProjects\AlternativeData\data_lake\raw\macro\USA\CONSSENT.parquet
2026-06-16 15:22:16 | INFO | src.jobs_xlsx.get_macro_data | Macro data has been downloaded | symbol=PCECYOY | rows=676 | output_path=C:\Users\krm\PycharmProjects\AlternativeData\data_lake\raw\macro\USA\PCECYOY.parquet
2026-06-16 15:22:16 | INFO | src.jobs_xlsx.get_macro_data | Macro data has been downloaded | symbol=USURTOT | rows=941 | output_path=C:\Users\krm\PycharmProjects\AlternativeData\data_lake\raw\macro\USA\USURTOT.parquet
2026-06-16 15:22:16 | INFO | src.jobs_xlsx.get_macro_data | Macro data has been downloaded | symbol=GDPCQQQ | rows=216 | output_path=C:\Users\krm\PycharmProjects\AlternativeData\data_lake\raw\macro\USA\GDPCQQQ.parquet
2026-06-17 10:38:13 | INFO | src.jobs_xlsx.get_macro_data | Macro data has been downloaded | symbol=CPIYOY | rows=676 | output_path=C:\Users\krm\PycharmProjects\AlternativeData\data_lake\raw\macro\USA\USCPI_YoY.parquet
2026-06-17 10:38:14 | INFO | src.jobs_xlsx.get_macro_data | Macro data has been downloaded | symbol=PAYEMS | rows=677 | output_path=C:\Users\krm\PycharmProjects\AlternativeData\data_lake\raw\macro\USA\Nonfarm_Payrolls.parquet
2026-06-17 10:38:14 | INFO | src.jobs_xlsx.get_macro_data | Macro data has been downloaded | symbol=NAPMPMI | rows=677 | output_path=C:\Users\krm\PycharmProjects\AlternativeData\data_lake\raw\macro\USA\NAPMPMI.parquet
2026-06-17 10:38:14 | INFO | src.jobs_xlsx.get_macro_data | Macro data has been downloaded | symbol=NAPMNEWO | rows=677 | output_path=C:\Users\krm\PycharmProjects\AlternativeData\data_lake\raw\macro\USA\NAPMNEWO.parquet
2026-06-17 10:38:14 | INFO | src.jobs_xlsx.get_macro_data | Macro data has been downloaded | symbol=NAPMNMI | rows=346 | output_path=C:\Users\krm\PycharmProjects\AlternativeData\data_lake\raw\macro\USA\NAPMNMI.parquet
2026-06-17 10:38:14 | INFO | src.jobs_xlsx.get_macro_data | Macro data has been downloaded | symbol=NAPMNNO | rows=346 | output_path=C:\Users\krm\PycharmProjects\AlternativeData\data_lake\raw\macro\USA\NAPMNNO.parquet
2026-06-17 10:38:14 | INFO | src.jobs_xlsx.get_macro_data | Macro data has been downloaded | symbol=NAPMNSD | rows=346 | output_path=C:\Users\krm\PycharmProjects\AlternativeData\data_lake\raw\macro\USA\NAPMNSD.parquet
2026-06-17 10:38:14 | INFO | src.jobs_xlsx.get_macro_data | Macro data has been downloaded | symbol=JPCPIYOY | rows=663 | output_path=C:\Users\krm\PycharmProjects\AlternativeData\data_lake\raw\macro\Japan\JPCPIYOY.parquet
2026-06-17 10:38:14 | INFO | src.jobs_xlsx.get_macro_data | Macro data has been downloaded | symbol=CNCPIYOY | rows=483 | output_path=C:\Users\krm\PycharmProjects\AlternativeData\data_lake\raw\macro\China\CNCPIYOY.parquet
2026-06-17 10:38:14 | INFO | src.jobs_xlsx.get_macro_data | Macro data has been downloaded | symbol=CNCPIYOY | rows=483 | output_path=C:\Users\krm\PycharmProjects\AlternativeData\data_lake\raw\macro\China\CNCPIYOY.parquet
2026-06-17 10:38:14 | INFO | src.jobs_xlsx.get_macro_data | Macro data has been downloaded | symbol=CPMINDX | rows=256 | output_path=C:\Users\krm\PycharmProjects\AlternativeData\data_lake\raw\macro\China\CPMINDX.parquet
2026-06-17 10:38:14 | INFO | src.jobs_xlsx.get_macro_data | Macro data has been downloaded | symbol=ADPCHNG | rows=298 | output_path=C:\Users\krm\PycharmProjects\AlternativeData\data_lake\raw\macro\USA\ADPCHNG.parquet
2026-06-17 10:38:14 | INFO | src.jobs_xlsx.get_macro_data | Macro data has been downloaded | symbol=FDTR | rows=298 | output_path=C:\Users\krm\PycharmProjects\AlternativeData\data_lake\raw\macro\USA\FDTR.parquet
2026-06-17 10:38:14 | INFO | src.jobs_xlsx.get_macro_data | Macro data has been downloaded | symbol=CONCCONF | rows=676 | output_path=C:\Users\krm\PycharmProjects\AlternativeData\data_lake\raw\macro\USA\CONCCONF.parquet
2026-06-17 10:38:14 | INFO | src.jobs_xlsx.get_macro_data | Macro data has been downloaded | symbol=CONSSENT | rows=826 | output_path=C:\Users\krm\PycharmProjects\AlternativeData\data_lake\raw\macro\USA\CONSSENT.parquet
2026-06-17 10:38:14 | INFO | src.jobs_xlsx.get_macro_data | Macro data has been downloaded | symbol=PCECYOY | rows=676 | output_path=C:\Users\krm\PycharmProjects\AlternativeData\data_lake\raw\macro\USA\PCECYOY.parquet
2026-06-17 10:38:14 | INFO | src.jobs_xlsx.get_macro_data | Macro data has been downloaded | symbol=USURTOT | rows=941 | output_path=C:\Users\krm\PycharmProjects\AlternativeData\data_lake\raw\macro\USA\USURTOT.parquet
2026-06-17 10:38:14 | INFO | src.jobs_xlsx.get_macro_data | Macro data has been downloaded | symbol=GDPCQQQ | rows=216 | output_path=C:\Users\krm\PycharmProjects\AlternativeData\data_lake\raw\macro\USA\GDPCQQQ.parquet
2026-06-18 17:14:53 | INFO | src.jobs_xlsx.get_macro_data | Macro data has been downloaded | symbol=CPIYOY | rows=676 | output_path=C:\Users\krm\PycharmProjects\AlternativeData\data_lake\raw\macro\USA\USCPI_YoY.parquet
2026-06-18 17:14:53 | INFO | src.jobs_xlsx.get_macro_data | Macro data has been downloaded | symbol=PAYEMS | rows=677 | output_path=C:\Users\krm\PycharmProjects\AlternativeData\data_lake\raw\macro\USA\Nonfarm_Payrolls.parquet
2026-06-18 17:14:53 | INFO | src.jobs_xlsx.get_macro_data | Macro data has been downloaded | symbol=NAPMPMI | rows=677 | output_path=C:\Users\krm\PycharmProjects\AlternativeData\data_lake\raw\macro\USA\NAPMPMI.parquet
2026-06-18 17:14:53 | INFO | src.jobs_xlsx.get_macro_data | Macro data has been downloaded | symbol=NAPMNEWO | rows=677 | output_path=C:\Users\krm\PycharmProjects\AlternativeData\data_lake\raw\macro\USA\NAPMNEWO.parquet
2026-06-18 17:14:53 | INFO | src.jobs_xlsx.get_macro_data | Macro data has been downloaded | symbol=NAPMNMI | rows=346 | output_path=C:\Users\krm\PycharmProjects\AlternativeData\data_lake\raw\macro\USA\NAPMNMI.parquet
2026-06-18 17:14:53 | INFO | src.jobs_xlsx.get_macro_data | Macro data has been downloaded | symbol=NAPMNNO | rows=346 | output_path=C:\Users\krm\PycharmProjects\AlternativeData\data_lake\raw\macro\USA\NAPMNNO.parquet
2026-06-18 17:14:53 | INFO | src.jobs_xlsx.get_macro_data | Macro data has been downloaded | symbol=NAPMNSD | rows=346 | output_path=C:\Users\krm\PycharmProjects\AlternativeData\data_lake\raw\macro\USA\NAPMNSD.parquet
2026-06-18 17:14:53 | INFO | src.jobs_xlsx.get_macro_data | Macro data has been downloaded | symbol=JPCPIYOY | rows=663 | output_path=C:\Users\krm\PycharmProjects\AlternativeData\data_lake\raw\macro\Japan\JPCPIYOY.parquet
2026-06-18 17:14:53 | INFO | src.jobs_xlsx.get_macro_data | Macro data has been downloaded | symbol=CNCPIYOY | rows=483 | output_path=C:\Users\krm\PycharmProjects\AlternativeData\data_lake\raw\macro\China\CNCPIYOY.parquet
2026-06-18 17:14:54 | INFO | src.jobs_xlsx.get_macro_data | Macro data has been downloaded | symbol=CNCPIYOY | rows=483 | output_path=C:\Users\krm\PycharmProjects\AlternativeData\data_lake\raw\macro\China\CNCPIYOY.parquet
2026-06-18 17:14:54 | INFO | src.jobs_xlsx.get_macro_data | Macro data has been downloaded | symbol=CPMINDX | rows=256 | output_path=C:\Users\krm\PycharmProjects\AlternativeData\data_lake\raw\macro\China\CPMINDX.parquet
2026-06-18 17:14:54 | INFO | src.jobs_xlsx.get_macro_data | Macro data has been downloaded | symbol=ADPCHNG | rows=298 | output_path=C:\Users\krm\PycharmProjects\AlternativeData\data_lake\raw\macro\USA\ADPCHNG.parquet
2026-06-18 17:14:54 | INFO | src.jobs_xlsx.get_macro_data | Macro data has been downloaded | symbol=FDTR | rows=299 | output_path=C:\Users\krm\PycharmProjects\AlternativeData\data_lake\raw\macro\USA\FDTR.parquet
2026-06-18 17:14:54 | INFO | src.jobs_xlsx.get_macro_data | Macro data has been downloaded | symbol=CONCCONF | rows=676 | output_path=C:\Users\krm\PycharmProjects\AlternativeData\data_lake\raw\macro\USA\CONCCONF.parquet
2026-06-18 17:14:54 | INFO | src.jobs_xlsx.get_macro_data | Macro data has been downloaded | symbol=CONSSENT | rows=826 | output_path=C:\Users\krm\PycharmProjects\AlternativeData\data_lake\raw\macro\USA\CONSSENT.parquet
2026-06-18 17:14:54 | INFO | src.jobs_xlsx.get_macro_data | Macro data has been downloaded | symbol=PCECYOY | rows=676 | output_path=C:\Users\krm\PycharmProjects\AlternativeData\data_lake\raw\macro\USA\PCECYOY.parquet
2026-06-18 17:14:54 | INFO | src.jobs_xlsx.get_macro_data | Macro data has been downloaded | symbol=USURTOT | rows=941 | output_path=C:\Users\krm\PycharmProjects\AlternativeData\data_lake\raw\macro\USA\USURTOT.parquet
2026-06-18 17:14:54 | INFO | src.jobs_xlsx.get_macro_data | Macro data has been downloaded | symbol=GDPCQQQ | rows=216 | output_path=C:\Users\krm\PycharmProjects\AlternativeData\data_lake\raw\macro\USA\GDPCQQQ.parquet
2026-06-19 14:05:32 | INFO | src.jobs_xlsx.get_macro_data | Macro data has been downloaded | symbol=CPIYOY | rows=676 | output_path=C:\Users\krm\PycharmProjects\AlternativeData\data_lake\raw\macro\USA\USCPI_YoY.parquet
2026-06-19 14:05:32 | INFO | src.jobs_xlsx.get_macro_data | Macro data has been downloaded | symbol=PAYEMS | rows=677 | output_path=C:\Users\krm\PycharmProjects\AlternativeData\data_lake\raw\macro\USA\Nonfarm_Payrolls.parquet
2026-06-19 14:05:32 | INFO | src.jobs_xlsx.get_macro_data | Macro data has been downloaded | symbol=NAPMPMI | rows=677 | output_path=C:\Users\krm\PycharmProjects\AlternativeData\data_lake\raw\macro\USA\NAPMPMI.parquet
2026-06-19 14:05:32 | INFO | src.jobs_xlsx.get_macro_data | Macro data has been downloaded | symbol=NAPMNEWO | rows=677 | output_path=C:\Users\krm\PycharmProjects\AlternativeData\data_lake\raw\macro\USA\NAPMNEWO.parquet
2026-06-19 14:05:32 | INFO | src.jobs_xlsx.get_macro_data | Macro data has been downloaded | symbol=NAPMNMI | rows=346 | output_path=C:\Users\krm\PycharmProjects\AlternativeData\data_lake\raw\macro\USA\NAPMNMI.parquet
2026-06-19 14:05:32 | INFO | src.jobs_xlsx.get_macro_data | Macro data has been downloaded | symbol=NAPMNNO | rows=346 | output_path=C:\Users\krm\PycharmProjects\AlternativeData\data_lake\raw\macro\USA\NAPMNNO.parquet
2026-06-19 14:05:32 | INFO | src.jobs_xlsx.get_macro_data | Macro data has been downloaded | symbol=NAPMNSD | rows=346 | output_path=C:\Users\krm\PycharmProjects\AlternativeData\data_lake\raw\macro\USA\NAPMNSD.parquet
2026-06-19 14:05:33 | INFO | src.jobs_xlsx.get_macro_data | Macro data has been downloaded | symbol=JPCPIYOY | rows=663 | output_path=C:\Users\krm\PycharmProjects\AlternativeData\data_lake\raw\macro\Japan\JPCPIYOY.parquet
2026-06-19 14:05:33 | INFO | src.jobs_xlsx.get_macro_data | Macro data has been downloaded | symbol=CNCPIYOY | rows=483 | output_path=C:\Users\krm\PycharmProjects\AlternativeData\data_lake\raw\macro\China\CNCPIYOY.parquet
2026-06-19 14:05:33 | INFO | src.jobs_xlsx.get_macro_data | Macro data has been downloaded | symbol=CNCPIYOY | rows=483 | output_path=C:\Users\krm\PycharmProjects\AlternativeData\data_lake\raw\macro\China\CNCPIYOY.parquet
2026-06-19 14:05:33 | INFO | src.jobs_xlsx.get_macro_data | Macro data has been downloaded | symbol=CPMINDX | rows=256 | output_path=C:\Users\krm\PycharmProjects\AlternativeData\data_lake\raw\macro\China\CPMINDX.parquet
2026-06-19 14:05:33 | INFO | src.jobs_xlsx.get_macro_data | Macro data has been downloaded | symbol=ADPCHNG | rows=298 | output_path=C:\Users\krm\PycharmProjects\AlternativeData\data_lake\raw\macro\USA\ADPCHNG.parquet
2026-06-19 14:05:33 | INFO | src.jobs_xlsx.get_macro_data | Macro data has been downloaded | symbol=FDTR | rows=299 | output_path=C:\Users\krm\PycharmProjects\AlternativeData\data_lake\raw\macro\USA\FDTR.parquet
2026-06-19 14:05:33 | INFO | src.jobs_xlsx.get_macro_data | Macro data has been downloaded | symbol=CONCCONF | rows=676 | output_path=C:\Users\krm\PycharmProjects\AlternativeData\data_lake\raw\macro\USA\CONCCONF.parquet
2026-06-19 14:05:33 | INFO | src.jobs_xlsx.get_macro_data | Macro data has been downloaded | symbol=CONSSENT | rows=826 | output_path=C:\Users\krm\PycharmProjects\AlternativeData\data_lake\raw\macro\USA\CONSSENT.parquet
2026-06-19 14:05:33 | INFO | src.jobs_xlsx.get_macro_data | Macro data has been downloaded | symbol=PCECYOY | rows=676 | output_path=C:\Users\krm\PycharmProjects\AlternativeData\data_lake\raw\macro\USA\PCECYOY.parquet
2026-06-19 14:05:33 | INFO | src.jobs_xlsx.get_macro_data | Macro data has been downloaded | symbol=USURTOT | rows=941 | output_path=C:\Users\krm\PycharmProjects\AlternativeData\data_lake\raw\macro\USA\USURTOT.parquet
2026-06-19 14:05:33 | INFO | src.jobs_xlsx.get_macro_data | Macro data has been downloaded | symbol=GDPCQQQ | rows=216 | output_path=C:\Users\krm\PycharmProjects\AlternativeData\data_lake\raw\macro\USA\GDPCQQQ.parquet
2026-06-24 14:54:39 | INFO | src.jobs_xlsx.get_macro_data | Macro data has been downloaded | symbol=CPIYOY | rows=676 | output_path=C:\Users\krm\PycharmProjects\AlternativeData\data_lake\raw\macro\USA\USCPI_YoY.parquet
2026-06-24 14:54:39 | INFO | src.jobs_xlsx.get_macro_data | Macro data has been downloaded | symbol=PAYEMS | rows=677 | output_path=C:\Users\krm\PycharmProjects\AlternativeData\data_lake\raw\macro\USA\Nonfarm_Payrolls.parquet
2026-06-24 14:54:39 | INFO | src.jobs_xlsx.get_macro_data | Macro data has been downloaded | symbol=NAPMPMI | rows=677 | output_path=C:\Users\krm\PycharmProjects\AlternativeData\data_lake\raw\macro\USA\NAPMPMI.parquet
2026-06-24 14:54:39 | INFO | src.jobs_xlsx.get_macro_data | Macro data has been downloaded | symbol=NAPMNEWO | rows=677 | output_path=C:\Users\krm\PycharmProjects\AlternativeData\data_lake\raw\macro\USA\NAPMNEWO.parquet
2026-06-24 14:54:39 | INFO | src.jobs_xlsx.get_macro_data | Macro data has been downloaded | symbol=NAPMNMI | rows=346 | output_path=C:\Users\krm\PycharmProjects\AlternativeData\data_lake\raw\macro\USA\NAPMNMI.parquet
2026-06-24 14:54:39 | INFO | src.jobs_xlsx.get_macro_data | Macro data has been downloaded | symbol=NAPMNNO | rows=346 | output_path=C:\Users\krm\PycharmProjects\AlternativeData\data_lake\raw\macro\USA\NAPMNNO.parquet
2026-06-24 14:54:39 | INFO | src.jobs_xlsx.get_macro_data | Macro data has been downloaded | symbol=NAPMNSD | rows=346 | output_path=C:\Users\krm\PycharmProjects\AlternativeData\data_lake\raw\macro\USA\NAPMNSD.parquet
2026-06-24 14:54:40 | INFO | src.jobs_xlsx.get_macro_data | Macro data has been downloaded | symbol=JPCPIYOY | rows=663 | output_path=C:\Users\krm\PycharmProjects\AlternativeData\data_lake\raw\macro\Japan\JPCPIYOY.parquet
2026-06-24 14:54:40 | INFO | src.jobs_xlsx.get_macro_data | Macro data has been downloaded | symbol=CNCPIYOY | rows=483 | output_path=C:\Users\krm\PycharmProjects\AlternativeData\data_lake\raw\macro\China\CNCPIYOY.parquet
2026-06-24 14:54:40 | INFO | src.jobs_xlsx.get_macro_data | Macro data has been downloaded | symbol=CNCPIYOY | rows=483 | output_path=C:\Users\krm\PycharmProjects\AlternativeData\data_lake\raw\macro\China\CNCPIYOY.parquet
2026-06-24 14:54:40 | INFO | src.jobs_xlsx.get_macro_data | Macro data has been downloaded | symbol=CPMINDX | rows=256 | output_path=C:\Users\krm\PycharmProjects\AlternativeData\data_lake\raw\macro\China\CPMINDX.parquet
2026-06-24 14:54:40 | INFO | src.jobs_xlsx.get_macro_data | Macro data has been downloaded | symbol=ADPCHNG | rows=298 | output_path=C:\Users\krm\PycharmProjects\AlternativeData\data_lake\raw\macro\USA\ADPCHNG.parquet
2026-06-24 14:54:40 | INFO | src.jobs_xlsx.get_macro_data | Macro data has been downloaded | symbol=FDTR | rows=299 | output_path=C:\Users\krm\PycharmProjects\AlternativeData\data_lake\raw\macro\USA\FDTR.parquet
2026-06-24 14:54:40 | INFO | src.jobs_xlsx.get_macro_data | Macro data has been downloaded | symbol=CONCCONF | rows=676 | output_path=C:\Users\krm\PycharmProjects\AlternativeData\data_lake\raw\macro\USA\CONCCONF.parquet
2026-06-24 14:54:40 | INFO | src.jobs_xlsx.get_macro_data | Macro data has been downloaded | symbol=CONSSENT | rows=826 | output_path=C:\Users\krm\PycharmProjects\AlternativeData\data_lake\raw\macro\USA\CONSSENT.parquet
2026-06-24 14:54:40 | INFO | src.jobs_xlsx.get_macro_data | Macro data has been downloaded | symbol=PCECYOY | rows=676 | output_path=C:\Users\krm\PycharmProjects\AlternativeData\data_lake\raw\macro\USA\PCECYOY.parquet
2026-06-24 14:54:40 | INFO | src.jobs_xlsx.get_macro_data | Macro data has been downloaded | symbol=USURTOT | rows=941 | output_path=C:\Users\krm\PycharmProjects\AlternativeData\data_lake\raw\macro\USA\USURTOT.parquet
2026-06-24 14:54:40 | INFO | src.jobs_xlsx.get_macro_data | Macro data has been downloaded | symbol=GDPCQQQ | rows=216 | output_path=C:\Users\krm\PycharmProjects\AlternativeData\data_lake\raw\macro\USA\GDPCQQQ.parquet
2026-06-27 11:21:13 | INFO | src.jobs_xlsx.get_macro_data | Macro data has been downloaded | symbol=CPIYOY | rows=676 | output_path=C:\Users\Geust\PycharmProjects\AlternativeData\data_lake\raw\macro\USA\USCPI_YoY.parquet
2026-06-27 11:21:13 | INFO | src.jobs_xlsx.get_macro_data | Macro data has been downloaded | symbol=PAYEMS | rows=677 | output_path=C:\Users\Geust\PycharmProjects\AlternativeData\data_lake\raw\macro\USA\Nonfarm_Payrolls.parquet
2026-06-27 11:21:13 | INFO | src.jobs_xlsx.get_macro_data | Macro data has been downloaded | symbol=NAPMPMI | rows=677 | output_path=C:\Users\Geust\PycharmProjects\AlternativeData\data_lake\raw\macro\USA\NAPMPMI.parquet
2026-06-27 11:21:13 | INFO | src.jobs_xlsx.get_macro_data | Macro data has been downloaded | symbol=NAPMNEWO | rows=677 | output_path=C:\Users\Geust\PycharmProjects\AlternativeData\data_lake\raw\macro\USA\NAPMNEWO.parquet
2026-06-27 11:21:13 | INFO | src.jobs_xlsx.get_macro_data | Macro data has been downloaded | symbol=NAPMNMI | rows=346 | output_path=C:\Users\Geust\PycharmProjects\AlternativeData\data_lake\raw\macro\USA\NAPMNMI.parquet
2026-06-27 11:21:13 | INFO | src.jobs_xlsx.get_macro_data | Macro data has been downloaded | symbol=NAPMNNO | rows=346 | output_path=C:\Users\Geust\PycharmProjects\AlternativeData\data_lake\raw\macro\USA\NAPMNNO.parquet
2026-06-27 11:21:13 | INFO | src.jobs_xlsx.get_macro_data | Macro data has been downloaded | symbol=NAPMNSD | rows=346 | output_path=C:\Users\Geust\PycharmProjects\AlternativeData\data_lake\raw\macro\USA\NAPMNSD.parquet
2026-06-27 11:21:14 | INFO | src.jobs_xlsx.get_macro_data | Macro data has been downloaded | symbol=JPCPIYOY | rows=663 | output_path=C:\Users\Geust\PycharmProjects\AlternativeData\data_lake\raw\macro\Japan\JPCPIYOY.parquet
2026-06-27 11:21:14 | INFO | src.jobs_xlsx.get_macro_data | Macro data has been downloaded | symbol=CNCPIYOY | rows=483 | output_path=C:\Users\Geust\PycharmProjects\AlternativeData\data_lake\raw\macro\China\CNCPIYOY.parquet
2026-06-27 11:21:14 | INFO | src.jobs_xlsx.get_macro_data | Macro data has been downloaded | symbol=CNCPIYOY | rows=483 | output_path=C:\Users\Geust\PycharmProjects\AlternativeData\data_lake\raw\macro\China\CNCPIYOY.parquet
2026-06-27 11:21:14 | INFO | src.jobs_xlsx.get_macro_data | Macro data has been downloaded | symbol=CPMINDX | rows=256 | output_path=C:\Users\Geust\PycharmProjects\AlternativeData\data_lake\raw\macro\China\CPMINDX.parquet
2026-06-27 11:21:14 | INFO | src.jobs_xlsx.get_macro_data | Macro data has been downloaded | symbol=ADPCHNG | rows=298 | output_path=C:\Users\Geust\PycharmProjects\AlternativeData\data_lake\raw\macro\USA\ADPCHNG.parquet
2026-06-27 11:21:14 | INFO | src.jobs_xlsx.get_macro_data | Macro data has been downloaded | symbol=FDTR | rows=299 | output_path=C:\Users\Geust\PycharmProjects\AlternativeData\data_lake\raw\macro\USA\FDTR.parquet
2026-06-27 11:21:14 | INFO | src.jobs_xlsx.get_macro_data | Macro data has been downloaded | symbol=CONCCONF | rows=676 | output_path=C:\Users\Geust\PycharmProjects\AlternativeData\data_lake\raw\macro\USA\CONCCONF.parquet
2026-06-27 11:21:14 | INFO | src.jobs_xlsx.get_macro_data | Macro data has been downloaded | symbol=CONSSENT | rows=826 | output_path=C:\Users\Geust\PycharmProjects\AlternativeData\data_lake\raw\macro\USA\CONSSENT.parquet
2026-06-27 11:21:14 | INFO | src.jobs_xlsx.get_macro_data | Macro data has been downloaded | symbol=PCECYOY | rows=678 | output_path=C:\Users\Geust\PycharmProjects\AlternativeData\data_lake\raw\macro\USA\PCECYOY.parquet
2026-06-27 11:21:14 | INFO | src.jobs_xlsx.get_macro_data | Macro data has been downloaded | symbol=USURTOT | rows=941 | output_path=C:\Users\Geust\PycharmProjects\AlternativeData\data_lake\raw\macro\USA\USURTOT.parquet
2026-06-27 11:21:14 | INFO | src.jobs_xlsx.get_macro_data | Macro data has been downloaded | symbol=GDPCQQQ | rows=216 | output_path=C:\Users\Geust\PycharmProjects\AlternativeData\data_lake\raw\macro\USA\GDPCQQQ.parquet
2026-06-27 15:21:58 | INFO | src.jobs_xlsx.get_macro_data | Macro data has been downloaded | symbol=CPIYOY | rows=676 | output_path=/Users/tommy/Desktop/Pycharm/FinancialData/data_lake/raw/macro/USA/USCPI_YoY.parquet
2026-06-27 15:22:00 | INFO | src.jobs_xlsx.get_macro_data | Macro data has been downloaded | symbol=PAYEMS | rows=677 | output_path=/Users/tommy/Desktop/Pycharm/FinancialData/data_lake/raw/macro/USA/Nonfarm_Payrolls.parquet
2026-06-27 15:22:02 | INFO | src.jobs_xlsx.get_macro_data | Macro data has been downloaded | symbol=NAPMPMI | rows=677 | output_path=/Users/tommy/Desktop/Pycharm/FinancialData/data_lake/raw/macro/USA/NAPMPMI.parquet
2026-06-27 15:22:02 | INFO | src.jobs_xlsx.get_macro_data | Macro data has been downloaded | symbol=NAPMNEWO | rows=677 | output_path=/Users/tommy/Desktop/Pycharm/FinancialData/data_lake/raw/macro/USA/NAPMNEWO.parquet
2026-06-27 15:22:02 | INFO | src.jobs_xlsx.get_macro_data | Macro data has been downloaded | symbol=NAPMNMI | rows=346 | output_path=/Users/tommy/Desktop/Pycharm/FinancialData/data_lake/raw/macro/USA/NAPMNMI.parquet
2026-06-27 15:22:02 | INFO | src.jobs_xlsx.get_macro_data | Macro data has been downloaded | symbol=NAPMNNO | rows=346 | output_path=/Users/tommy/Desktop/Pycharm/FinancialData/data_lake/raw/macro/USA/NAPMNNO.parquet
2026-06-27 15:22:04 | INFO | src.jobs_xlsx.get_macro_data | Macro data has been downloaded | symbol=NAPMNSD | rows=346 | output_path=/Users/tommy/Desktop/Pycharm/FinancialData/data_lake/raw/macro/USA/NAPMNSD.parquet
2026-06-27 15:22:04 | INFO | src.jobs_xlsx.get_macro_data | Macro data has been downloaded | symbol=JPCPIYOY | rows=663 | output_path=/Users/tommy/Desktop/Pycharm/FinancialData/data_lake/raw/macro/Japan/JPCPIYOY.parquet
2026-06-27 15:22:04 | INFO | src.jobs_xlsx.get_macro_data | Macro data has been downloaded | symbol=CNCPIYOY | rows=483 | output_path=/Users/tommy/Desktop/Pycharm/FinancialData/data_lake/raw/macro/China/CNCPIYOY.parquet
2026-06-27 15:22:04 | INFO | src.jobs_xlsx.get_macro_data | Macro data has been downloaded | symbol=CNCPIYOY | rows=483 | output_path=/Users/tommy/Desktop/Pycharm/FinancialData/data_lake/raw/macro/China/CNCPIYOY.parquet
2026-06-27 15:22:04 | INFO | src.jobs_xlsx.get_macro_data | Macro data has been downloaded | symbol=CPMINDX | rows=256 | output_path=/Users/tommy/Desktop/Pycharm/FinancialData/data_lake/raw/macro/China/CPMINDX.parquet
2026-06-27 15:22:04 | INFO | src.jobs_xlsx.get_macro_data | Macro data has been downloaded | symbol=ADPCHNG | rows=298 | output_path=/Users/tommy/Desktop/Pycharm/FinancialData/data_lake/raw/macro/USA/ADPCHNG.parquet
2026-06-27 15:22:06 | INFO | src.jobs_xlsx.get_macro_data | Macro data has been downloaded | symbol=FDTR | rows=299 | output_path=/Users/tommy/Desktop/Pycharm/FinancialData/data_lake/raw/macro/USA/FDTR.parquet
2026-06-27 15:22:06 | INFO | src.jobs_xlsx.get_macro_data | Macro data has been downloaded | symbol=CONCCONF | rows=676 | output_path=/Users/tommy/Desktop/Pycharm/FinancialData/data_lake/raw/macro/USA/CONCCONF.parquet
2026-06-27 15:22:06 | INFO | src.jobs_xlsx.get_macro_data | Macro data has been downloaded | symbol=CONSSENT | rows=826 | output_path=/Users/tommy/Desktop/Pycharm/FinancialData/data_lake/raw/macro/USA/CONSSENT.parquet
2026-06-27 15:22:06 | INFO | src.jobs_xlsx.get_macro_data | Macro data has been downloaded | symbol=PCECYOY | rows=678 | output_path=/Users/tommy/Desktop/Pycharm/FinancialData/data_lake/raw/macro/USA/PCECYOY.parquet
2026-06-27 15:22:07 | INFO | src.jobs_xlsx.get_macro_data | Macro data has been downloaded | symbol=USURTOT | rows=941 | output_path=/Users/tommy/Desktop/Pycharm/FinancialData/data_lake/raw/macro/USA/USURTOT.parquet
2026-06-27 15:22:07 | INFO | src.jobs_xlsx.get_macro_data | Macro data has been downloaded | symbol=GDPCQQQ | rows=216 | output_path=/Users/tommy/Desktop/Pycharm/FinancialData/data_lake/raw/macro/USA/GDPCQQQ.parquet
2026-06-29 13:36:45 | INFO | src.jobs_xlsx.get_macro_data | Macro data has been downloaded | symbol=CPIYOY | rows=676 | output_path=C:\Users\krm\PycharmProjects\AlternativeData\data_lake\raw\macro\USA\USCPI_YoY.parquet
2026-06-29 13:36:46 | INFO | src.jobs_xlsx.get_macro_data | Macro data has been downloaded | symbol=PAYEMS | rows=677 | output_path=C:\Users\krm\PycharmProjects\AlternativeData\data_lake\raw\macro\USA\Nonfarm_Payrolls.parquet
2026-06-29 13:36:46 | INFO | src.jobs_xlsx.get_macro_data | Macro data has been downloaded | symbol=NAPMPMI | rows=679 | output_path=C:\Users\krm\PycharmProjects\AlternativeData\data_lake\raw\macro\USA\NAPMPMI.parquet
2026-06-29 13:36:46 | INFO | src.jobs_xlsx.get_macro_data | Macro data has been downloaded | symbol=NAPMNEWO | rows=679 | output_path=C:\Users\krm\PycharmProjects\AlternativeData\data_lake\raw\macro\USA\NAPMNEWO.parquet
2026-06-29 13:36:46 | INFO | src.jobs_xlsx.get_macro_data | Macro data has been downloaded | symbol=NAPMNMI | rows=348 | output_path=C:\Users\krm\PycharmProjects\AlternativeData\data_lake\raw\macro\USA\NAPMNMI.parquet
2026-06-29 13:36:46 | INFO | src.jobs_xlsx.get_macro_data | Macro data has been downloaded | symbol=NAPMNNO | rows=348 | output_path=C:\Users\krm\PycharmProjects\AlternativeData\data_lake\raw\macro\USA\NAPMNNO.parquet
2026-06-29 13:36:46 | INFO | src.jobs_xlsx.get_macro_data | Macro data has been downloaded | symbol=NAPMNSD | rows=348 | output_path=C:\Users\krm\PycharmProjects\AlternativeData\data_lake\raw\macro\USA\NAPMNSD.parquet
2026-06-29 13:36:46 | INFO | src.jobs_xlsx.get_macro_data | Macro data has been downloaded | symbol=JPCPIYOY | rows=663 | output_path=C:\Users\krm\PycharmProjects\AlternativeData\data_lake\raw\macro\Japan\JPCPIYOY.parquet
2026-06-29 13:36:46 | INFO | src.jobs_xlsx.get_macro_data | Macro data has been downloaded | symbol=CNCPIYOY | rows=483 | output_path=C:\Users\krm\PycharmProjects\AlternativeData\data_lake\raw\macro\China\CNCPIYOY.parquet
2026-06-29 13:36:46 | INFO | src.jobs_xlsx.get_macro_data | Macro data has been downloaded | symbol=CNCPIYOY | rows=483 | output_path=C:\Users\krm\PycharmProjects\AlternativeData\data_lake\raw\macro\China\CNCPIYOY.parquet
2026-06-29 13:36:46 | INFO | src.jobs_xlsx.get_macro_data | Macro data has been downloaded | symbol=CPMINDX | rows=258 | output_path=C:\Users\krm\PycharmProjects\AlternativeData\data_lake\raw\macro\China\CPMINDX.parquet
2026-06-29 13:36:46 | INFO | src.jobs_xlsx.get_macro_data | Macro data has been downloaded | symbol=ADPCHNG | rows=298 | output_path=C:\Users\krm\PycharmProjects\AlternativeData\data_lake\raw\macro\USA\ADPCHNG.parquet
2026-06-29 13:36:46 | INFO | src.jobs_xlsx.get_macro_data | Macro data has been downloaded | symbol=FDTR | rows=299 | output_path=C:\Users\krm\PycharmProjects\AlternativeData\data_lake\raw\macro\USA\FDTR.parquet
2026-06-29 13:36:46 | INFO | src.jobs_xlsx.get_macro_data | Macro data has been downloaded | symbol=CONCCONF | rows=676 | output_path=C:\Users\krm\PycharmProjects\AlternativeData\data_lake\raw\macro\USA\CONCCONF.parquet
2026-06-29 13:36:46 | INFO | src.jobs_xlsx.get_macro_data | Macro data has been downloaded | symbol=CONSSENT | rows=831 | output_path=C:\Users\krm\PycharmProjects\AlternativeData\data_lake\raw\macro\USA\CONSSENT.parquet
2026-06-29 13:36:46 | INFO | src.jobs_xlsx.get_macro_data | Macro data has been downloaded | symbol=PCECYOY | rows=678 | output_path=C:\Users\krm\PycharmProjects\AlternativeData\data_lake\raw\macro\USA\PCECYOY.parquet
2026-06-29 13:36:46 | INFO | src.jobs_xlsx.get_macro_data | Macro data has been downloaded | symbol=USURTOT | rows=941 | output_path=C:\Users\krm\PycharmProjects\AlternativeData\data_lake\raw\macro\USA\USURTOT.parquet
2026-06-29 13:36:46 | INFO | src.jobs_xlsx.get_macro_data | Macro data has been downloaded | symbol=GDPCQQQ | rows=216 | output_path=C:\Users\krm\PycharmProjects\AlternativeData\data_lake\raw\macro\USA\GDPCQQQ.parquet
2026-06-29 13:36:46 | INFO | src.jobs_xlsx.get_macro_data | Macro data has been downloaded | symbol=CPMINMNS | rows=258 | output_path=C:\Users\krm\PycharmProjects\AlternativeData\data_lake\raw\macro\China\CPMINMNS.parquet
2026-06-29 13:36:46 | INFO | src.jobs_xlsx.get_macro_data | Macro data has been downloaded | symbol=KOCPIY | rows=679 | output_path=C:\Users\krm\PycharmProjects\AlternativeData\data_lake\raw\macro\South Korea\.parquet
2026-06-29 13:36:46 | INFO | src.jobs_xlsx.get_macro_data | Macro data has been downloaded | symbol=KOEXTOTY | rows=789 | output_path=C:\Users\krm\PycharmProjects\AlternativeData\data_lake\raw\macro\South Korea\KOEXTOTY.parquet
2026-06-29 13:36:46 | INFO | src.jobs_xlsx.get_macro_data | Macro data has been downloaded | symbol=KORSLM | rows=192 | output_path=C:\Users\krm\PycharmProjects\AlternativeData\data_lake\raw\macro\South Korea\KORSLM.parquet
2026-06-29 13:36:47 | INFO | src.jobs_xlsx.get_macro_data | Macro data has been downloaded | symbol=KORP7DR | rows=289 | output_path=C:\Users\krm\PycharmProjects\AlternativeData\data_lake\raw\macro\South Korea\KORP7DR.parquet
2026-06-29 18:08:26 | INFO | src.jobs_xlsx.get_macro_data | Macro data has been downloaded | symbol=CPIYOY | rows=676 | output_path=C:\Users\krm\PycharmProjects\AlternativeData\data_lake\raw\macro\USA\USCPI_YoY.parquet
2026-06-29 18:08:26 | INFO | src.jobs_xlsx.get_macro_data | Macro data has been downloaded | symbol=PAYEMS | rows=677 | output_path=C:\Users\krm\PycharmProjects\AlternativeData\data_lake\raw\macro\USA\Nonfarm_Payrolls.parquet
2026-06-29 18:08:26 | INFO | src.jobs_xlsx.get_macro_data | Macro data has been downloaded | symbol=NAPMPMI | rows=679 | output_path=C:\Users\krm\PycharmProjects\AlternativeData\data_lake\raw\macro\USA\NAPMPMI.parquet
2026-06-29 18:08:26 | INFO | src.jobs_xlsx.get_macro_data | Macro data has been downloaded | symbol=NAPMNEWO | rows=679 | output_path=C:\Users\krm\PycharmProjects\AlternativeData\data_lake\raw\macro\USA\NAPMNEWO.parquet
2026-06-29 18:08:26 | INFO | src.jobs_xlsx.get_macro_data | Macro data has been downloaded | symbol=NAPMNMI | rows=348 | output_path=C:\Users\krm\PycharmProjects\AlternativeData\data_lake\raw\macro\USA\NAPMNMI.parquet
2026-06-29 18:08:26 | INFO | src.jobs_xlsx.get_macro_data | Macro data has been downloaded | symbol=NAPMNNO | rows=348 | output_path=C:\Users\krm\PycharmProjects\AlternativeData\data_lake\raw\macro\USA\NAPMNNO.parquet
2026-06-29 18:08:26 | INFO | src.jobs_xlsx.get_macro_data | Macro data has been downloaded | symbol=NAPMNSD | rows=348 | output_path=C:\Users\krm\PycharmProjects\AlternativeData\data_lake\raw\macro\USA\NAPMNSD.parquet
2026-06-29 18:08:26 | INFO | src.jobs_xlsx.get_macro_data | Macro data has been downloaded | symbol=JPCPIYOY | rows=663 | output_path=C:\Users\krm\PycharmProjects\AlternativeData\data_lake\raw\macro\Japan\JPCPIYOY.parquet
2026-06-29 18:08:26 | INFO | src.jobs_xlsx.get_macro_data | Macro data has been downloaded | symbol=CNCPIYOY | rows=483 | output_path=C:\Users\krm\PycharmProjects\AlternativeData\data_lake\raw\macro\China\CNCPIYOY.parquet
2026-06-29 18:08:26 | INFO | src.jobs_xlsx.get_macro_data | Macro data has been downloaded | symbol=CNCPIYOY | rows=483 | output_path=C:\Users\krm\PycharmProjects\AlternativeData\data_lake\raw\macro\China\CNCPIYOY.parquet
2026-06-29 18:08:26 | INFO | src.jobs_xlsx.get_macro_data | Macro data has been downloaded | symbol=CPMINDX | rows=258 | output_path=C:\Users\krm\PycharmProjects\AlternativeData\data_lake\raw\macro\China\CPMINDX.parquet
2026-06-29 18:08:26 | INFO | src.jobs_xlsx.get_macro_data | Macro data has been downloaded | symbol=ADPCHNG | rows=298 | output_path=C:\Users\krm\PycharmProjects\AlternativeData\data_lake\raw\macro\USA\ADPCHNG.parquet
2026-06-29 18:08:26 | INFO | src.jobs_xlsx.get_macro_data | Macro data has been downloaded | symbol=FDTR | rows=299 | output_path=C:\Users\krm\PycharmProjects\AlternativeData\data_lake\raw\macro\USA\FDTR.parquet
2026-06-29 18:08:26 | INFO | src.jobs_xlsx.get_macro_data | Macro data has been downloaded | symbol=CONCCONF | rows=676 | output_path=C:\Users\krm\PycharmProjects\AlternativeData\data_lake\raw\macro\USA\CONCCONF.parquet
2026-06-29 18:08:26 | INFO | src.jobs_xlsx.get_macro_data | Macro data has been downloaded | symbol=CONSSENT | rows=831 | output_path=C:\Users\krm\PycharmProjects\AlternativeData\data_lake\raw\macro\USA\CONSSENT.parquet
2026-06-29 18:08:26 | INFO | src.jobs_xlsx.get_macro_data | Macro data has been downloaded | symbol=PCECYOY | rows=678 | output_path=C:\Users\krm\PycharmProjects\AlternativeData\data_lake\raw\macro\USA\PCECYOY.parquet
2026-06-29 18:08:26 | INFO | src.jobs_xlsx.get_macro_data | Macro data has been downloaded | symbol=USURTOT | rows=941 | output_path=C:\Users\krm\PycharmProjects\AlternativeData\data_lake\raw\macro\USA\USURTOT.parquet
2026-06-29 18:08:26 | INFO | src.jobs_xlsx.get_macro_data | Macro data has been downloaded | symbol=GDPCQQQ | rows=216 | output_path=C:\Users\krm\PycharmProjects\AlternativeData\data_lake\raw\macro\USA\GDPCQQQ.parquet
2026-06-29 18:08:26 | INFO | src.jobs_xlsx.get_macro_data | Macro data has been downloaded | symbol=CPMINMNS | rows=258 | output_path=C:\Users\krm\PycharmProjects\AlternativeData\data_lake\raw\macro\China\CPMINMNS.parquet
2026-06-29 18:08:26 | INFO | src.jobs_xlsx.get_macro_data | Macro data has been downloaded | symbol=KOCPIY | rows=679 | output_path=C:\Users\krm\PycharmProjects\AlternativeData\data_lake\raw\macro\South Korea\.parquet
2026-06-29 18:08:26 | INFO | src.jobs_xlsx.get_macro_data | Macro data has been downloaded | symbol=KOEXTOTY | rows=789 | output_path=C:\Users\krm\PycharmProjects\AlternativeData\data_lake\raw\macro\South Korea\KOEXTOTY.parquet
2026-06-29 18:08:27 | INFO | src.jobs_xlsx.get_macro_data | Macro data has been downloaded | symbol=KORSLM | rows=192 | output_path=C:\Users\krm\PycharmProjects\AlternativeData\data_lake\raw\macro\South Korea\KORSLM.parquet
2026-06-29 18:08:27 | INFO | src.jobs_xlsx.get_macro_data | Macro data has been downloaded | symbol=KORP7DR | rows=292 | output_path=C:\Users\krm\PycharmProjects\AlternativeData\data_lake\raw\macro\South Korea\KORP7DR.parquet
2026-06-29 18:08:27 | INFO | src.jobs_xlsx.get_macro_data | Macro data has been downloaded | symbol=KOM2Y | rows=366 | output_path=C:\Users\krm\PycharmProjects\AlternativeData\data_lake\raw\macro\South Korea\KOM2Y.parquet
2026-06-30 11:23:38 | INFO | src.jobs_xlsx.get_macro_data | Macro data has been downloaded | symbol=CPIYOY | rows=676 | output_path=C:\Users\krm\PycharmProjects\AlternativeData\data_lake\raw\macro\USA\USCPI_YoY.parquet
2026-06-30 11:23:38 | INFO | src.jobs_xlsx.get_macro_data | Macro data has been downloaded | symbol=PAYEMS | rows=679 | output_path=C:\Users\krm\PycharmProjects\AlternativeData\data_lake\raw\macro\USA\Nonfarm_Payrolls.parquet
2026-06-30 11:23:38 | INFO | src.jobs_xlsx.get_macro_data | Macro data has been downloaded | symbol=NAPMPMI | rows=679 | output_path=C:\Users\krm\PycharmProjects\AlternativeData\data_lake\raw\macro\USA\NAPMPMI.parquet
2026-06-30 11:23:38 | INFO | src.jobs_xlsx.get_macro_data | Macro data has been downloaded | symbol=NAPMNEWO | rows=679 | output_path=C:\Users\krm\PycharmProjects\AlternativeData\data_lake\raw\macro\USA\NAPMNEWO.parquet
2026-06-30 11:23:38 | INFO | src.jobs_xlsx.get_macro_data | Macro data has been downloaded | symbol=NAPMNMI | rows=348 | output_path=C:\Users\krm\PycharmProjects\AlternativeData\data_lake\raw\macro\USA\NAPMNMI.parquet
2026-06-30 11:23:38 | INFO | src.jobs_xlsx.get_macro_data | Macro data has been downloaded | symbol=NAPMNNO | rows=348 | output_path=C:\Users\krm\PycharmProjects\AlternativeData\data_lake\raw\macro\USA\NAPMNNO.parquet
2026-06-30 11:23:38 | INFO | src.jobs_xlsx.get_macro_data | Macro data has been downloaded | symbol=NAPMNSD | rows=348 | output_path=C:\Users\krm\PycharmProjects\AlternativeData\data_lake\raw\macro\USA\NAPMNSD.parquet
2026-06-30 11:23:39 | INFO | src.jobs_xlsx.get_macro_data | Macro data has been downloaded | symbol=JPCPIYOY | rows=663 | output_path=C:\Users\krm\PycharmProjects\AlternativeData\data_lake\raw\macro\Japan\JPCPIYOY.parquet
2026-06-30 11:23:39 | INFO | src.jobs_xlsx.get_macro_data | Macro data has been downloaded | symbol=CNCPIYOY | rows=483 | output_path=C:\Users\krm\PycharmProjects\AlternativeData\data_lake\raw\macro\China\CNCPIYOY.parquet
2026-06-30 11:23:39 | INFO | src.jobs_xlsx.get_macro_data | Macro data has been downloaded | symbol=CNCPIYOY | rows=483 | output_path=C:\Users\krm\PycharmProjects\AlternativeData\data_lake\raw\macro\China\CNCPIYOY.parquet
2026-06-30 11:23:39 | INFO | src.jobs_xlsx.get_macro_data | Macro data has been downloaded | symbol=CPMINDX | rows=258 | output_path=C:\Users\krm\PycharmProjects\AlternativeData\data_lake\raw\macro\China\CPMINDX.parquet
2026-06-30 11:23:39 | INFO | src.jobs_xlsx.get_macro_data | Macro data has been downloaded | symbol=ADPCHNG | rows=298 | output_path=C:\Users\krm\PycharmProjects\AlternativeData\data_lake\raw\macro\USA\ADPCHNG.parquet
2026-06-30 11:23:39 | INFO | src.jobs_xlsx.get_macro_data | Macro data has been downloaded | symbol=FDTR | rows=299 | output_path=C:\Users\krm\PycharmProjects\AlternativeData\data_lake\raw\macro\USA\FDTR.parquet
2026-06-30 11:23:39 | INFO | src.jobs_xlsx.get_macro_data | Macro data has been downloaded | symbol=CONCCONF | rows=676 | output_path=C:\Users\krm\PycharmProjects\AlternativeData\data_lake\raw\macro\USA\CONCCONF.parquet
2026-06-30 11:23:39 | INFO | src.jobs_xlsx.get_macro_data | Macro data has been downloaded | symbol=CONSSENT | rows=831 | output_path=C:\Users\krm\PycharmProjects\AlternativeData\data_lake\raw\macro\USA\CONSSENT.parquet
2026-06-30 11:23:39 | INFO | src.jobs_xlsx.get_macro_data | Macro data has been downloaded | symbol=PCECYOY | rows=678 | output_path=C:\Users\krm\PycharmProjects\AlternativeData\data_lake\raw\macro\USA\PCECYOY.parquet
2026-06-30 11:23:39 | INFO | src.jobs_xlsx.get_macro_data | Macro data has been downloaded | symbol=USURTOT | rows=941 | output_path=C:\Users\krm\PycharmProjects\AlternativeData\data_lake\raw\macro\USA\USURTOT.parquet
2026-06-30 11:23:39 | INFO | src.jobs_xlsx.get_macro_data | Macro data has been downloaded | symbol=GDPCQQQ | rows=216 | output_path=C:\Users\krm\PycharmProjects\AlternativeData\data_lake\raw\macro\USA\GDPCQQQ.parquet
2026-06-30 11:23:39 | INFO | src.jobs_xlsx.get_macro_data | Macro data has been downloaded | symbol=CPMINMNS | rows=258 | output_path=C:\Users\krm\PycharmProjects\AlternativeData\data_lake\raw\macro\China\CPMINMNS.parquet
2026-06-30 11:23:39 | INFO | src.jobs_xlsx.get_macro_data | Macro data has been downloaded | symbol=KOCPIY | rows=679 | output_path=C:\Users\krm\PycharmProjects\AlternativeData\data_lake\raw\macro\South Korea\.parquet
2026-06-30 11:23:40 | INFO | src.jobs_xlsx.get_macro_data | Macro data has been downloaded | symbol=KOEXTOTY | rows=789 | output_path=C:\Users\krm\PycharmProjects\AlternativeData\data_lake\raw\macro\South Korea\KOEXTOTY.parquet
2026-06-30 11:23:40 | INFO | src.jobs_xlsx.get_macro_data | Macro data has been downloaded | symbol=KORSLM | rows=192 | output_path=C:\Users\krm\PycharmProjects\AlternativeData\data_lake\raw\macro\South Korea\KORSLM.parquet
2026-06-30 11:23:40 | INFO | src.jobs_xlsx.get_macro_data | Macro data has been downloaded | symbol=KORP7DR | rows=292 | output_path=C:\Users\krm\PycharmProjects\AlternativeData\data_lake\raw\macro\South Korea\KORP7DR.parquet
2026-06-30 11:23:40 | INFO | src.jobs_xlsx.get_macro_data | Macro data has been downloaded | symbol=KOM2Y | rows=366 | output_path=C:\Users\krm\PycharmProjects\AlternativeData\data_lake\raw\macro\South Korea\KOM2Y.parquet
2026-07-02 01:43:02 | INFO | src.jobs_xlsx.get_macro_data | Macro data has been downloaded | symbol=CPIYOY | rows=676 | output_path=C:\Users\Geust\PycharmProjects\AlternativeData\data_lake\raw\macro\USA\USCPI_YoY.parquet
2026-07-02 01:43:02 | INFO | src.jobs_xlsx.get_macro_data | Macro data has been downloaded | symbol=PAYEMS | rows=679 | output_path=C:\Users\Geust\PycharmProjects\AlternativeData\data_lake\raw\macro\USA\Nonfarm_Payrolls.parquet
2026-07-02 01:43:02 | INFO | src.jobs_xlsx.get_macro_data | Macro data has been downloaded | symbol=NAPMPMI | rows=679 | output_path=C:\Users\Geust\PycharmProjects\AlternativeData\data_lake\raw\macro\USA\NAPMPMI.parquet
2026-07-02 01:43:02 | INFO | src.jobs_xlsx.get_macro_data | Macro data has been downloaded | symbol=NAPMNEWO | rows=679 | output_path=C:\Users\Geust\PycharmProjects\AlternativeData\data_lake\raw\macro\USA\NAPMNEWO.parquet
2026-07-02 01:43:02 | INFO | src.jobs_xlsx.get_macro_data | Macro data has been downloaded | symbol=NAPMNMI | rows=348 | output_path=C:\Users\Geust\PycharmProjects\AlternativeData\data_lake\raw\macro\USA\NAPMNMI.parquet
2026-07-02 01:43:02 | INFO | src.jobs_xlsx.get_macro_data | Macro data has been downloaded | symbol=NAPMNNO | rows=348 | output_path=C:\Users\Geust\PycharmProjects\AlternativeData\data_lake\raw\macro\USA\NAPMNNO.parquet
2026-07-02 01:43:03 | INFO | src.jobs_xlsx.get_macro_data | Macro data has been downloaded | symbol=NAPMNSD | rows=348 | output_path=C:\Users\Geust\PycharmProjects\AlternativeData\data_lake\raw\macro\USA\NAPMNSD.parquet
2026-07-02 01:43:03 | INFO | src.jobs_xlsx.get_macro_data | Macro data has been downloaded | symbol=JPCPIYOY | rows=663 | output_path=C:\Users\Geust\PycharmProjects\AlternativeData\data_lake\raw\macro\Japan\JPCPIYOY.parquet
2026-07-02 01:43:03 | INFO | src.jobs_xlsx.get_macro_data | Macro data has been downloaded | symbol=CNCPIYOY | rows=483 | output_path=C:\Users\Geust\PycharmProjects\AlternativeData\data_lake\raw\macro\China\CNCPIYOY.parquet
2026-07-02 01:43:03 | INFO | src.jobs_xlsx.get_macro_data | Macro data has been downloaded | symbol=CNCPIYOY | rows=483 | output_path=C:\Users\Geust\PycharmProjects\AlternativeData\data_lake\raw\macro\China\CNCPIYOY.parquet
2026-07-02 01:43:03 | INFO | src.jobs_xlsx.get_macro_data | Macro data has been downloaded | symbol=CPMINDX | rows=258 | output_path=C:\Users\Geust\PycharmProjects\AlternativeData\data_lake\raw\macro\China\CPMINDX.parquet
2026-07-02 01:43:03 | INFO | src.jobs_xlsx.get_macro_data | Macro data has been downloaded | symbol=ADPCHNG | rows=298 | output_path=C:\Users\Geust\PycharmProjects\AlternativeData\data_lake\raw\macro\USA\ADPCHNG.parquet
2026-07-02 01:43:03 | INFO | src.jobs_xlsx.get_macro_data | Macro data has been downloaded | symbol=FDTR | rows=299 | output_path=C:\Users\Geust\PycharmProjects\AlternativeData\data_lake\raw\macro\USA\FDTR.parquet
2026-07-02 01:43:03 | INFO | src.jobs_xlsx.get_macro_data | Macro data has been downloaded | symbol=CONCCONF | rows=676 | output_path=C:\Users\Geust\PycharmProjects\AlternativeData\data_lake\raw\macro\USA\CONCCONF.parquet
2026-07-02 01:43:03 | INFO | src.jobs_xlsx.get_macro_data | Macro data has been downloaded | symbol=CONSSENT | rows=831 | output_path=C:\Users\Geust\PycharmProjects\AlternativeData\data_lake\raw\macro\USA\CONSSENT.parquet
2026-07-02 01:43:03 | INFO | src.jobs_xlsx.get_macro_data | Macro data has been downloaded | symbol=PCECYOY | rows=678 | output_path=C:\Users\Geust\PycharmProjects\AlternativeData\data_lake\raw\macro\USA\PCECYOY.parquet
2026-07-02 01:43:03 | INFO | src.jobs_xlsx.get_macro_data | Macro data has been downloaded | symbol=USURTOT | rows=941 | output_path=C:\Users\Geust\PycharmProjects\AlternativeData\data_lake\raw\macro\USA\USURTOT.parquet
2026-07-02 01:43:04 | INFO | src.jobs_xlsx.get_macro_data | Macro data has been downloaded | symbol=GDPCQQQ | rows=216 | output_path=C:\Users\Geust\PycharmProjects\AlternativeData\data_lake\raw\macro\USA\GDPCQQQ.parquet
2026-07-02 01:43:04 | INFO | src.jobs_xlsx.get_macro_data | Macro data has been downloaded | symbol=CPMINMNS | rows=258 | output_path=C:\Users\Geust\PycharmProjects\AlternativeData\data_lake\raw\macro\China\CPMINMNS.parquet
2026-07-02 01:43:04 | INFO | src.jobs_xlsx.get_macro_data | Macro data has been downloaded | symbol=KOCPIY | rows=679 | output_path=C:\Users\Geust\PycharmProjects\AlternativeData\data_lake\raw\macro\South Korea\.parquet
2026-07-02 01:43:04 | INFO | src.jobs_xlsx.get_macro_data | Macro data has been downloaded | symbol=KOEXTOTY | rows=789 | output_path=C:\Users\Geust\PycharmProjects\AlternativeData\data_lake\raw\macro\South Korea\KOEXTOTY.parquet
2026-07-02 01:43:04 | INFO | src.jobs_xlsx.get_macro_data | Macro data has been downloaded | symbol=KORSLM | rows=192 | output_path=C:\Users\Geust\PycharmProjects\AlternativeData\data_lake\raw\macro\South Korea\KORSLM.parquet
2026-07-02 01:43:04 | INFO | src.jobs_xlsx.get_macro_data | Macro data has been downloaded | symbol=KORP7DR | rows=292 | output_path=C:\Users\Geust\PycharmProjects\AlternativeData\data_lake\raw\macro\South Korea\KORP7DR.parquet
2026-07-02 01:43:04 | INFO | src.jobs_xlsx.get_macro_data | Macro data has been downloaded | symbol=KOM2Y | rows=366 | output_path=C:\Users\Geust\PycharmProjects\AlternativeData\data_lake\raw\macro\South Korea\KOM2Y.parquet
