2026-06-17 11:26:24 | INFO | src.jobs_xlsx.risk.get_volatility_index_from_xlsx | NKVI / VSTOXX volatility data job started | input_dir=C:\Users\krm\PycharmProjects\AlternativeData\data\volatility
2026-06-17 11:26:24 | INFO | src.jobs_xlsx.risk.get_volatility_index_from_xlsx | Volatility Excel loading | symbol=NKVI | input_path=C:\Users\krm\PycharmProjects\AlternativeData\data\volatility\NKVI.xlsx
2026-06-17 11:26:24 | INFO | src.jobs_xlsx.risk.get_volatility_index_from_xlsx | Volatility Excel loaded | symbol=NKVI | rows=6277 | columns=8
2026-06-17 11:26:24 | INFO | src.jobs_xlsx.risk.get_volatility_index_from_xlsx | Volatility Excel loading | symbol=VSTOXX | input_path=C:\Users\krm\PycharmProjects\AlternativeData\data\volatility\VSTOXX.xlsx
2026-06-17 11:26:24 | INFO | src.jobs_xlsx.risk.get_volatility_index_from_xlsx | Volatility Excel loaded | symbol=VSTOXX | rows=5140 | columns=8
2026-06-17 11:26:24 | INFO | src.jobs_xlsx.risk.get_volatility_index_from_xlsx | NKVI / VSTOXX volatility Parquet saved | output_path=C:\Users\krm\PycharmProjects\AlternativeData\data_lake\raw\risk\volatility_excel.parquet | rows=11417
2026-06-18 17:14:43 | INFO | src.jobs_xlsx.risk.get_volatility_index_from_xlsx | NKVI / VSTOXX volatility data job started | input_dir=C:\Users\krm\PycharmProjects\AlternativeData\data\volatility
2026-06-18 17:14:43 | INFO | src.jobs_xlsx.risk.get_volatility_index_from_xlsx | Volatility Excel loading | symbol=NKVI | input_path=C:\Users\krm\PycharmProjects\AlternativeData\data\volatility\NKVI.xlsx
2026-06-18 17:14:44 | INFO | src.jobs_xlsx.risk.get_volatility_index_from_xlsx | Volatility Excel loaded | symbol=NKVI | rows=6278 | columns=8
2026-06-18 17:14:44 | INFO | src.jobs_xlsx.risk.get_volatility_index_from_xlsx | Volatility Excel loading | symbol=VSTOXX | input_path=C:\Users\krm\PycharmProjects\AlternativeData\data\volatility\VSTOXX.xlsx
2026-06-18 17:14:44 | INFO | src.jobs_xlsx.risk.get_volatility_index_from_xlsx | Volatility Excel loaded | symbol=VSTOXX | rows=5141 | columns=8
2026-06-18 17:14:44 | INFO | src.jobs_xlsx.risk.get_volatility_index_from_xlsx | NKVI / VSTOXX volatility Parquet saved | output_path=C:\Users\krm\PycharmProjects\AlternativeData\data_lake\raw\risk\volatility_excel.parquet | rows=11419
2026-06-19 14:05:26 | INFO | src.jobs_xlsx.risk.get_volatility_index_from_xlsx | NKVI / VSTOXX volatility data job started | input_dir=C:\Users\krm\PycharmProjects\AlternativeData\data\volatility
2026-06-19 14:05:26 | INFO | src.jobs_xlsx.risk.get_volatility_index_from_xlsx | Volatility Excel loading | symbol=NKVI | input_path=C:\Users\krm\PycharmProjects\AlternativeData\data\volatility\NKVI.xlsx
2026-06-19 14:05:26 | INFO | src.jobs_xlsx.risk.get_volatility_index_from_xlsx | Volatility Excel loaded | symbol=NKVI | rows=6278 | columns=8
2026-06-19 14:05:26 | INFO | src.jobs_xlsx.risk.get_volatility_index_from_xlsx | Volatility Excel loading | symbol=VSTOXX | input_path=C:\Users\krm\PycharmProjects\AlternativeData\data\volatility\VSTOXX.xlsx
2026-06-19 14:05:27 | INFO | src.jobs_xlsx.risk.get_volatility_index_from_xlsx | Volatility Excel loaded | symbol=VSTOXX | rows=5141 | columns=8
2026-06-19 14:05:27 | INFO | src.jobs_xlsx.risk.get_volatility_index_from_xlsx | NKVI / VSTOXX volatility Parquet saved | output_path=C:\Users\krm\PycharmProjects\AlternativeData\data_lake\raw\risk\volatility_excel.parquet | rows=11419
2026-06-24 14:33:10 | INFO | src.jobs_xlsx.risk.get_volatility_index_from_xlsx | NKVI / VSTOXX volatility data job started | input_dir=C:\Users\krm\PycharmProjects\AlternativeData\data\volatility
2026-06-24 14:33:10 | INFO | src.jobs_xlsx.risk.get_volatility_index_from_xlsx | Volatility Excel loading | symbol=NKVI | input_path=C:\Users\krm\PycharmProjects\AlternativeData\data\volatility\NKVI.xlsx
2026-06-24 14:33:10 | INFO | src.jobs_xlsx.risk.get_volatility_index_from_xlsx | Volatility Excel loaded | symbol=NKVI | rows=6282 | columns=8
2026-06-24 14:33:10 | INFO | src.jobs_xlsx.risk.get_volatility_index_from_xlsx | Volatility Excel loading | symbol=VSTOXX | input_path=C:\Users\krm\PycharmProjects\AlternativeData\data\volatility\VSTOXX.xlsx
2026-06-24 14:33:10 | INFO | src.jobs_xlsx.risk.get_volatility_index_from_xlsx | Volatility Excel loaded | symbol=VSTOXX | rows=5145 | columns=8
2026-06-24 14:33:10 | INFO | src.jobs_xlsx.risk.get_volatility_index_from_xlsx | NKVI / VSTOXX volatility Parquet saved | output_path=C:\Users\krm\PycharmProjects\AlternativeData\data_lake\raw\risk\volatility_excel.parquet | rows=11427
2026-06-24 14:54:32 | INFO | src.jobs_xlsx.risk.get_volatility_index_from_xlsx | NKVI / VSTOXX volatility data job started | input_dir=C:\Users\krm\PycharmProjects\AlternativeData\data\volatility
2026-06-24 14:54:32 | INFO | src.jobs_xlsx.risk.get_volatility_index_from_xlsx | Volatility Excel loading | symbol=NKVI | input_path=C:\Users\krm\PycharmProjects\AlternativeData\data\volatility\NKVI.xlsx
2026-06-24 14:54:32 | INFO | src.jobs_xlsx.risk.get_volatility_index_from_xlsx | Volatility Excel loaded | symbol=NKVI | rows=6282 | columns=8
2026-06-24 14:54:32 | INFO | src.jobs_xlsx.risk.get_volatility_index_from_xlsx | Volatility Excel loading | symbol=VSTOXX | input_path=C:\Users\krm\PycharmProjects\AlternativeData\data\volatility\VSTOXX.xlsx
2026-06-24 14:54:32 | INFO | src.jobs_xlsx.risk.get_volatility_index_from_xlsx | Volatility Excel loaded | symbol=VSTOXX | rows=5145 | columns=8
2026-06-24 14:54:32 | INFO | src.jobs_xlsx.risk.get_volatility_index_from_xlsx | NKVI / VSTOXX volatility Parquet saved | output_path=C:\Users\krm\PycharmProjects\AlternativeData\data_lake\raw\risk\volatility_excel.parquet | rows=11427
2026-06-27 11:21:03 | INFO | src.jobs_xlsx.risk.get_volatility_index_from_xlsx | NKVI / VSTOXX volatility data job started | input_dir=C:\Users\Geust\PycharmProjects\AlternativeData\data\volatility
2026-06-27 11:21:03 | INFO | src.jobs_xlsx.risk.get_volatility_index_from_xlsx | Volatility Excel loading | symbol=NKVI | input_path=C:\Users\Geust\PycharmProjects\AlternativeData\data\volatility\NKVI.xlsx
2026-06-27 11:21:03 | INFO | src.jobs_xlsx.risk.get_volatility_index_from_xlsx | Volatility Excel loaded | symbol=NKVI | rows=6285 | columns=8
2026-06-27 11:21:03 | INFO | src.jobs_xlsx.risk.get_volatility_index_from_xlsx | Volatility Excel loading | symbol=VSTOXX | input_path=C:\Users\Geust\PycharmProjects\AlternativeData\data\volatility\VSTOXX.xlsx
2026-06-27 11:21:04 | INFO | src.jobs_xlsx.risk.get_volatility_index_from_xlsx | Volatility Excel loaded | symbol=VSTOXX | rows=5147 | columns=8
2026-06-27 11:21:04 | INFO | src.jobs_xlsx.risk.get_volatility_index_from_xlsx | NKVI / VSTOXX volatility Parquet saved | output_path=C:\Users\Geust\PycharmProjects\AlternativeData\data_lake\raw\risk\volatility_excel.parquet | rows=11432
2026-06-27 15:21:42 | INFO | src.jobs_xlsx.risk.get_volatility_index_from_xlsx | NKVI / VSTOXX volatility data job started | input_dir=/Users/tommy/Desktop/Pycharm/FinancialData/data/volatility
2026-06-27 15:21:42 | INFO | src.jobs_xlsx.risk.get_volatility_index_from_xlsx | Volatility Excel loading | symbol=NKVI | input_path=/Users/tommy/Desktop/Pycharm/FinancialData/data/volatility/NKVI.xlsx
2026-06-27 15:21:42 | INFO | src.jobs_xlsx.risk.get_volatility_index_from_xlsx | Volatility Excel loaded | symbol=NKVI | rows=6285 | columns=8
2026-06-27 15:21:42 | INFO | src.jobs_xlsx.risk.get_volatility_index_from_xlsx | Volatility Excel loading | symbol=VSTOXX | input_path=/Users/tommy/Desktop/Pycharm/FinancialData/data/volatility/VSTOXX.xlsx
2026-06-27 15:21:42 | INFO | src.jobs_xlsx.risk.get_volatility_index_from_xlsx | Volatility Excel loaded | symbol=VSTOXX | rows=5147 | columns=8
2026-06-27 15:21:42 | INFO | src.jobs_xlsx.risk.get_volatility_index_from_xlsx | NKVI / VSTOXX volatility Parquet saved | output_path=/Users/tommy/Desktop/Pycharm/FinancialData/data_lake/raw/risk/volatility_excel.parquet | rows=11432
