2026-06-14 17:03:19 | INFO | src.jobs_xlsx.trendforce.get_dx_dram_index | DXI data job started | input_path=/Users/tommy/Desktop/Pycharm/FinancialData/data/industry/TrendForce/Index.xlsx | sheet=DXI
2026-06-14 17:03:19 | INFO | src.jobs_xlsx.trendforce.get_dx_dram_index | DXI Excel sheet loaded | rows=4377 | columns=6
2026-06-14 17:03:19 | INFO | src.jobs_xlsx.trendforce.get_dx_dram_index | DXI Parquet saved | output_path=/Users/tommy/Desktop/Pycharm/FinancialData/data_lake/raw/industry/trendforce/dxi.parquet | rows=4377
2026-06-14 19:40:48 | INFO | src.jobs_xlsx.trendforce.get_dx_dram_index | DXI data job started | input_path=/Users/tommy/Desktop/Pycharm/FinancialData/data/industry/TrendForce/Index.xlsx | sheet=DXI
2026-06-14 19:40:48 | INFO | src.jobs_xlsx.trendforce.get_dx_dram_index | DXI Excel sheet loaded | rows=4377 | columns=6
2026-06-14 19:40:48 | INFO | src.jobs_xlsx.trendforce.get_dx_dram_index | DXI Parquet saved | output_path=/Users/tommy/Desktop/Pycharm/FinancialData/data_lake/raw/industry/trendforce/dxi.parquet | rows=4377
2026-06-14 19:43:19 | INFO | src.jobs_xlsx.trendforce.get_dx_dram_index | DXI data job started | input_path=/Users/tommy/Desktop/Pycharm/FinancialData/data/industry/TrendForce/Index.xlsx | sheet=DXI
2026-06-14 19:43:19 | INFO | src.jobs_xlsx.trendforce.get_dx_dram_index | DXI Excel sheet loaded | rows=4377 | columns=6
2026-06-14 19:43:19 | INFO | src.jobs_xlsx.trendforce.get_dx_dram_index | DXI Parquet saved | output_path=/Users/tommy/Desktop/Pycharm/FinancialData/data_lake/raw/industry/trendforce/dxi.parquet | rows=4377
2026-06-14 19:46:31 | INFO | src.jobs_xlsx.trendforce.get_dx_dram_index | DXI data job started | input_path=/Users/tommy/Desktop/Pycharm/FinancialData/data/industry/TrendForce/Index.xlsx | sheet=DXI
2026-06-14 19:46:31 | INFO | src.jobs_xlsx.trendforce.get_dx_dram_index | DXI Excel sheet loaded | rows=4377 | columns=6
2026-06-14 19:46:31 | INFO | src.jobs_xlsx.trendforce.get_dx_dram_index | DXI Parquet saved | output_path=/Users/tommy/Desktop/Pycharm/FinancialData/data_lake/raw/industry/trendforce/dxi.parquet | rows=4377
2026-06-15 09:10:15 | INFO | src.jobs_xlsx.trendforce.get_dx_dram_index | DXI data job started | input_path=C:\Users\krm\PycharmProjects\AlternativeData\data\industry\TrendForce\Index.xlsx | sheet=DXI
2026-06-15 09:10:15 | INFO | src.jobs_xlsx.trendforce.get_dx_dram_index | DXI Excel sheet loaded | rows=4377 | columns=6
2026-06-15 09:10:15 | INFO | src.jobs_xlsx.trendforce.get_dx_dram_index | DXI Parquet saved | output_path=C:\Users\krm\PycharmProjects\AlternativeData\data_lake\raw\industry\trendforce\dxi.parquet | rows=4377
2026-06-15 09:12:39 | INFO | src.jobs_xlsx.trendforce.get_dx_dram_index | DXI data job started | input_path=C:\Users\krm\PycharmProjects\AlternativeData\data\industry\TrendForce\Index.xlsx | sheet=DXI
2026-06-15 09:12:39 | INFO | src.jobs_xlsx.trendforce.get_dx_dram_index | DXI Excel sheet loaded | rows=4377 | columns=6
2026-06-15 09:12:39 | INFO | src.jobs_xlsx.trendforce.get_dx_dram_index | DXI Parquet saved | output_path=C:\Users\krm\PycharmProjects\AlternativeData\data_lake\raw\industry\trendforce\dxi.parquet | rows=4377
2026-06-15 09:15:15 | INFO | src.jobs_xlsx.trendforce.get_dx_dram_index | DXI data job started | input_path=C:\Users\krm\PycharmProjects\AlternativeData\data\industry\TrendForce\Index.xlsx | sheet=DXI
2026-06-15 09:15:15 | INFO | src.jobs_xlsx.trendforce.get_dx_dram_index | DXI Excel sheet loaded | rows=4377 | columns=6
2026-06-15 09:15:15 | INFO | src.jobs_xlsx.trendforce.get_dx_dram_index | DXI Parquet saved | output_path=C:\Users\krm\PycharmProjects\AlternativeData\data_lake\raw\industry\trendforce\dxi.parquet | rows=4377
2026-06-15 17:37:22 | INFO | src.jobs_xlsx.trendforce.get_dx_dram_index | DXI data job started | input_path=C:\Users\krm\PycharmProjects\AlternativeData\data\industry\TrendForce\Index.xlsx | sheet=DXI
2026-06-15 17:37:23 | INFO | src.jobs_xlsx.trendforce.get_dx_dram_index | DXI Excel sheet loaded | rows=4377 | columns=6
2026-06-15 17:37:23 | INFO | src.jobs_xlsx.trendforce.get_dx_dram_index | DXI Parquet saved | output_path=C:\Users\krm\PycharmProjects\AlternativeData\data_lake\raw\industry\trendforce\dxi.parquet | rows=4377
2026-06-15 17:41:14 | INFO | src.jobs_xlsx.trendforce.get_dx_dram_index | DXI data job started | input_path=C:\Users\krm\PycharmProjects\AlternativeData\data\industry\TrendForce\Index.xlsx | sheet=DXI
2026-06-15 17:41:15 | INFO | src.jobs_xlsx.trendforce.get_dx_dram_index | DXI Excel sheet loaded | rows=4377 | columns=6
2026-06-15 17:41:15 | INFO | src.jobs_xlsx.trendforce.get_dx_dram_index | DXI Parquet saved | output_path=C:\Users\krm\PycharmProjects\AlternativeData\data_lake\raw\industry\trendforce\dxi.parquet | rows=4377
2026-06-16 10:46:22 | INFO | src.jobs_xlsx.trendforce.get_dx_dram_index | DXI data job started | input_path=C:\Users\krm\PycharmProjects\AlternativeData\data\industry\TrendForce\Index.xlsx | sheet=DXI
2026-06-16 10:46:22 | INFO | src.jobs_xlsx.trendforce.get_dx_dram_index | DXI Excel sheet loaded | rows=4377 | columns=6
2026-06-16 10:46:22 | INFO | src.jobs_xlsx.trendforce.get_dx_dram_index | DXI Parquet saved | output_path=C:\Users\krm\PycharmProjects\AlternativeData\data_lake\raw\industry\trendforce\dxi.parquet | rows=4377
2026-06-16 11:01:44 | INFO | src.jobs_xlsx.trendforce.get_dx_dram_index | DXI data job started | input_path=C:\Users\krm\PycharmProjects\AlternativeData\data\industry\TrendForce\Index.xlsx | sheet=DXI
2026-06-16 11:01:44 | INFO | src.jobs_xlsx.trendforce.get_dx_dram_index | DXI Excel sheet loaded | rows=4377 | columns=6
2026-06-16 11:01:44 | INFO | src.jobs_xlsx.trendforce.get_dx_dram_index | DXI Parquet saved | output_path=C:\Users\krm\PycharmProjects\AlternativeData\data_lake\raw\industry\trendforce\dxi.parquet | rows=4377
2026-06-16 13:22:13 | INFO | src.jobs_xlsx.trendforce.get_dx_dram_index | DXI data job started | input_path=C:\Users\krm\PycharmProjects\AlternativeData\data\industry\TrendForce\Index.xlsx | sheet=DXI
2026-06-16 13:22:14 | INFO | src.jobs_xlsx.trendforce.get_dx_dram_index | DXI Excel sheet loaded | rows=4377 | columns=6
2026-06-16 13:22:14 | INFO | src.jobs_xlsx.trendforce.get_dx_dram_index | DXI Parquet saved | output_path=C:\Users\krm\PycharmProjects\AlternativeData\data_lake\raw\industry\trendforce\dxi.parquet | rows=4377
2026-06-16 13:28:26 | INFO | src.jobs_xlsx.trendforce.get_dx_dram_index | DXI data job started | input_path=C:\Users\krm\PycharmProjects\AlternativeData\data\industry\TrendForce\Index.xlsx | sheet=DXI
2026-06-16 13:28:27 | INFO | src.jobs_xlsx.trendforce.get_dx_dram_index | DXI Excel sheet loaded | rows=4377 | columns=6
2026-06-16 13:28:27 | INFO | src.jobs_xlsx.trendforce.get_dx_dram_index | DXI Parquet saved | output_path=C:\Users\krm\PycharmProjects\AlternativeData\data_lake\raw\industry\trendforce\dxi.parquet | rows=4377
2026-06-16 13:36:29 | INFO | src.jobs_xlsx.trendforce.get_dx_dram_index | DXI data job started | input_path=C:\Users\krm\PycharmProjects\AlternativeData\data\industry\TrendForce\Index.xlsx | sheet=DXI
2026-06-16 13:36:30 | INFO | src.jobs_xlsx.trendforce.get_dx_dram_index | DXI Excel sheet loaded | rows=4377 | columns=6
2026-06-16 13:36:30 | INFO | src.jobs_xlsx.trendforce.get_dx_dram_index | DXI Parquet saved | output_path=C:\Users\krm\PycharmProjects\AlternativeData\data_lake\raw\industry\trendforce\dxi.parquet | rows=4377
2026-06-16 13:39:05 | INFO | src.jobs_xlsx.trendforce.get_dx_dram_index | DXI data job started | input_path=C:\Users\krm\PycharmProjects\AlternativeData\data\industry\TrendForce\Index.xlsx | sheet=DXI
2026-06-16 13:39:05 | INFO | src.jobs_xlsx.trendforce.get_dx_dram_index | DXI Excel sheet loaded | rows=4377 | columns=6
2026-06-16 13:39:06 | INFO | src.jobs_xlsx.trendforce.get_dx_dram_index | DXI Parquet saved | output_path=C:\Users\krm\PycharmProjects\AlternativeData\data_lake\raw\industry\trendforce\dxi.parquet | rows=4377
2026-06-16 13:48:08 | INFO | src.jobs_xlsx.trendforce.get_dx_dram_index | DXI data job started | input_path=C:\Users\krm\PycharmProjects\AlternativeData\data\industry\TrendForce\Index.xlsx | sheet=DXI
2026-06-16 13:48:08 | INFO | src.jobs_xlsx.trendforce.get_dx_dram_index | DXI Excel sheet loaded | rows=4377 | columns=6
2026-06-16 13:48:08 | INFO | src.jobs_xlsx.trendforce.get_dx_dram_index | DXI Parquet saved | output_path=C:\Users\krm\PycharmProjects\AlternativeData\data_lake\raw\industry\index\dxi.parquet | rows=4377
2026-06-16 13:49:18 | INFO | src.jobs_xlsx.trendforce.get_dx_dram_index | DXI data job started | input_path=C:\Users\krm\PycharmProjects\AlternativeData\data\industry\TrendForce\Index.xlsx | sheet=DXI
2026-06-16 13:49:19 | INFO | src.jobs_xlsx.trendforce.get_dx_dram_index | DXI Excel sheet loaded | rows=4377 | columns=6
2026-06-16 13:49:19 | INFO | src.jobs_xlsx.trendforce.get_dx_dram_index | DXI Parquet saved | output_path=C:\Users\krm\PycharmProjects\AlternativeData\data_lake\raw\industry\index\dxi.parquet | rows=4377
2026-06-17 10:38:05 | INFO | src.jobs_xlsx.trendforce.get_dx_dram_index | DXI data job started | input_path=C:\Users\krm\PycharmProjects\AlternativeData\data\industry\TrendForce\Index.xlsx | sheet=DXI
2026-06-17 10:38:05 | INFO | src.jobs_xlsx.trendforce.get_dx_dram_index | DXI Excel sheet loaded | rows=4377 | columns=6
2026-06-17 10:38:05 | INFO | src.jobs_xlsx.trendforce.get_dx_dram_index | DXI Parquet saved | output_path=C:\Users\krm\PycharmProjects\AlternativeData\data_lake\raw\industry\index\dxi.parquet | rows=4377
2026-06-18 17:14:44 | INFO | src.jobs_xlsx.trendforce.get_dx_dram_index | DXI data job started | input_path=C:\Users\krm\PycharmProjects\AlternativeData\data\industry\TrendForce\Index.xlsx | sheet=DXI
2026-06-18 17:14:44 | INFO | src.jobs_xlsx.trendforce.get_dx_dram_index | DXI Excel sheet loaded | rows=4377 | columns=6
2026-06-18 17:14:44 | INFO | src.jobs_xlsx.trendforce.get_dx_dram_index | DXI Parquet saved | output_path=C:\Users\krm\PycharmProjects\AlternativeData\data_lake\raw\industry\index\dxi.parquet | rows=4377
2026-06-19 14:05:27 | INFO | src.jobs_xlsx.trendforce.get_dx_dram_index | DXI data job started | input_path=C:\Users\krm\PycharmProjects\AlternativeData\data\industry\TrendForce\Index.xlsx | sheet=DXI
2026-06-19 14:05:27 | INFO | src.jobs_xlsx.trendforce.get_dx_dram_index | DXI Excel sheet loaded | rows=4377 | columns=6
2026-06-19 14:05:27 | INFO | src.jobs_xlsx.trendforce.get_dx_dram_index | DXI Parquet saved | output_path=C:\Users\krm\PycharmProjects\AlternativeData\data_lake\raw\industry\index\dxi.parquet | rows=4377
2026-06-24 14:33:10 | INFO | src.jobs_xlsx.trendforce.get_dx_dram_index | DXI data job started | input_path=C:\Users\krm\PycharmProjects\AlternativeData\data\industry\TrendForce\Index.xlsx | sheet=DXI
2026-06-24 14:33:10 | INFO | src.jobs_xlsx.trendforce.get_dx_dram_index | DXI Excel sheet loaded | rows=4384 | columns=6
2026-06-24 14:33:10 | INFO | src.jobs_xlsx.trendforce.get_dx_dram_index | DXI Parquet saved | output_path=C:\Users\krm\PycharmProjects\AlternativeData\data_lake\raw\industry\index\dxi.parquet | rows=4384
2026-06-24 14:54:32 | INFO | src.jobs_xlsx.trendforce.get_dx_dram_index | DXI data job started | input_path=C:\Users\krm\PycharmProjects\AlternativeData\data\industry\TrendForce\Index.xlsx | sheet=DXI
2026-06-24 14:54:33 | INFO | src.jobs_xlsx.trendforce.get_dx_dram_index | DXI Excel sheet loaded | rows=4384 | columns=6
2026-06-24 14:54:33 | INFO | src.jobs_xlsx.trendforce.get_dx_dram_index | DXI Parquet saved | output_path=C:\Users\krm\PycharmProjects\AlternativeData\data_lake\raw\industry\index\dxi.parquet | rows=4384
2026-06-27 11:21:04 | INFO | src.jobs_xlsx.trendforce.get_dx_dram_index | DXI data job started | input_path=C:\Users\Geust\PycharmProjects\AlternativeData\data\industry\TrendForce\Index.xlsx | sheet=DXI
2026-06-27 11:21:04 | INFO | src.jobs_xlsx.trendforce.get_dx_dram_index | DXI Excel sheet loaded | rows=4384 | columns=6
2026-06-27 11:21:04 | INFO | src.jobs_xlsx.trendforce.get_dx_dram_index | DXI Parquet saved | output_path=C:\Users\Geust\PycharmProjects\AlternativeData\data_lake\raw\industry\index\dxi.parquet | rows=4384
2026-06-27 15:21:42 | INFO | src.jobs_xlsx.trendforce.get_dx_dram_index | DXI data job started | input_path=/Users/tommy/Desktop/Pycharm/FinancialData/data/industry/TrendForce/Index.xlsx | sheet=DXI
2026-06-27 15:21:42 | INFO | src.jobs_xlsx.trendforce.get_dx_dram_index | DXI Excel sheet loaded | rows=4384 | columns=6
2026-06-27 15:21:42 | INFO | src.jobs_xlsx.trendforce.get_dx_dram_index | DXI Parquet saved | output_path=/Users/tommy/Desktop/Pycharm/FinancialData/data_lake/raw/industry/index/dxi.parquet | rows=4384
2026-06-27 21:17:58 | INFO | src.jobs_xlsx.trendforce.get_dx_dram_index | DXI data job started | input_path=/Users/tommy/Desktop/Pycharm/FinancialData/data/industry/TrendForce/Index.xlsx | sheet=DXI
2026-06-27 21:18:00 | INFO | src.jobs_xlsx.trendforce.get_dx_dram_index | DXI Excel sheet loaded | rows=4384 | columns=6
2026-06-27 21:18:00 | INFO | src.jobs_xlsx.trendforce.get_dx_dram_index | DXI Parquet saved | output_path=/Users/tommy/Desktop/Pycharm/FinancialData/data_lake/raw/industry/index/dxi.parquet | rows=4384
2026-06-27 21:20:32 | INFO | src.jobs_xlsx.trendforce.get_dx_dram_index | DXI data job started | input_path=/Users/tommy/Desktop/Pycharm/FinancialData/data/industry/TrendForce/Index.xlsx | sheet=DXI
2026-06-27 21:20:33 | INFO | src.jobs_xlsx.trendforce.get_dx_dram_index | DXI Excel sheet loaded | rows=4384 | columns=6
2026-06-27 21:20:33 | INFO | src.jobs_xlsx.trendforce.get_dx_dram_index | DXI Parquet saved | output_path=/Users/tommy/Desktop/Pycharm/FinancialData/data_lake/raw/industry/index/dxi.parquet | rows=4384
2026-06-27 21:36:16 | INFO | src.jobs_xlsx.trendforce.get_dx_dram_index | DXI data job started | input_path=/Users/tommy/Desktop/Pycharm/FinancialData/data/industry/TrendForce/Index.xlsx | sheet=DXI
2026-06-27 21:36:17 | INFO | src.jobs_xlsx.trendforce.get_dx_dram_index | DXI Excel sheet loaded | rows=4384 | columns=6
2026-06-27 21:36:17 | INFO | src.jobs_xlsx.trendforce.get_dx_dram_index | DXI Parquet saved | output_path=/Users/tommy/Desktop/Pycharm/FinancialData/data_lake/raw/industry/index/dxi.parquet | rows=4384
2026-06-29 13:36:37 | INFO | src.jobs_xlsx.trendforce.get_dx_dram_index | DXI data job started | input_path=C:\Users\krm\PycharmProjects\AlternativeData\data\industry\TrendForce\Index.xlsx | sheet=DXI
2026-06-29 13:36:38 | INFO | src.jobs_xlsx.trendforce.get_dx_dram_index | DXI Excel sheet loaded | rows=4384 | columns=6
2026-06-29 13:36:38 | INFO | src.jobs_xlsx.trendforce.get_dx_dram_index | DXI Parquet saved | output_path=C:\Users\krm\PycharmProjects\AlternativeData\data_lake\raw\industry\index\dxi.parquet | rows=4384
2026-06-29 18:08:18 | INFO | src.jobs_xlsx.trendforce.get_dx_dram_index | DXI data job started | input_path=C:\Users\krm\PycharmProjects\AlternativeData\data\industry\TrendForce\Index.xlsx | sheet=DXI
2026-06-29 18:08:19 | INFO | src.jobs_xlsx.trendforce.get_dx_dram_index | DXI Excel sheet loaded | rows=4384 | columns=6
2026-06-29 18:08:19 | INFO | src.jobs_xlsx.trendforce.get_dx_dram_index | DXI Parquet saved | output_path=C:\Users\krm\PycharmProjects\AlternativeData\data_lake\raw\industry\index\dxi.parquet | rows=4384
2026-06-30 11:23:30 | INFO | src.jobs_xlsx.trendforce.get_dx_dram_index | DXI data job started | input_path=C:\Users\krm\PycharmProjects\AlternativeData\data\industry\TrendForce\Index.xlsx | sheet=DXI
2026-06-30 11:23:30 | INFO | src.jobs_xlsx.trendforce.get_dx_dram_index | DXI Excel sheet loaded | rows=4384 | columns=6
2026-06-30 11:23:30 | INFO | src.jobs_xlsx.trendforce.get_dx_dram_index | DXI Parquet saved | output_path=C:\Users\krm\PycharmProjects\AlternativeData\data_lake\raw\industry\index\dxi.parquet | rows=4384
2026-07-02 01:42:50 | INFO | src.jobs_xlsx.trendforce.get_dx_dram_index | DXI data job started | input_path=C:\Users\Geust\PycharmProjects\AlternativeData\data\industry\TrendForce\Index.xlsx | sheet=DXI
2026-07-02 01:42:50 | INFO | src.jobs_xlsx.trendforce.get_dx_dram_index | DXI Excel sheet loaded | rows=4388 | columns=6
2026-07-02 01:42:50 | INFO | src.jobs_xlsx.trendforce.get_dx_dram_index | DXI Parquet saved | output_path=C:\Users\Geust\PycharmProjects\AlternativeData\data_lake\raw\industry\index\dxi.parquet | rows=4388
