2026-06-13 22:09:38 | INFO | src.jobs_api.get_volatility_index | Volatility data job started | metadata_path=/Users/tommy/Desktop/Pycharm/FinancialData/data/metadata.xlsx
2026-06-13 22:09:38 | INFO | src.jobs_api.get_volatility_index | Volatility metadata loaded | symbols=14 | excluded_countries=['Europe', 'Japan']
2026-06-13 22:09:38 | INFO | src.jobs_api.get_volatility_index | TradingView request prepared | tickers=14
2026-06-13 22:10:46 | INFO | src.jobs_api.get_volatility_index | TradingView data collected | rows=9208 | columns=60
2026-06-13 22:10:46 | INFO | src.jobs_api.get_volatility_index | Volatility Parquet saved | output_path=/Users/tommy/Desktop/Pycharm/FinancialData/data_lake/raw/risk/volatility.parquet | rows=52793
2026-06-13 22:11:20 | INFO | src.jobs_api.get_volatility_index | Volatility data job started | metadata_path=/Users/tommy/Desktop/Pycharm/FinancialData/data/metadata.xlsx
2026-06-13 22:11:20 | INFO | src.jobs_api.get_volatility_index | Volatility metadata loaded | symbols=14 | excluded_countries=['Europe', 'Japan']
2026-06-13 22:11:20 | INFO | src.jobs_api.get_volatility_index | TradingView request prepared | tickers=14
2026-06-13 22:11:34 | INFO | src.jobs_api.get_volatility_index | TradingView data collected | rows=9297 | columns=70
2026-06-13 22:11:34 | INFO | src.jobs_api.get_volatility_index | Volatility Parquet saved | output_path=/Users/tommy/Desktop/Pycharm/FinancialData/data_lake/raw/risk/volatility.parquet | rows=59834
2026-06-16 11:01:27 | INFO | src.jobs_api.risk.get_volatility_index | Volatility data job started | metadata_path=C:\Users\krm\PycharmProjects\AlternativeData\data\metadata.xlsx
2026-06-16 11:01:27 | INFO | src.jobs_api.risk.get_volatility_index | Volatility metadata loaded | symbols=14 | excluded_countries=['Europe', 'Japan']
2026-06-16 11:01:27 | INFO | src.jobs_api.risk.get_volatility_index | TradingView request prepared | tickers=14
2026-06-16 11:01:44 | INFO | src.jobs_api.risk.get_volatility_index | TradingView data collected | rows=9299 | columns=70
2026-06-16 11:01:44 | INFO | src.jobs_api.risk.get_volatility_index | Volatility Parquet saved | output_path=C:\Users\krm\PycharmProjects\AlternativeData\data_lake\raw\risk\volatility.parquet | rows=59850
2026-06-17 10:37:53 | INFO | src.jobs_api.risk.get_volatility_index | Volatility data job started | metadata_path=C:\Users\krm\PycharmProjects\AlternativeData\data\metadata.xlsx
2026-06-17 10:37:53 | INFO | src.jobs_api.risk.get_volatility_index | Volatility metadata loaded | symbols=14 | excluded_countries=['Europe', 'Japan']
2026-06-17 10:37:53 | INFO | src.jobs_api.risk.get_volatility_index | TradingView request prepared | tickers=14
2026-06-17 10:38:04 | INFO | src.jobs_api.risk.get_volatility_index | TradingView data collected | rows=9300 | columns=70
2026-06-17 10:38:05 | INFO | src.jobs_api.risk.get_volatility_index | Volatility Parquet saved | output_path=C:\Users\krm\PycharmProjects\AlternativeData\data_lake\raw\risk\volatility.parquet | rows=59864
2026-06-17 11:26:14 | INFO | src.jobs_api.risk.get_volatility_index | Volatility data job started | metadata_path=C:\Users\krm\PycharmProjects\AlternativeData\data\metadata.xlsx
2026-06-17 11:26:14 | INFO | src.jobs_api.risk.get_volatility_index | Volatility metadata loaded | symbols=14 | excluded_countries=['Europe', 'Japan']
2026-06-17 11:26:14 | INFO | src.jobs_api.risk.get_volatility_index | TradingView request prepared | tickers=14
2026-06-17 11:26:23 | INFO | src.jobs_api.risk.get_volatility_index | TradingView data collected | rows=9300 | columns=70
2026-06-17 11:26:24 | INFO | src.jobs_api.risk.get_volatility_index | Volatility Parquet saved | output_path=C:\Users\krm\PycharmProjects\AlternativeData\data_lake\raw\risk\volatility.parquet | rows=59864
2026-06-18 17:14:11 | INFO | src.jobs_api.risk.get_volatility_index | Volatility data job started | metadata_path=C:\Users\krm\PycharmProjects\AlternativeData\data\metadata.xlsx
2026-06-18 17:14:11 | INFO | src.jobs_api.risk.get_volatility_index | Volatility metadata loaded | symbols=14 | excluded_countries=['Europe', 'Japan']
2026-06-18 17:14:11 | INFO | src.jobs_api.risk.get_volatility_index | TradingView request prepared | tickers=14
2026-06-18 17:14:43 | INFO | src.jobs_api.risk.get_volatility_index | TradingView data collected | rows=9301 | columns=70
2026-06-18 17:14:43 | INFO | src.jobs_api.risk.get_volatility_index | Volatility Parquet saved | output_path=C:\Users\krm\PycharmProjects\AlternativeData\data_lake\raw\risk\volatility.parquet | rows=59879
