2026-06-15 17:43:28 | INFO | yfinance_index_job | Starting download yfinance index data.
2026-06-15 17:43:28 | INFO | yfinance_index_job | yfinance index metadata loaded | symbols=16
2026-06-15 17:43:28 | INFO | yfinance_index_job | yfinance index download target prepared | tickers=16
2026-06-15 17:43:28 | INFO | yfinance_index_job | yfinance download started | tickers=16
2026-06-15 17:43:35 | INFO | yfinance_index_job | yfinance download completed | rows=25232 | columns=80
2026-06-15 17:43:37 | INFO | yfinance_index_job | All yfinance index data has been downloaded | output_path=data_lake\raw\index\yfinance_index.parquet | rows=157295 | symbols=16
2026-06-16 10:45:55 | INFO | yfinance_index_job | Starting download yfinance index data.
2026-06-16 10:45:56 | INFO | yfinance_index_job | yfinance index metadata loaded | symbols=16
2026-06-16 10:45:56 | INFO | yfinance_index_job | yfinance index download target prepared | tickers=16
2026-06-16 10:45:56 | INFO | yfinance_index_job | yfinance download started | tickers=16
2026-06-16 10:46:06 | INFO | yfinance_index_job | yfinance download completed | rows=25233 | columns=80
2026-06-16 10:46:11 | INFO | yfinance_index_job | All yfinance index data has been downloaded | output_path=data_lake\raw\index\yfinance_index.parquet | rows=157310 | symbols=16
2026-06-16 11:01:07 | INFO | yfinance_index_job | Starting download yfinance index data.
2026-06-16 11:01:07 | INFO | yfinance_index_job | yfinance index metadata loaded | symbols=16
2026-06-16 11:01:07 | INFO | yfinance_index_job | yfinance index download target prepared | tickers=16
2026-06-16 11:01:07 | INFO | yfinance_index_job | yfinance download started | tickers=16
2026-06-16 11:01:10 | INFO | yfinance_index_job | yfinance download completed | rows=25233 | columns=80
2026-06-16 11:01:11 | INFO | yfinance_index_job | All yfinance index data has been downloaded | output_path=data_lake\raw\index\yfinance_index.parquet | rows=157310 | symbols=16
2026-06-17 10:37:30 | INFO | yfinance_index_job | Starting download yfinance index data.
2026-06-17 10:37:30 | INFO | yfinance_index_job | yfinance index metadata loaded | symbols=16
2026-06-17 10:37:30 | INFO | yfinance_index_job | yfinance index download target prepared | tickers=16
2026-06-17 10:37:30 | INFO | yfinance_index_job | yfinance download started | tickers=16
2026-06-17 10:37:38 | INFO | yfinance_index_job | yfinance download completed | rows=25234 | columns=80
2026-06-17 10:37:41 | INFO | yfinance_index_job | All yfinance index data has been downloaded | output_path=data_lake\raw\index\yfinance_index.parquet | rows=157317 | symbols=16
2026-06-18 17:13:41 | INFO | yfinance_index_job | Starting download yfinance index data.
2026-06-18 17:13:42 | INFO | yfinance_index_job | yfinance index metadata loaded | symbols=16
2026-06-18 17:13:42 | INFO | yfinance_index_job | yfinance index download target prepared | tickers=16
2026-06-18 17:13:42 | INFO | yfinance_index_job | yfinance download started | tickers=16
2026-06-18 17:13:50 | INFO | yfinance_index_job | yfinance download completed | rows=25235 | columns=80
2026-06-18 17:13:53 | INFO | yfinance_index_job | All yfinance index data has been downloaded | output_path=data_lake\raw\index\yfinance_index.parquet | rows=157323 | symbols=16
